[2025-05-13 14:49:22Z INFO HostContext] No proxy settings were found based on environmental variables (http_proxy/https_proxy/HTTP_PROXY/HTTPS_PROXY)
[2025-05-13 14:49:22Z INFO HostContext] Well known directory 'Bin': 'D:\VTI Academy\DTN2404\Spring Framework\blog-app\actions-runner\bin'
[2025-05-13 14:49:22Z INFO HostContext] Well known directory 'Root': 'D:\VTI Academy\DTN2404\Spring Framework\blog-app\actions-runner'
[2025-05-13 14:49:22Z INFO HostContext] Well known config file 'Credentials': 'D:\VTI Academy\DTN2404\Spring Framework\blog-app\actions-runner\.credentials'
[2025-05-13 14:49:23Z INFO HostContext] Well known directory 'Bin': 'D:\VTI Academy\DTN2404\Spring Framework\blog-app\actions-runner\bin'
[2025-05-13 14:49:23Z INFO HostContext] Well known directory 'Root': 'D:\VTI Academy\DTN2404\Spring Framework\blog-app\actions-runner'
[2025-05-13 14:49:23Z INFO HostContext] Well known config file 'Runner': 'D:\VTI Academy\DTN2404\Spring Framework\blog-app\actions-runner\.runner'
[2025-05-13 14:49:23Z INFO Listener] Runner is built for Windows (X64) - win-x64.
[2025-05-13 14:49:23Z INFO Listener] RuntimeInformation: Microsoft Windows 10.0.26100.
[2025-05-13 14:49:23Z INFO Listener] Version: 2.323.0
[2025-05-13 14:49:23Z INFO Listener] Commit: d8b82f44a9ec0258904d5869ae683c31d5aac299
[2025-05-13 14:49:23Z INFO Listener] Culture: en-US
[2025-05-13 14:49:23Z INFO Listener] UI Culture: en-US
[2025-05-13 14:49:23Z INFO HostContext] Well known directory 'Bin': 'D:\VTI Academy\DTN2404\Spring Framework\blog-app\actions-runner\bin'
[2025-05-13 14:49:23Z INFO HostContext] Well known directory 'Root': 'D:\VTI Academy\DTN2404\Spring Framework\blog-app\actions-runner'
[2025-05-13 14:49:23Z INFO Listener] Validating directory permissions for: 'D:\VTI Academy\DTN2404\Spring Framework\blog-app\actions-runner'
[2025-05-13 14:49:23Z INFO CommandLineParser] Parse
[2025-05-13 14:49:23Z INFO CommandLineParser] Parsing 1 args
[2025-05-13 14:49:23Z INFO CommandLineParser] parsing argument
[2025-05-13 14:49:23Z INFO CommandLineParser] HasArgs: False
[2025-05-13 14:49:23Z INFO CommandLineParser] Adding Command: run
[2025-05-13 14:49:23Z INFO Listener] Arguments parsed
[2025-05-13 14:49:23Z INFO Runner] ExecuteCommand
[2025-05-13 14:49:23Z INFO ConfigurationStore] currentAssemblyLocation: D:\VTI Academy\DTN2404\Spring Framework\blog-app\actions-runner\bin\Runner.Listener.dll
[2025-05-13 14:49:23Z INFO HostContext] Well known directory 'Bin': 'D:\VTI Academy\DTN2404\Spring Framework\blog-app\actions-runner\bin'
[2025-05-13 14:49:23Z INFO ConfigurationStore] binPath: D:\VTI Academy\DTN2404\Spring Framework\blog-app\actions-runner\bin
[2025-05-13 14:49:23Z INFO HostContext] Well known directory 'Bin': 'D:\VTI Academy\DTN2404\Spring Framework\blog-app\actions-runner\bin'
[2025-05-13 14:49:23Z INFO HostContext] Well known directory 'Root': 'D:\VTI Academy\DTN2404\Spring Framework\blog-app\actions-runner'
[2025-05-13 14:49:23Z INFO ConfigurationStore] RootFolder: D:\VTI Academy\DTN2404\Spring Framework\blog-app\actions-runner
[2025-05-13 14:49:23Z INFO HostContext] Well known directory 'Bin': 'D:\VTI Academy\DTN2404\Spring Framework\blog-app\actions-runner\bin'
[2025-05-13 14:49:23Z INFO HostContext] Well known directory 'Root': 'D:\VTI Academy\DTN2404\Spring Framework\blog-app\actions-runner'
[2025-05-13 14:49:23Z INFO HostContext] Well known config file 'Runner': 'D:\VTI Academy\DTN2404\Spring Framework\blog-app\actions-runner\.runner'
[2025-05-13 14:49:23Z INFO ConfigurationStore] ConfigFilePath: D:\VTI Academy\DTN2404\Spring Framework\blog-app\actions-runner\.runner
[2025-05-13 14:49:23Z INFO HostContext] Well known directory 'Bin': 'D:\VTI Academy\DTN2404\Spring Framework\blog-app\actions-runner\bin'
[2025-05-13 14:49:23Z INFO HostContext] Well known directory 'Root': 'D:\VTI Academy\DTN2404\Spring Framework\blog-app\actions-runner'
[2025-05-13 14:49:23Z INFO HostContext] Well known config file 'MigratedRunner': 'D:\VTI Academy\DTN2404\Spring Framework\blog-app\actions-runner\.runner_migrated'
[2025-05-13 14:49:23Z INFO ConfigurationStore] MigratedConfigFilePath: D:\VTI Academy\DTN2404\Spring Framework\blog-app\actions-runner\.runner_migrated
[2025-05-13 14:49:23Z INFO HostContext] Well known directory 'Bin': 'D:\VTI Academy\DTN2404\Spring Framework\blog-app\actions-runner\bin'
[2025-05-13 14:49:23Z INFO HostContext] Well known directory 'Root': 'D:\VTI Academy\DTN2404\Spring Framework\blog-app\actions-runner'
[2025-05-13 14:49:23Z INFO HostContext] Well known config file 'Credentials': 'D:\VTI Academy\DTN2404\Spring Framework\blog-app\actions-runner\.credentials'
[2025-05-13 14:49:23Z INFO ConfigurationStore] CredFilePath: D:\VTI Academy\DTN2404\Spring Framework\blog-app\actions-runner\.credentials
[2025-05-13 14:49:23Z INFO HostContext] Well known directory 'Bin': 'D:\VTI Academy\DTN2404\Spring Framework\blog-app\actions-runner\bin'
[2025-05-13 14:49:23Z INFO HostContext] Well known directory 'Root': 'D:\VTI Academy\DTN2404\Spring Framework\blog-app\actions-runner'
[2025-05-13 14:49:23Z INFO HostContext] Well known config file 'MigratedCredentials': 'D:\VTI Academy\DTN2404\Spring Framework\blog-app\actions-runner\.credentials_migrated'
[2025-05-13 14:49:23Z INFO ConfigurationStore] MigratedCredFilePath: D:\VTI Academy\DTN2404\Spring Framework\blog-app\actions-runner\.credentials_migrated
[2025-05-13 14:49:23Z INFO HostContext] Well known directory 'Bin': 'D:\VTI Academy\DTN2404\Spring Framework\blog-app\actions-runner\bin'
[2025-05-13 14:49:23Z INFO HostContext] Well known directory 'Root': 'D:\VTI Academy\DTN2404\Spring Framework\blog-app\actions-runner'
[2025-05-13 14:49:23Z INFO HostContext] Well known config file 'Service': 'D:\VTI Academy\DTN2404\Spring Framework\blog-app\actions-runner\.service'
[2025-05-13 14:49:23Z INFO ConfigurationStore] ServiceConfigFilePath: D:\VTI Academy\DTN2404\Spring Framework\blog-app\actions-runner\.service
[2025-05-13 14:49:23Z INFO CommandSettings] Flag 'help': 'False'
[2025-05-13 14:49:23Z INFO CommandSettings] Flag 'version': 'False'
[2025-05-13 14:49:23Z INFO CommandSettings] Flag 'commit': 'False'
[2025-05-13 14:49:23Z INFO CommandSettings] Flag 'check': 'False'
[2025-05-13 14:49:23Z INFO CommandSettings] Command 'configure': 'False'
[2025-05-13 14:49:23Z INFO CommandSettings] Command 'remove': 'False'
[2025-05-13 14:49:23Z INFO CommandSettings] Command 'warmup': 'False'
[2025-05-13 14:49:23Z INFO ConfigurationManager] LoadSettings
[2025-05-13 14:49:23Z INFO ConfigurationStore] IsConfigured()
[2025-05-13 14:49:23Z INFO ConfigurationStore] IsConfigured: True
[2025-05-13 14:49:23Z INFO ConfigurationManager] Is configured: True
[2025-05-13 14:49:23Z INFO ConfigurationStore] Read setting file: 306 chars
[2025-05-13 14:49:23Z INFO ConfigurationManager] Settings Loaded
[2025-05-13 14:49:23Z INFO ConfigurationStore] IsServiceConfigured()
[2025-05-13 14:49:23Z INFO ConfigurationStore] IsServiceConfigured: False
[2025-05-13 14:49:23Z INFO CommandSettings] Command 'run': 'True'
[2025-05-13 14:49:23Z INFO ConfigurationStore] IsConfigured()
[2025-05-13 14:49:23Z INFO ConfigurationStore] IsConfigured: True
[2025-05-13 14:49:23Z INFO ConfigurationManager] Is configured: True
[2025-05-13 14:49:23Z INFO Runner] Could not parse the argument value '' for StartupType. Defaulting to Manual
[2025-05-13 14:49:23Z INFO Runner] Set runner startup type - Manual
[2025-05-13 14:49:23Z INFO CommandSettings] Flag 'once': 'False'
[2025-05-13 14:49:23Z INFO CommandSettings] Flag 'once': 'False'
[2025-05-13 14:49:23Z INFO Runner] RunAsync
[2025-05-13 14:49:23Z INFO ConfigurationManager] LoadSettings
[2025-05-13 14:49:23Z INFO ConfigurationStore] IsConfigured()
[2025-05-13 14:49:23Z INFO ConfigurationStore] IsConfigured: True
[2025-05-13 14:49:23Z INFO ConfigurationManager] Is configured: True
[2025-05-13 14:49:23Z INFO ConfigurationManager] Settings Loaded
[2025-05-13 14:49:23Z INFO MessageListener] {
  "AgentId": 2,
  "AgentName": "LAPTOP-IIRU8V1I",
  "PoolId": 1,
  "PoolName": "Default",
  "ServerUrl": "https://pipelinesghubeus24.actions.githubusercontent.com/msXd7nkQ89USSZrPyml6DqYAQGPEuvHtqU8b9dELyziudQrTf1/",
  "GitHubUrl": "https://github.com/Hungpham2k4/test",
  "WorkFolder": "_work"
}
[2025-05-13 14:49:23Z INFO MessageListener] Loading Credentials
[2025-05-13 14:49:23Z INFO ConfigurationStore] HasCredentials()
[2025-05-13 14:49:23Z INFO ConfigurationStore] stored True
[2025-05-13 14:49:23Z INFO CredentialManager] GetCredentialProvider
[2025-05-13 14:49:23Z INFO CredentialManager] Creating type OAuth
[2025-05-13 14:49:23Z INFO CredentialManager] Creating credential type: OAuth
[2025-05-13 14:49:23Z INFO HostContext] Well known directory 'Bin': 'D:\VTI Academy\DTN2404\Spring Framework\blog-app\actions-runner\bin'
[2025-05-13 14:49:23Z INFO HostContext] Well known directory 'Root': 'D:\VTI Academy\DTN2404\Spring Framework\blog-app\actions-runner'
[2025-05-13 14:49:23Z INFO HostContext] Well known config file 'RSACredentials': 'D:\VTI Academy\DTN2404\Spring Framework\blog-app\actions-runner\.credentials_rsaparams'
[2025-05-13 14:49:23Z INFO RSAEncryptedFileKeyManager] Loading RSA key parameters from file D:\VTI Academy\DTN2404\Spring Framework\blog-app\actions-runner\.credentials_rsaparams
[2025-05-13 14:49:23Z INFO MessageListener] Attempt to create session.
[2025-05-13 14:49:23Z INFO MessageListener] Connecting to the Runner Server...
[2025-05-13 14:49:23Z INFO RunnerServer] EstablishVssConnection
[2025-05-13 14:49:23Z INFO RunnerServer] Establish connection with 100 seconds timeout.
[2025-05-13 14:49:23Z INFO GitHubActionsService] Starting operation Location.GetConnectionData
[2025-05-13 14:49:23Z INFO RunnerServer] EstablishVssConnection
[2025-05-13 14:49:23Z INFO RunnerServer] Establish connection with 60 seconds timeout.
[2025-05-13 14:49:23Z INFO GitHubActionsService] Starting operation Location.GetConnectionData
[2025-05-13 14:49:23Z INFO RunnerServer] EstablishVssConnection
[2025-05-13 14:49:23Z INFO RunnerServer] Establish connection with 60 seconds timeout.
[2025-05-13 14:49:23Z INFO GitHubActionsService] Starting operation Location.GetConnectionData
[2025-05-13 14:49:24Z INFO GitHubActionsService] Finished operation Location.GetConnectionData
[2025-05-13 14:49:24Z INFO GitHubActionsService] Finished operation Location.GetConnectionData
[2025-05-13 14:49:24Z INFO GitHubActionsService] Finished operation Location.GetConnectionData
[2025-05-13 14:49:24Z INFO MessageListener] VssConnection created
[2025-05-13 14:49:24Z INFO Terminal] WRITE LINE: 
[2025-05-13 14:49:24Z INFO Terminal] WRITE LINE: 
[2025-05-13 14:49:24Z INFO RSAEncryptedFileKeyManager] Loading RSA key parameters from file D:\VTI Academy\DTN2404\Spring Framework\blog-app\actions-runner\.credentials_rsaparams
[2025-05-13 14:49:24Z INFO RSAEncryptedFileKeyManager] Loading RSA key parameters from file D:\VTI Academy\DTN2404\Spring Framework\blog-app\actions-runner\.credentials_rsaparams
[2025-05-13 14:49:25Z INFO GitHubActionsService] AAD Correlation ID for this token request: Unknown
[2025-05-13 14:49:26Z INFO MessageListener] Session created.
[2025-05-13 14:49:26Z INFO Terminal] WRITE LINE: Current runner version: '2.323.0'
[2025-05-13 14:49:26Z INFO Terminal] WRITE LINE: 2025-05-13 14:49:26Z: Listening for Jobs
[2025-05-13 14:49:26Z INFO JobDispatcher] Set runner/worker IPC timeout to 30 seconds.
[2025-05-13 14:49:26Z INFO RSAEncryptedFileKeyManager] Loading RSA key parameters from file D:\VTI Academy\DTN2404\Spring Framework\blog-app\actions-runner\.credentials_rsaparams
[2025-05-13 14:49:27Z INFO GitHubActionsService] AAD Correlation ID for this token request: Unknown
[2025-05-13 14:49:29Z INFO MessageListener] Message '8564027772750345270' received from session 'b94a3c69-fc20-43d6-9538-b165e66b5ad5'.
[2025-05-13 14:49:29Z INFO ConfigurationStore] HasCredentials()
[2025-05-13 14:49:29Z INFO ConfigurationStore] stored True
[2025-05-13 14:49:29Z INFO CredentialManager] GetCredentialProvider
[2025-05-13 14:49:29Z INFO CredentialManager] Creating type OAuth
[2025-05-13 14:49:29Z INFO CredentialManager] Creating credential type: OAuth
[2025-05-13 14:49:29Z INFO RSAEncryptedFileKeyManager] Loading RSA key parameters from file D:\VTI Academy\DTN2404\Spring Framework\blog-app\actions-runner\.credentials_rsaparams
[2025-05-13 14:49:29Z INFO RSAEncryptedFileKeyManager] Loading RSA key parameters from file D:\VTI Academy\DTN2404\Spring Framework\blog-app\actions-runner\.credentials_rsaparams
[2025-05-13 14:49:29Z INFO RSAEncryptedFileKeyManager] Loading RSA key parameters from file D:\VTI Academy\DTN2404\Spring Framework\blog-app\actions-runner\.credentials_rsaparams
[2025-05-13 14:49:30Z INFO GitHubActionsService] AAD Correlation ID for this token request: Unknown
[2025-05-13 14:49:31Z INFO JobDispatcher] Job request 0 for plan 2daf9ef9-c08f-4a4b-8801-964faacd5f74 job 70eb1ad4-4c65-57b8-96f3-6e26b366b89f received.
[2025-05-13 14:49:31Z INFO MessageListener] Received job status event. JobState: Busy
[2025-05-13 14:49:31Z INFO MessageListener] _getMessagesTokenSource is already disposed.
[2025-05-13 14:49:31Z INFO Terminal] WRITE LINE: 2025-05-13 14:49:31Z: Running job: notify
[2025-05-13 14:49:31Z INFO JobDispatcher] Start renew job request 0 for job 70eb1ad4-4c65-57b8-96f3-6e26b366b89f.
[2025-05-13 14:49:32Z INFO JobDispatcher] Successfully renew job 70eb1ad4-4c65-57b8-96f3-6e26b366b89f, job is valid till 5/13/2025 2:59:05 PM
[2025-05-13 14:49:32Z INFO HostContext] Well known directory 'Bin': 'D:\VTI Academy\DTN2404\Spring Framework\blog-app\actions-runner\bin'
[2025-05-13 14:49:32Z INFO ProcessInvokerWrapper] Starting process:
[2025-05-13 14:49:32Z INFO ProcessInvokerWrapper]   File name: 'D:\VTI Academy\DTN2404\Spring Framework\blog-app\actions-runner\bin\Runner.Worker.exe'
[2025-05-13 14:49:32Z INFO ProcessInvokerWrapper]   Arguments: 'spawnclient 2332 2344'
[2025-05-13 14:49:32Z INFO ProcessInvokerWrapper]   Working directory: 'D:\VTI Academy\DTN2404\Spring Framework\blog-app\actions-runner\bin'
[2025-05-13 14:49:32Z INFO ProcessInvokerWrapper]   Require exit code zero: 'False'
[2025-05-13 14:49:32Z INFO ProcessInvokerWrapper]   Encoding web name:  ; code page: ''
[2025-05-13 14:49:32Z INFO ProcessInvokerWrapper]   Force kill process on cancellation: 'True'
[2025-05-13 14:49:32Z INFO ProcessInvokerWrapper]   Redirected STDIN: 'False'
[2025-05-13 14:49:32Z INFO ProcessInvokerWrapper]   Persist current code page: 'False'
[2025-05-13 14:49:32Z INFO ProcessInvokerWrapper]   Keep redirected STDIN open: 'False'
[2025-05-13 14:49:32Z INFO ProcessInvokerWrapper]   High priority process: 'True'
[2025-05-13 14:49:32Z INFO ProcessInvokerWrapper] Process started with process id 18752, waiting for process exit.
[2025-05-13 14:49:32Z INFO JobDispatcher] Send job request message to worker for job 70eb1ad4-4c65-57b8-96f3-6e26b366b89f.
[2025-05-13 14:49:32Z INFO ProcessChannel] Sending message of length 20454, with hash '05acac996f937f76fa95b05951afbbcb2fe2fcc0b291da1bb3974e3bab4ebc03'
[2025-05-13 14:49:32Z INFO JobNotification] Entering JobStarted Notification
[2025-05-13 14:49:32Z INFO JobNotification] Entering StartMonitor
[2025-05-13 14:49:40Z INFO ProcessInvokerWrapper] STDOUT/STDERR stream read finished.
[2025-05-13 14:49:40Z INFO ProcessInvokerWrapper] STDOUT/STDERR stream read finished.
[2025-05-13 14:49:40Z INFO ProcessInvokerWrapper] Finished process 18752 with exit code 100, and elapsed time 00:00:08.4723196.
[2025-05-13 14:49:40Z INFO JobDispatcher] Worker finished for job 70eb1ad4-4c65-57b8-96f3-6e26b366b89f. Code: 100
[2025-05-13 14:49:40Z INFO JobDispatcher] finish job request for job 70eb1ad4-4c65-57b8-96f3-6e26b366b89f with result: Succeeded
[2025-05-13 14:49:40Z INFO Terminal] WRITE LINE: 2025-05-13 14:49:40Z: Job notify completed with result: Succeeded
[2025-05-13 14:49:40Z INFO JobDispatcher] Stop renew job request for job 70eb1ad4-4c65-57b8-96f3-6e26b366b89f.
[2025-05-13 14:49:40Z INFO JobDispatcher] job renew has been cancelled, stop renew job 70eb1ad4-4c65-57b8-96f3-6e26b366b89f.
[2025-05-13 14:49:40Z INFO JobNotification] Entering JobCompleted Notification
[2025-05-13 14:49:40Z INFO JobNotification] Entering EndMonitor
[2025-05-13 14:49:40Z INFO MessageListener] Received job status event. JobState: Online
