[2025-05-13 03:57:32Z INFO HostContext] No proxy settings were found based on environmental variables (http_proxy/https_proxy/HTTP_PROXY/HTTPS_PROXY)
[2025-05-13 03:57:32Z INFO HostContext] Well known directory 'Bin': 'D:\VTI Academy\DTN2404\Spring Framework\blog-app\actions-runner\bin'
[2025-05-13 03:57:32Z INFO HostContext] Well known directory 'Root': 'D:\VTI Academy\DTN2404\Spring Framework\blog-app\actions-runner'
[2025-05-13 03:57:32Z INFO HostContext] Well known config file 'Credentials': 'D:\VTI Academy\DTN2404\Spring Framework\blog-app\actions-runner\.credentials'
[2025-05-13 03:57:34Z INFO HostContext] Well known directory 'Bin': 'D:\VTI Academy\DTN2404\Spring Framework\blog-app\actions-runner\bin'
[2025-05-13 03:57:34Z INFO HostContext] Well known directory 'Root': 'D:\VTI Academy\DTN2404\Spring Framework\blog-app\actions-runner'
[2025-05-13 03:57:34Z INFO HostContext] Well known config file 'Runner': 'D:\VTI Academy\DTN2404\Spring Framework\blog-app\actions-runner\.runner'
[2025-05-13 03:57:34Z INFO Listener] Runner is built for Windows (X64) - win-x64.
[2025-05-13 03:57:34Z INFO Listener] RuntimeInformation: Microsoft Windows 10.0.26100.
[2025-05-13 03:57:34Z INFO Listener] Version: 2.323.0
[2025-05-13 03:57:34Z INFO Listener] Commit: d8b82f44a9ec0258904d5869ae683c31d5aac299
[2025-05-13 03:57:34Z INFO Listener] Culture: en-US
[2025-05-13 03:57:34Z INFO Listener] UI Culture: en-US
[2025-05-13 03:57:34Z INFO HostContext] Well known directory 'Bin': 'D:\VTI Academy\DTN2404\Spring Framework\blog-app\actions-runner\bin'
[2025-05-13 03:57:34Z INFO HostContext] Well known directory 'Root': 'D:\VTI Academy\DTN2404\Spring Framework\blog-app\actions-runner'
[2025-05-13 03:57:34Z INFO Listener] Validating directory permissions for: 'D:\VTI Academy\DTN2404\Spring Framework\blog-app\actions-runner'
[2025-05-13 03:57:34Z INFO CommandLineParser] Parse
[2025-05-13 03:57:34Z INFO CommandLineParser] Parsing 1 args
[2025-05-13 03:57:34Z INFO CommandLineParser] parsing argument
[2025-05-13 03:57:34Z INFO CommandLineParser] HasArgs: False
[2025-05-13 03:57:34Z INFO CommandLineParser] Adding Command: run
[2025-05-13 03:57:34Z INFO Listener] Arguments parsed
[2025-05-13 03:57:34Z INFO Runner] ExecuteCommand
[2025-05-13 03:57:34Z INFO ConfigurationStore] currentAssemblyLocation: D:\VTI Academy\DTN2404\Spring Framework\blog-app\actions-runner\bin\Runner.Listener.dll
[2025-05-13 03:57:34Z INFO HostContext] Well known directory 'Bin': 'D:\VTI Academy\DTN2404\Spring Framework\blog-app\actions-runner\bin'
[2025-05-13 03:57:34Z INFO ConfigurationStore] binPath: D:\VTI Academy\DTN2404\Spring Framework\blog-app\actions-runner\bin
[2025-05-13 03:57:34Z INFO HostContext] Well known directory 'Bin': 'D:\VTI Academy\DTN2404\Spring Framework\blog-app\actions-runner\bin'
[2025-05-13 03:57:34Z INFO HostContext] Well known directory 'Root': 'D:\VTI Academy\DTN2404\Spring Framework\blog-app\actions-runner'
[2025-05-13 03:57:34Z INFO ConfigurationStore] RootFolder: D:\VTI Academy\DTN2404\Spring Framework\blog-app\actions-runner
[2025-05-13 03:57:34Z INFO HostContext] Well known directory 'Bin': 'D:\VTI Academy\DTN2404\Spring Framework\blog-app\actions-runner\bin'
[2025-05-13 03:57:34Z INFO HostContext] Well known directory 'Root': 'D:\VTI Academy\DTN2404\Spring Framework\blog-app\actions-runner'
[2025-05-13 03:57:34Z INFO HostContext] Well known config file 'Runner': 'D:\VTI Academy\DTN2404\Spring Framework\blog-app\actions-runner\.runner'
[2025-05-13 03:57:34Z INFO ConfigurationStore] ConfigFilePath: D:\VTI Academy\DTN2404\Spring Framework\blog-app\actions-runner\.runner
[2025-05-13 03:57:34Z INFO HostContext] Well known directory 'Bin': 'D:\VTI Academy\DTN2404\Spring Framework\blog-app\actions-runner\bin'
[2025-05-13 03:57:34Z INFO HostContext] Well known directory 'Root': 'D:\VTI Academy\DTN2404\Spring Framework\blog-app\actions-runner'
[2025-05-13 03:57:34Z INFO HostContext] Well known config file 'MigratedRunner': 'D:\VTI Academy\DTN2404\Spring Framework\blog-app\actions-runner\.runner_migrated'
[2025-05-13 03:57:34Z INFO ConfigurationStore] MigratedConfigFilePath: D:\VTI Academy\DTN2404\Spring Framework\blog-app\actions-runner\.runner_migrated
[2025-05-13 03:57:34Z INFO HostContext] Well known directory 'Bin': 'D:\VTI Academy\DTN2404\Spring Framework\blog-app\actions-runner\bin'
[2025-05-13 03:57:34Z INFO HostContext] Well known directory 'Root': 'D:\VTI Academy\DTN2404\Spring Framework\blog-app\actions-runner'
[2025-05-13 03:57:34Z INFO HostContext] Well known config file 'Credentials': 'D:\VTI Academy\DTN2404\Spring Framework\blog-app\actions-runner\.credentials'
[2025-05-13 03:57:34Z INFO ConfigurationStore] CredFilePath: D:\VTI Academy\DTN2404\Spring Framework\blog-app\actions-runner\.credentials
[2025-05-13 03:57:34Z INFO HostContext] Well known directory 'Bin': 'D:\VTI Academy\DTN2404\Spring Framework\blog-app\actions-runner\bin'
[2025-05-13 03:57:34Z INFO HostContext] Well known directory 'Root': 'D:\VTI Academy\DTN2404\Spring Framework\blog-app\actions-runner'
[2025-05-13 03:57:34Z INFO HostContext] Well known config file 'MigratedCredentials': 'D:\VTI Academy\DTN2404\Spring Framework\blog-app\actions-runner\.credentials_migrated'
[2025-05-13 03:57:34Z INFO ConfigurationStore] MigratedCredFilePath: D:\VTI Academy\DTN2404\Spring Framework\blog-app\actions-runner\.credentials_migrated
[2025-05-13 03:57:34Z INFO HostContext] Well known directory 'Bin': 'D:\VTI Academy\DTN2404\Spring Framework\blog-app\actions-runner\bin'
[2025-05-13 03:57:34Z INFO HostContext] Well known directory 'Root': 'D:\VTI Academy\DTN2404\Spring Framework\blog-app\actions-runner'
[2025-05-13 03:57:34Z INFO HostContext] Well known config file 'Service': 'D:\VTI Academy\DTN2404\Spring Framework\blog-app\actions-runner\.service'
[2025-05-13 03:57:34Z INFO ConfigurationStore] ServiceConfigFilePath: D:\VTI Academy\DTN2404\Spring Framework\blog-app\actions-runner\.service
[2025-05-13 03:57:34Z INFO CommandSettings] Flag 'help': 'False'
[2025-05-13 03:57:34Z INFO CommandSettings] Flag 'version': 'False'
[2025-05-13 03:57:34Z INFO CommandSettings] Flag 'commit': 'False'
[2025-05-13 03:57:34Z INFO CommandSettings] Flag 'check': 'False'
[2025-05-13 03:57:34Z INFO CommandSettings] Command 'configure': 'False'
[2025-05-13 03:57:34Z INFO CommandSettings] Command 'remove': 'False'
[2025-05-13 03:57:34Z INFO CommandSettings] Command 'warmup': 'False'
[2025-05-13 03:57:34Z INFO ConfigurationManager] LoadSettings
[2025-05-13 03:57:34Z INFO ConfigurationStore] IsConfigured()
[2025-05-13 03:57:34Z INFO ConfigurationStore] IsConfigured: True
[2025-05-13 03:57:34Z INFO ConfigurationManager] Is configured: True
[2025-05-13 03:57:34Z INFO ConfigurationStore] Read setting file: 306 chars
[2025-05-13 03:57:34Z INFO ConfigurationManager] Settings Loaded
[2025-05-13 03:57:34Z INFO ConfigurationStore] IsServiceConfigured()
[2025-05-13 03:57:34Z INFO ConfigurationStore] IsServiceConfigured: False
[2025-05-13 03:57:34Z INFO CommandSettings] Command 'run': 'True'
[2025-05-13 03:57:34Z INFO ConfigurationStore] IsConfigured()
[2025-05-13 03:57:34Z INFO ConfigurationStore] IsConfigured: True
[2025-05-13 03:57:34Z INFO ConfigurationManager] Is configured: True
[2025-05-13 03:57:34Z INFO Runner] Could not parse the argument value '' for StartupType. Defaulting to Manual
[2025-05-13 03:57:34Z INFO Runner] Set runner startup type - Manual
[2025-05-13 03:57:34Z INFO CommandSettings] Flag 'once': 'False'
[2025-05-13 03:57:34Z INFO CommandSettings] Flag 'once': 'False'
[2025-05-13 03:57:34Z INFO Runner] RunAsync
[2025-05-13 03:57:34Z INFO ConfigurationManager] LoadSettings
[2025-05-13 03:57:34Z INFO ConfigurationStore] IsConfigured()
[2025-05-13 03:57:34Z INFO ConfigurationStore] IsConfigured: True
[2025-05-13 03:57:34Z INFO ConfigurationManager] Is configured: True
[2025-05-13 03:57:34Z INFO ConfigurationManager] Settings Loaded
[2025-05-13 03:57:34Z INFO MessageListener] {
  "AgentId": 2,
  "AgentName": "LAPTOP-IIRU8V1I",
  "PoolId": 1,
  "PoolName": "Default",
  "ServerUrl": "https://pipelinesghubeus24.actions.githubusercontent.com/msXd7nkQ89USSZrPyml6DqYAQGPEuvHtqU8b9dELyziudQrTf1/",
  "GitHubUrl": "https://github.com/Hungpham2k4/test",
  "WorkFolder": "_work"
}
[2025-05-13 03:57:34Z INFO MessageListener] Loading Credentials
[2025-05-13 03:57:34Z INFO ConfigurationStore] HasCredentials()
[2025-05-13 03:57:34Z INFO ConfigurationStore] stored True
[2025-05-13 03:57:34Z INFO CredentialManager] GetCredentialProvider
[2025-05-13 03:57:34Z INFO CredentialManager] Creating type OAuth
[2025-05-13 03:57:34Z INFO CredentialManager] Creating credential type: OAuth
[2025-05-13 03:57:34Z INFO HostContext] Well known directory 'Bin': 'D:\VTI Academy\DTN2404\Spring Framework\blog-app\actions-runner\bin'
[2025-05-13 03:57:34Z INFO HostContext] Well known directory 'Root': 'D:\VTI Academy\DTN2404\Spring Framework\blog-app\actions-runner'
[2025-05-13 03:57:34Z INFO HostContext] Well known config file 'RSACredentials': 'D:\VTI Academy\DTN2404\Spring Framework\blog-app\actions-runner\.credentials_rsaparams'
[2025-05-13 03:57:34Z INFO RSAEncryptedFileKeyManager] Loading RSA key parameters from file D:\VTI Academy\DTN2404\Spring Framework\blog-app\actions-runner\.credentials_rsaparams
[2025-05-13 03:57:34Z INFO MessageListener] Attempt to create session.
[2025-05-13 03:57:34Z INFO MessageListener] Connecting to the Runner Server...
[2025-05-13 03:57:34Z INFO RunnerServer] EstablishVssConnection
[2025-05-13 03:57:34Z INFO RunnerServer] Establish connection with 100 seconds timeout.
[2025-05-13 03:57:35Z INFO GitHubActionsService] Starting operation Location.GetConnectionData
[2025-05-13 03:57:35Z INFO RunnerServer] EstablishVssConnection
[2025-05-13 03:57:35Z INFO RunnerServer] Establish connection with 60 seconds timeout.
[2025-05-13 03:57:35Z INFO GitHubActionsService] Starting operation Location.GetConnectionData
[2025-05-13 03:57:35Z INFO RunnerServer] EstablishVssConnection
[2025-05-13 03:57:35Z INFO RunnerServer] Establish connection with 60 seconds timeout.
[2025-05-13 03:57:35Z INFO GitHubActionsService] Starting operation Location.GetConnectionData
[2025-05-13 03:57:36Z INFO GitHubActionsService] Finished operation Location.GetConnectionData
[2025-05-13 03:57:36Z INFO GitHubActionsService] Finished operation Location.GetConnectionData
[2025-05-13 03:57:36Z INFO GitHubActionsService] Finished operation Location.GetConnectionData
[2025-05-13 03:57:36Z INFO MessageListener] VssConnection created
[2025-05-13 03:57:36Z INFO Terminal] WRITE LINE: 
[2025-05-13 03:57:36Z INFO Terminal] WRITE LINE: 
[2025-05-13 03:57:37Z INFO RSAEncryptedFileKeyManager] Loading RSA key parameters from file D:\VTI Academy\DTN2404\Spring Framework\blog-app\actions-runner\.credentials_rsaparams
[2025-05-13 03:57:37Z INFO RSAEncryptedFileKeyManager] Loading RSA key parameters from file D:\VTI Academy\DTN2404\Spring Framework\blog-app\actions-runner\.credentials_rsaparams
[2025-05-13 03:57:38Z INFO GitHubActionsService] AAD Correlation ID for this token request: Unknown
[2025-05-13 03:57:38Z INFO MessageListener] Session created.
[2025-05-13 03:57:38Z INFO Terminal] WRITE LINE: Current runner version: '2.323.0'
[2025-05-13 03:57:38Z INFO Terminal] WRITE LINE: 2025-05-13 03:57:38Z: Listening for Jobs
[2025-05-13 03:57:38Z INFO JobDispatcher] Set runner/worker IPC timeout to 30 seconds.
[2025-05-13 03:57:39Z INFO RSAEncryptedFileKeyManager] Loading RSA key parameters from file D:\VTI Academy\DTN2404\Spring Framework\blog-app\actions-runner\.credentials_rsaparams
[2025-05-13 03:57:40Z INFO GitHubActionsService] AAD Correlation ID for this token request: Unknown
