[2025-05-11 15:43:58Z INFO HostContext] No proxy settings were found based on environmental variables (http_proxy/https_proxy/HTTP_PROXY/HTTPS_PROXY)
[2025-05-11 15:43:58Z INFO HostContext] Well known directory 'Bin': 'D:\VTI Academy\DTN2404\Spring Framework\blog-app\actions-runner\bin'
[2025-05-11 15:43:58Z INFO HostContext] Well known directory 'Root': 'D:\VTI Academy\DTN2404\Spring Framework\blog-app\actions-runner'
[2025-05-11 15:43:58Z INFO HostContext] Well known config file 'Credentials': 'D:\VTI Academy\DTN2404\Spring Framework\blog-app\actions-runner\.credentials'
[2025-05-11 15:43:58Z INFO HostContext] Well known directory 'Bin': 'D:\VTI Academy\DTN2404\Spring Framework\blog-app\actions-runner\bin'
[2025-05-11 15:43:58Z INFO HostContext] Well known directory 'Root': 'D:\VTI Academy\DTN2404\Spring Framework\blog-app\actions-runner'
[2025-05-11 15:43:58Z INFO HostContext] Well known config file 'Runner': 'D:\VTI Academy\DTN2404\Spring Framework\blog-app\actions-runner\.runner'
[2025-05-11 15:43:58Z INFO Worker] Version: 2.323.0
[2025-05-11 15:43:58Z INFO Worker] Commit: d8b82f44a9ec0258904d5869ae683c31d5aac299
[2025-05-11 15:43:58Z INFO Worker] Culture: en-US
[2025-05-11 15:43:58Z INFO Worker] UI Culture: en-US
[2025-05-11 15:43:58Z INFO Worker] Waiting to receive the job message from the channel.
[2025-05-11 15:43:58Z INFO ProcessChannel] Receiving message of length 18567, with hash '42644b81e64b2bd05573a79ee16055a2f30bb81f6f79efb3fee1395f15510696'
[2025-05-11 15:43:58Z INFO Worker] Message received.
[2025-05-11 15:43:58Z INFO Worker] Job message:
 {
  "fileTable": [
    ".github/workflows/notify-staging.yml"
  ],
  "mask": [
    {
      "type": "regex",
      "value": "***"
    },
    {
      "type": "regex",
      "value": "***"
    },
    {
      "type": "regex",
      "value": "***"
    },
    {
      "type": "regex",
      "value": "***"
    },
    {
      "type": "regex",
      "value": "***"
    },
    {
      "type": "regex",
      "value": "***"
    },
    {
      "type": "regex",
      "value": "***"
    },
    {
      "type": "regex",
      "value": "***"
    },
    {
      "type": "regex",
      "value": "***"
    },
    {
      "type": "regex",
      "value": "***"
    },
    {
      "type": "regex",
      "value": "***"
    },
    {
      "type": "regex",
      "value": "***"
    },
    {
      "type": "regex",
      "value": "***"
    },
    {
      "type": "regex",
      "value": "***"
    },
    {
      "type": "regex",
      "value": "***"
    },
    {
      "type": "regex",
      "value": "***"
    },
    {
      "type": "regex",
      "value": "***"
    },
    {
      "type": "regex",
      "value": "***"
    }
  ],
  "steps": [
    {
      "type": "action",
      "reference": {
        "type": "script"
      },
      "displayNameToken": {
        "type": 0,
        "file": 1,
        "line": 12,
        "col": 15,
        "lit": "Send Telegram message"
      },
      "contextName": "__run",
      "environment": {
        "type": 2,
        "file": 1,
        "line": 14,
        "col": 11,
        "map": [
          {
            "key": {
              "type": 0,
              "file": 1,
              "line": 14,
              "col": 11,
              "lit": "TELEGRAM_TOKEN"
            },
            "value": {
              "type": 3,
              "file": 1,
              "line": 14,
              "col": 27,
              "expr": "secrets.TELEGRAM_TOKEN"
            }
          },
          {
            "key": {
              "type": 0,
              "file": 1,
              "line": 15,
              "col": 11,
              "lit": "TELEGRAM_CHAT_ID"
            },
            "value": {
              "type": 3,
              "file": 1,
              "line": 15,
              "col": 29,
              "expr": "secrets.TELEGRAM_CHAT_ID"
            }
          }
        ]
      },
      "inputs": {
        "type": 2,
        "map": [
          {
            "key": "script",
            "value": {
              "type": 3,
              "file": 1,
              "line": 16,
              "col": 14,
              "expr": "format('MESSAGE=\"🚀 Code has been pushed to *staging* branch by {0} in repo {1}.\"\ncurl -s -X POST https://api.telegram.org/bot${{TELEGRAM_TOKEN}}/sendMessage \\\n  -d chat_id=\"${{TELEGRAM_CHAT_ID}}\" \\\n  -d text=\"$MESSAGE\" \\\n  -d parse_mode=\"Markdown\"\n', github.actor, github.repository)"
            }
          }
        ]
      },
      "condition": "success()",
      "id": "d7aef5f0-e511-4996-8391-e6e38e66caf6",
      "name": "__run"
    }
  ],
  "variables": {
    "Actions.EnableHttpRedirects": {
      "value": "true"
    },
    "DistributedTask.AddWarningToNode12Action": {
      "value": "true"
    },
    "DistributedTask.AddWarningToNode16Action": {
      "value": "true"
    },
    "DistributedTask.AllowRunnerContainerHooks": {
      "value": "true"
    },
    "DistributedTask.DeprecateStepOutputCommands": {
      "value": "true"
    },
    "DistributedTask.DetailUntarFailure": {
      "value": "true"
    },
    "DistributedTask.EnableCompositeActions": {
      "value": "true"
    },
    "DistributedTask.EnableJobServerQueueTelemetry": {
      "value": "true"
    },
    "DistributedTask.EnhancedAnnotations": {
      "value": "true"
    },
    "DistributedTask.ForceGithubJavascriptActionsToNode16": {
      "value": "true"
    },
    "DistributedTask.ForceGithubJavascriptActionsToNode20": {
      "value": "true"
    },
    "DistributedTask.LogTemplateErrorsAsDebugMessages": {
      "value": "true"
    },
    "DistributedTask.MarkJobAsFailedOnWorkerCrash": {
      "value": "true"
    },
    "DistributedTask.NewActionMetadata": {
      "value": "true"
    },
    "DistributedTask.UploadStepSummary": {
      "value": "true"
    },
    "DistributedTask.UseActionArchiveCache": {
      "value": "true"
    },
    "DistributedTask.UseWhich2": {
      "value": "true"
    },
    "RunService.FixEmbeddedIssues": {
      "value": "true"
    },
    "actions_add_check_run_id_to_job_context": {
      "value": "false"
    },
    "actions_skip_retry_complete_job_upon_known_errors": {
      "value": "true"
    },
    "actions_uses_cache_service_v2": {
      "value": "true"
    },
    "github_token": {
      "value": "***",
      "isSecret": true
    },
    "system.from_run_service": {
      "value": "true"
    },
    "system.github.job": {
      "value": "notify"
    },
    "system.github.launch_endpoint": {
      "value": "https://launch.actions.githubusercontent.com"
    },
    "system.github.results_endpoint": {
      "value": "https://results-receiver.actions.githubusercontent.com/"
    },
    "system.github.results_upload_with_sdk": {
      "value": "true"
    },
    "system.github.token": {
      "value": "***",
      "isSecret": true
    },
    "system.github.token.permissions": {
      "value": "{\"Contents\":\"read\",\"Metadata\":\"read\",\"Packages\":\"read\"}"
    },
    "system.orchestrationId": {
      "value": "092933a8-08a0-48e4-8089-20af99c0f0b2.notify.__default"
    },
    "system.phaseDisplayName": {
      "value": "notify"
    },
    "system.runner.lowdiskspacethreshold": {
      "value": "100"
    },
    "system.runnerEnvironment": {
      "value": "self-hosted"
    }
  },
  "messageType": "RunnerJobRequest",
  "plan": {
    "scopeIdentifier": "00000000-0000-0000-0000-000000000000",
    "planType": "actions",
    "version": 0,
    "planId": "092933a8-08a0-48e4-8089-20af99c0f0b2",
    "planGroup": null,
    "artifactUri": null,
    "artifactLocation": null,
    "definition": null,
    "owner": null
  },
  "timeline": {
    "id": "092933a8-08a0-48e4-8089-20af99c0f0b2",
    "changeId": 0,
    "location": null
  },
  "jobId": "0d7dcd59-9c03-5c80-b852-9140fb08b452",
  "jobDisplayName": "notify",
  "jobName": "__default",
  "requestId": 0,
  "lockedUntil": "0001-01-01T00:00:00",
  "resources": {
    "endpoints": [
      {
        "data": {
          "ServerId": "",
          "ServerName": "",
          "CacheServerUrl": "https://acghubeus2.actions.githubusercontent.com/msXd7nkQ89USSZrPyml6DqYAQGPEuvHtqU8b9dELyziudQrTf1/",
          "FeedStreamUrl": "wss://results-receiver.actions.githubusercontent.com/_ws/ingest.sock",
          "ResultsServiceUrl": "https://results-receiver.actions.githubusercontent.com/",
          "PipelinesServiceUrl": "https://pipelinesghubeus24.actions.githubusercontent.com/msXd7nkQ89USSZrPyml6DqYAQGPEuvHtqU8b9dELyziudQrTf1/",
          "GenerateIdTokenUrl": ""
        },
        "name": "SystemVssConnection",
        "url": "https://run-actions-2-azure-eastus.actions.githubusercontent.com/59/",
        "authorization": {
          "parameters": {
            "AccessToken": "***"
          },
          "scheme": "OAuth"
        },
        "isShared": false,
        "isReady": true
      }
    ]
  },
  "contextData": {
    "github": {
      "t": 2,
      "d": [
        {
          "k": "ref",
          "v": "refs/heads/main"
        },
        {
          "k": "sha",
          "v": "50931fba59bb51fb75f68ef2f836ebc002ff39cd"
        },
        {
          "k": "repository",
          "v": "Hungpham2k4/test"
        },
        {
          "k": "repository_owner",
          "v": "Hungpham2k4"
        },
        {
          "k": "repository_owner_id",
          "v": "115924690"
        },
        {
          "k": "repositoryUrl",
          "v": "git://github.com/Hungpham2k4/test.git"
        },
        {
          "k": "run_id",
          "v": "14957334023"
        },
        {
          "k": "run_number",
          "v": "2"
        },
        {
          "k": "retention_days",
          "v": "90"
        },
        {
          "k": "run_attempt",
          "v": "1"
        },
        {
          "k": "artifact_cache_size_limit",
          "v": "10"
        },
        {
          "k": "repository_visibility",
          "v": "public"
        },
        {
          "k": "actor_id",
          "v": "115924690"
        },
        {
          "k": "actor",
          "v": "Hungpham2k4"
        },
        {
          "k": "workflow",
          "v": "Notify on Push to Staging"
        },
        {
          "k": "head_ref",
          "v": ""
        },
        {
          "k": "base_ref",
          "v": ""
        },
        {
          "k": "event_name",
          "v": "push"
        },
        {
          "k": "server_url",
          "v": "https://github.com"
        },
        {
          "k": "api_url",
          "v": "https://api.github.com"
        },
        {
          "k": "graphql_url",
          "v": "https://api.github.com/graphql"
        },
        {
          "k": "ref_name",
          "v": "main"
        },
        {
          "k": "ref_protected",
          "v": false
        },
        {
          "k": "ref_type",
          "v": "branch"
        },
        {
          "k": "secret_source",
          "v": "Actions"
        },
        {
          "k": "event",
          "v": {
            "t": 2,
            "d": [
              {
                "k": "after",
                "v": "50931fba59bb51fb75f68ef2f836ebc002ff39cd"
              },
              {
                "k": "base_ref",
                "v": null
              },
              {
                "k": "before",
                "v": "6ec43102632d7cbc9f00eb7ed72713d3cdc44395"
              },
              {
                "k": "commits",
                "v": {
                  "t": 1,
                  "a": [
                    {
                      "t": 2,
                      "d": [
                        {
                          "k": "author",
                          "v": {
                            "t": 2,
                            "d": [
                              {
                                "k": "email",
                                "v": "115924690+Hungpham2k4@users.noreply.github.com"
                              },
                              {
                                "k": "name",
                                "v": "PHẠM VIẾT HÙNG"
                              },
                              {
                                "k": "username",
                                "v": "Hungpham2k4"
                              }
                            ]
                          }
                        },
                        {
                          "k": "committer",
                          "v": {
                            "t": 2,
                            "d": [
                              {
                                "k": "email",
                                "v": "noreply@github.com"
                              },
                              {
                                "k": "name",
                                "v": "GitHub"
                              },
                              {
                                "k": "username",
                                "v": "web-flow"
                              }
                            ]
                          }
                        },
                        {
                          "k": "distinct",
                          "v": true
                        },
                        {
                          "k": "id",
                          "v": "50931fba59bb51fb75f68ef2f836ebc002ff39cd"
                        },
                        {
                          "k": "message",
                          "v": "Update notify-staging.yml"
                        },
                        {
                          "k": "timestamp",
                          "v": "2025-05-11T22:43:27+07:00"
                        },
                        {
                          "k": "tree_id",
                          "v": "84befc092bf9bc4043eb9b7730b5e260437ff665"
                        },
                        {
                          "k": "url",
                          "v": "https://github.com/Hungpham2k4/test/commit/50931fba59bb51fb75f68ef2f836ebc002ff39cd"
                        }
                      ]
                    }
                  ]
                }
              },
              {
                "k": "compare",
                "v": "https://github.com/Hungpham2k4/test/compare/6ec43102632d...50931fba59bb"
              },
              {
                "k": "created",
                "v": false
              },
              {
                "k": "deleted",
                "v": false
              },
              {
                "k": "forced",
                "v": false
              },
              {
                "k": "head_commit",
                "v": {
                  "t": 2,
                  "d": [
                    {
                      "k": "author",
                      "v": {
                        "t": 2,
                        "d": [
                          {
                            "k": "email",
                            "v": "115924690+Hungpham2k4@users.noreply.github.com"
                          },
                          {
                            "k": "name",
                            "v": "PHẠM VIẾT HÙNG"
                          },
                          {
                            "k": "username",
                            "v": "Hungpham2k4"
                          }
                        ]
                      }
                    },
                    {
                      "k": "committer",
                      "v": {
                        "t": 2,
                        "d": [
                          {
                            "k": "email",
                            "v": "noreply@github.com"
                          },
                          {
                            "k": "name",
                            "v": "GitHub"
                          },
                          {
                            "k": "username",
                            "v": "web-flow"
                          }
                        ]
                      }
                    },
                    {
                      "k": "distinct",
                      "v": true
                    },
                    {
                      "k": "id",
                      "v": "50931fba59bb51fb75f68ef2f836ebc002ff39cd"
                    },
                    {
                      "k": "message",
                      "v": "Update notify-staging.yml"
                    },
                    {
                      "k": "timestamp",
                      "v": "2025-05-11T22:43:27+07:00"
                    },
                    {
                      "k": "tree_id",
                      "v": "84befc092bf9bc4043eb9b7730b5e260437ff665"
                    },
                    {
                      "k": "url",
                      "v": "https://github.com/Hungpham2k4/test/commit/50931fba59bb51fb75f68ef2f836ebc002ff39cd"
                    }
                  ]
                }
              },
              {
                "k": "pusher",
                "v": {
                  "t": 2,
                  "d": [
                    {
                      "k": "email",
                      "v": "115924690+Hungpham2k4@users.noreply.github.com"
                    },
                    {
                      "k": "name",
                      "v": "Hungpham2k4"
                    }
                  ]
                }
              },
              {
                "k": "ref",
                "v": "refs/heads/main"
              },
              {
                "k": "repository",
                "v": {
                  "t": 2,
                  "d": [
                    {
                      "k": "allow_forking",
                      "v": true
                    },
                    {
                      "k": "archive_url",
                      "v": "https://api.github.com/repos/Hungpham2k4/test/{archive_format}{/ref}"
                    },
                    {
                      "k": "archived",
                      "v": false
                    },
                    {
                      "k": "assignees_url",
                      "v": "https://api.github.com/repos/Hungpham2k4/test/assignees{/user}"
                    },
                    {
                      "k": "blobs_url",
                      "v": "https://api.github.com/repos/Hungpham2k4/test/git/blobs{/sha}"
                    },
                    {
                      "k": "branches_url",
                      "v": "https://api.github.com/repos/Hungpham2k4/test/branches{/branch}"
                    },
                    {
                      "k": "clone_url",
                      "v": "https://github.com/Hungpham2k4/test.git"
                    },
                    {
                      "k": "collaborators_url",
                      "v": "https://api.github.com/repos/Hungpham2k4/test/collaborators{/collaborator}"
                    },
                    {
                      "k": "comments_url",
                      "v": "https://api.github.com/repos/Hungpham2k4/test/comments{/number}"
                    },
                    {
                      "k": "commits_url",
                      "v": "https://api.github.com/repos/Hungpham2k4/test/commits{/sha}"
                    },
                    {
                      "k": "compare_url",
                      "v": "https://api.github.com/repos/Hungpham2k4/test/compare/{base}...{head}"
                    },
                    {
                      "k": "contents_url",
                      "v": "https://api.github.com/repos/Hungpham2k4/test/contents/{+path}"
                    },
                    {
                      "k": "contributors_url",
                      "v": "https://api.github.com/repos/Hungpham2k4/test/contributors"
                    },
                    {
                      "k": "created_at",
                      "v": 1746946234.0
                    },
                    {
                      "k": "default_branch",
                      "v": "main"
                    },
                    {
                      "k": "deployments_url",
                      "v": "https://api.github.com/repos/Hungpham2k4/test/deployments"
                    },
                    {
                      "k": "description",
                      "v": null
                    },
                    {
                      "k": "disabled",
                      "v": false
                    },
                    {
                      "k": "downloads_url",
                      "v": "https://api.github.com/repos/Hungpham2k4/test/downloads"
                    },
                    {
                      "k": "events_url",
                      "v": "https://api.github.com/repos/Hungpham2k4/test/events"
                    },
                    {
                      "k": "fork",
                      "v": false
                    },
                    {
                      "k": "forks",
                      "v": 0.0
                    },
                    {
                      "k": "forks_count",
                      "v": 0.0
                    },
                    {
                      "k": "forks_url",
                      "v": "https://api.github.com/repos/Hungpham2k4/test/forks"
                    },
                    {
                      "k": "full_name",
                      "v": "Hungpham2k4/test"
                    },
                    {
                      "k": "git_commits_url",
                      "v": "https://api.github.com/repos/Hungpham2k4/test/git/commits{/sha}"
                    },
                    {
                      "k": "git_refs_url",
                      "v": "https://api.github.com/repos/Hungpham2k4/test/git/refs{/sha}"
                    },
                    {
                      "k": "git_tags_url",
                      "v": "https://api.github.com/repos/Hungpham2k4/test/git/tags{/sha}"
                    },
                    {
                      "k": "git_url",
                      "v": "git://github.com/Hungpham2k4/test.git"
                    },
                    {
                      "k": "has_discussions",
                      "v": false
                    },
                    {
                      "k": "has_downloads",
                      "v": true
                    },
                    {
                      "k": "has_issues",
                      "v": true
                    },
                    {
                      "k": "has_pages",
                      "v": false
                    },
                    {
                      "k": "has_projects",
                      "v": true
                    },
                    {
                      "k": "has_wiki",
                      "v": true
                    },
                    {
                      "k": "homepage",
                      "v": null
                    },
                    {
                      "k": "hooks_url",
                      "v": "https://api.github.com/repos/Hungpham2k4/test/hooks"
                    },
                    {
                      "k": "html_url",
                      "v": "https://github.com/Hungpham2k4/test"
                    },
                    {
                      "k": "id",
                      "v": 981462424.0
                    },
                    {
                      "k": "is_template",
                      "v": false
                    },
                    {
                      "k": "issue_comment_url",
                      "v": "https://api.github.com/repos/Hungpham2k4/test/issues/comments{/number}"
                    },
                    {
                      "k": "issue_events_url",
                      "v": "https://api.github.com/repos/Hungpham2k4/test/issues/events{/number}"
                    },
                    {
                      "k": "issues_url",
                      "v": "https://api.github.com/repos/Hungpham2k4/test/issues{/number}"
                    },
                    {
                      "k": "keys_url",
                      "v": "https://api.github.com/repos/Hungpham2k4/test/keys{/key_id}"
                    },
                    {
                      "k": "labels_url",
                      "v": "https://api.github.com/repos/Hungpham2k4/test/labels{/name}"
                    },
                    {
                      "k": "language",
                      "v": "Java"
                    },
                    {
                      "k": "languages_url",
                      "v": "https://api.github.com/repos/Hungpham2k4/test/languages"
                    },
                    {
                      "k": "license",
                      "v": null
                    },
                    {
                      "k": "master_branch",
                      "v": "main"
                    },
                    {
                      "k": "merges_url",
                      "v": "https://api.github.com/repos/Hungpham2k4/test/merges"
                    },
                    {
                      "k": "milestones_url",
                      "v": "https://api.github.com/repos/Hungpham2k4/test/milestones{/number}"
                    },
                    {
                      "k": "mirror_url",
                      "v": null
                    },
                    {
                      "k": "name",
                      "v": "test"
                    },
                    {
                      "k": "node_id",
                      "v": "R_kgDOOn_tmA"
                    },
                    {
                      "k": "notifications_url",
                      "v": "https://api.github.com/repos/Hungpham2k4/test/notifications{?since,all,participating}"
                    },
                    {
                      "k": "open_issues",
                      "v": 0.0
                    },
                    {
                      "k": "open_issues_count",
                      "v": 0.0
                    },
                    {
                      "k": "owner",
                      "v": {
                        "t": 2,
                        "d": [
                          {
                            "k": "avatar_url",
                            "v": "https://avatars.githubusercontent.com/u/115924690?v=4"
                          },
                          {
                            "k": "email",
                            "v": "115924690+Hungpham2k4@users.noreply.github.com"
                          },
                          {
                            "k": "events_url",
                            "v": "https://api.github.com/users/Hungpham2k4/events{/privacy}"
                          },
                          {
                            "k": "followers_url",
                            "v": "https://api.github.com/users/Hungpham2k4/followers"
                          },
                          {
                            "k": "following_url",
                            "v": "https://api.github.com/users/Hungpham2k4/following{/other_user}"
                          },
                          {
                            "k": "gists_url",
                            "v": "https://api.github.com/users/Hungpham2k4/gists{/gist_id}"
                          },
                          {
                            "k": "gravatar_id",
                            "v": ""
                          },
                          {
                            "k": "html_url",
                            "v": "https://github.com/Hungpham2k4"
                          },
                          {
                            "k": "id",
                            "v": 115924690.0
                          },
                          {
                            "k": "login",
                            "v": "Hungpham2k4"
                          },
                          {
                            "k": "name",
                            "v": "Hungpham2k4"
                          },
                          {
                            "k": "node_id",
                            "v": "U_kgDOBuje0g"
                          },
                          {
                            "k": "organizations_url",
                            "v": "https://api.github.com/users/Hungpham2k4/orgs"
                          },
                          {
                            "k": "received_events_url",
                            "v": "https://api.github.com/users/Hungpham2k4/received_events"
                          },
                          {
                            "k": "repos_url",
                            "v": "https://api.github.com/users/Hungpham2k4/repos"
                          },
                          {
                            "k": "site_admin",
                            "v": false
                          },
                          {
                            "k": "starred_url",
                            "v": "https://api.github.com/users/Hungpham2k4/starred{/owner}{/repo}"
                          },
                          {
                            "k": "subscriptions_url",
                            "v": "https://api.github.com/users/Hungpham2k4/subscriptions"
                          },
                          {
                            "k": "type",
                            "v": "User"
                          },
                          {
                            "k": "url",
                            "v": "https://api.github.com/users/Hungpham2k4"
                          },
                          {
                            "k": "user_view_type",
                            "v": "public"
                          }
                        ]
                      }
                    },
                    {
                      "k": "private",
                      "v": false
                    },
                    {
                      "k": "pulls_url",
                      "v": "https://api.github.com/repos/Hungpham2k4/test/pulls{/number}"
                    },
                    {
                      "k": "pushed_at",
                      "v": 1746978207.0
                    },
                    {
                      "k": "releases_url",
                      "v": "https://api.github.com/repos/Hungpham2k4/test/releases{/id}"
                    },
                    {
                      "k": "size",
                      "v": 26.0
                    },
                    {
                      "k": "ssh_url",
                      "v": "git@github.com:Hungpham2k4/test.git"
                    },
                    {
                      "k": "stargazers",
                      "v": 0.0
                    },
                    {
                      "k": "stargazers_count",
                      "v": 0.0
                    },
                    {
                      "k": "stargazers_url",
                      "v": "https://api.github.com/repos/Hungpham2k4/test/stargazers"
                    },
                    {
                      "k": "statuses_url",
                      "v": "https://api.github.com/repos/Hungpham2k4/test/statuses/{sha}"
                    },
                    {
                      "k": "subscribers_url",
                      "v": "https://api.github.com/repos/Hungpham2k4/test/subscribers"
                    },
                    {
                      "k": "subscription_url",
                      "v": "https://api.github.com/repos/Hungpham2k4/test/subscription"
                    },
                    {
                      "k": "svn_url",
                      "v": "https://github.com/Hungpham2k4/test"
                    },
                    {
                      "k": "tags_url",
                      "v": "https://api.github.com/repos/Hungpham2k4/test/tags"
                    },
                    {
                      "k": "teams_url",
                      "v": "https://api.github.com/repos/Hungpham2k4/test/teams"
                    },
                    {
                      "k": "topics",
                      "v": {
                        "t": 1
                      }
                    },
                    {
                      "k": "trees_url",
                      "v": "https://api.github.com/repos/Hungpham2k4/test/git/trees{/sha}"
                    },
                    {
                      "k": "updated_at",
                      "v": "2025-05-11T15:35:03Z"
                    },
                    {
                      "k": "url",
                      "v": "https://api.github.com/repos/Hungpham2k4/test"
                    },
                    {
                      "k": "visibility",
                      "v": "public"
                    },
                    {
                      "k": "watchers",
                      "v": 0.0
                    },
                    {
                      "k": "watchers_count",
                      "v": 0.0
                    },
                    {
                      "k": "web_commit_signoff_required",
                      "v": false
                    }
                  ]
                }
              },
              {
                "k": "sender",
                "v": {
                  "t": 2,
                  "d": [
                    {
                      "k": "avatar_url",
                      "v": "https://avatars.githubusercontent.com/u/115924690?v=4"
                    },
                    {
                      "k": "events_url",
                      "v": "https://api.github.com/users/Hungpham2k4/events{/privacy}"
                    },
                    {
                      "k": "followers_url",
                      "v": "https://api.github.com/users/Hungpham2k4/followers"
                    },
                    {
                      "k": "following_url",
                      "v": "https://api.github.com/users/Hungpham2k4/following{/other_user}"
                    },
                    {
                      "k": "gists_url",
                      "v": "https://api.github.com/users/Hungpham2k4/gists{/gist_id}"
                    },
                    {
                      "k": "gravatar_id",
                      "v": ""
                    },
                    {
                      "k": "html_url",
                      "v": "https://github.com/Hungpham2k4"
                    },
                    {
                      "k": "id",
                      "v": 115924690.0
                    },
                    {
                      "k": "login",
                      "v": "Hungpham2k4"
                    },
                    {
                      "k": "node_id",
                      "v": "U_kgDOBuje0g"
                    },
                    {
                      "k": "organizations_url",
                      "v": "https://api.github.com/users/Hungpham2k4/orgs"
                    },
                    {
                      "k": "received_events_url",
                      "v": "https://api.github.com/users/Hungpham2k4/received_events"
                    },
                    {
                      "k": "repos_url",
                      "v": "https://api.github.com/users/Hungpham2k4/repos"
                    },
                    {
                      "k": "site_admin",
                      "v": false
                    },
                    {
                      "k": "starred_url",
                      "v": "https://api.github.com/users/Hungpham2k4/starred{/owner}{/repo}"
                    },
                    {
                      "k": "subscriptions_url",
                      "v": "https://api.github.com/users/Hungpham2k4/subscriptions"
                    },
                    {
                      "k": "type",
                      "v": "User"
                    },
                    {
                      "k": "url",
                      "v": "https://api.github.com/users/Hungpham2k4"
                    },
                    {
                      "k": "user_view_type",
                      "v": "public"
                    }
                  ]
                }
              }
            ]
          }
        },
        {
          "k": "workflow_ref",
          "v": "Hungpham2k4/test/.github/workflows/notify-staging.yml@refs/heads/main"
        },
        {
          "k": "workflow_sha",
          "v": "50931fba59bb51fb75f68ef2f836ebc002ff39cd"
        },
        {
          "k": "repository_id",
          "v": "981462424"
        },
        {
          "k": "triggering_actor",
          "v": "Hungpham2k4"
        }
      ]
    },
    "inputs": {
      "t": 2
    },
    "matrix": null,
    "needs": {
      "t": 2
    },
    "strategy": {
      "t": 2,
      "d": [
        {
          "k": "fail-fast",
          "v": true
        },
        {
          "k": "job-index",
          "v": 0.0
        },
        {
          "k": "job-total",
          "v": 1.0
        },
        {
          "k": "max-parallel",
          "v": 1.0
        }
      ]
    },
    "vars": {
      "t": 2
    }
  },
  "billingOwnerId": "U_kgDOBuje0g"
}
[2025-05-11 15:43:58Z INFO JobRunner] Job ID 0d7dcd59-9c03-5c80-b852-9140fb08b452
[2025-05-11 15:43:58Z INFO ConfigurationStore] currentAssemblyLocation: D:\VTI Academy\DTN2404\Spring Framework\blog-app\actions-runner\bin\Runner.Worker.dll
[2025-05-11 15:43:58Z INFO HostContext] Well known directory 'Bin': 'D:\VTI Academy\DTN2404\Spring Framework\blog-app\actions-runner\bin'
[2025-05-11 15:43:58Z INFO ConfigurationStore] binPath: D:\VTI Academy\DTN2404\Spring Framework\blog-app\actions-runner\bin
[2025-05-11 15:43:58Z INFO HostContext] Well known directory 'Bin': 'D:\VTI Academy\DTN2404\Spring Framework\blog-app\actions-runner\bin'
[2025-05-11 15:43:58Z INFO HostContext] Well known directory 'Root': 'D:\VTI Academy\DTN2404\Spring Framework\blog-app\actions-runner'
[2025-05-11 15:43:58Z INFO ConfigurationStore] RootFolder: D:\VTI Academy\DTN2404\Spring Framework\blog-app\actions-runner
[2025-05-11 15:43:58Z INFO HostContext] Well known directory 'Bin': 'D:\VTI Academy\DTN2404\Spring Framework\blog-app\actions-runner\bin'
[2025-05-11 15:43:58Z INFO HostContext] Well known directory 'Root': 'D:\VTI Academy\DTN2404\Spring Framework\blog-app\actions-runner'
[2025-05-11 15:43:58Z INFO HostContext] Well known config file 'Runner': 'D:\VTI Academy\DTN2404\Spring Framework\blog-app\actions-runner\.runner'
[2025-05-11 15:43:58Z INFO ConfigurationStore] ConfigFilePath: D:\VTI Academy\DTN2404\Spring Framework\blog-app\actions-runner\.runner
[2025-05-11 15:43:58Z INFO HostContext] Well known directory 'Bin': 'D:\VTI Academy\DTN2404\Spring Framework\blog-app\actions-runner\bin'
[2025-05-11 15:43:58Z INFO HostContext] Well known directory 'Root': 'D:\VTI Academy\DTN2404\Spring Framework\blog-app\actions-runner'
[2025-05-11 15:43:58Z INFO HostContext] Well known config file 'MigratedRunner': 'D:\VTI Academy\DTN2404\Spring Framework\blog-app\actions-runner\.runner_migrated'
[2025-05-11 15:43:58Z INFO ConfigurationStore] MigratedConfigFilePath: D:\VTI Academy\DTN2404\Spring Framework\blog-app\actions-runner\.runner_migrated
[2025-05-11 15:43:58Z INFO HostContext] Well known directory 'Bin': 'D:\VTI Academy\DTN2404\Spring Framework\blog-app\actions-runner\bin'
[2025-05-11 15:43:58Z INFO HostContext] Well known directory 'Root': 'D:\VTI Academy\DTN2404\Spring Framework\blog-app\actions-runner'
[2025-05-11 15:43:58Z INFO HostContext] Well known config file 'Credentials': 'D:\VTI Academy\DTN2404\Spring Framework\blog-app\actions-runner\.credentials'
[2025-05-11 15:43:58Z INFO ConfigurationStore] CredFilePath: D:\VTI Academy\DTN2404\Spring Framework\blog-app\actions-runner\.credentials
[2025-05-11 15:43:58Z INFO HostContext] Well known directory 'Bin': 'D:\VTI Academy\DTN2404\Spring Framework\blog-app\actions-runner\bin'
[2025-05-11 15:43:58Z INFO HostContext] Well known directory 'Root': 'D:\VTI Academy\DTN2404\Spring Framework\blog-app\actions-runner'
[2025-05-11 15:43:58Z INFO HostContext] Well known config file 'MigratedCredentials': 'D:\VTI Academy\DTN2404\Spring Framework\blog-app\actions-runner\.credentials_migrated'
[2025-05-11 15:43:58Z INFO ConfigurationStore] MigratedCredFilePath: D:\VTI Academy\DTN2404\Spring Framework\blog-app\actions-runner\.credentials_migrated
[2025-05-11 15:43:58Z INFO HostContext] Well known directory 'Bin': 'D:\VTI Academy\DTN2404\Spring Framework\blog-app\actions-runner\bin'
[2025-05-11 15:43:58Z INFO HostContext] Well known directory 'Root': 'D:\VTI Academy\DTN2404\Spring Framework\blog-app\actions-runner'
[2025-05-11 15:43:58Z INFO HostContext] Well known config file 'Service': 'D:\VTI Academy\DTN2404\Spring Framework\blog-app\actions-runner\.service'
[2025-05-11 15:43:58Z INFO ConfigurationStore] ServiceConfigFilePath: D:\VTI Academy\DTN2404\Spring Framework\blog-app\actions-runner\.service
[2025-05-11 15:43:58Z INFO ConfigurationStore] Read setting file: 306 chars
[2025-05-11 15:43:58Z INFO JobRunner] Initializing launch client
[2025-05-11 15:43:58Z INFO JobServerQueue] Initializing results client
[2025-05-11 15:43:58Z INFO ResultServer] Creating websocket client ...wss://results-receiver.actions.githubusercontent.com/_ws/ingest.sock
[2025-05-11 15:43:58Z INFO ResultServer] Attempting to start websocket client with delay 00:00:00.
[2025-05-11 15:43:58Z INFO JobServerQueue] Start process web console line queue.
[2025-05-11 15:43:58Z INFO JobServerQueue] Start process file upload queue.
[2025-05-11 15:43:58Z INFO JobServerQueue] Start results file upload queue.
[2025-05-11 15:43:58Z INFO JobServerQueue] Starting results-based upload queue...
[2025-05-11 15:43:58Z INFO JobServerQueue] Start process timeline update queue.
[2025-05-11 15:43:58Z INFO ExecutionContext] Initialize GitHub context
[2025-05-11 15:43:58Z INFO ExecutionContext] Initialize Env context
[2025-05-11 15:43:58Z INFO HostContext] Well known directory 'Bin': 'D:\VTI Academy\DTN2404\Spring Framework\blog-app\actions-runner\bin'
[2025-05-11 15:43:58Z INFO HostContext] Well known directory 'Root': 'D:\VTI Academy\DTN2404\Spring Framework\blog-app\actions-runner'
[2025-05-11 15:43:58Z INFO HostContext] Well known directory 'Diag': 'D:\VTI Academy\DTN2404\Spring Framework\blog-app\actions-runner\_diag'
[2025-05-11 15:43:58Z INFO HostContext] Well known directory 'Bin': 'D:\VTI Academy\DTN2404\Spring Framework\blog-app\actions-runner\bin'
[2025-05-11 15:43:58Z INFO HostContext] Well known directory 'Root': 'D:\VTI Academy\DTN2404\Spring Framework\blog-app\actions-runner'
[2025-05-11 15:43:58Z INFO HostContext] Well known directory 'Diag': 'D:\VTI Academy\DTN2404\Spring Framework\blog-app\actions-runner\_diag'
[2025-05-11 15:43:58Z INFO JobRunner] Starting the job execution context.
[2025-05-11 15:43:58Z INFO HostContext] Well known directory 'Bin': 'D:\VTI Academy\DTN2404\Spring Framework\blog-app\actions-runner\bin'
[2025-05-11 15:43:58Z INFO HostContext] Well known directory 'Root': 'D:\VTI Academy\DTN2404\Spring Framework\blog-app\actions-runner'
[2025-05-11 15:43:58Z INFO HostContext] Well known directory 'Work': 'D:\VTI Academy\DTN2404\Spring Framework\blog-app\actions-runner\_work'
[2025-05-11 15:43:58Z INFO JobRunner] Validating directory permissions for: 'D:\VTI Academy\DTN2404\Spring Framework\blog-app\actions-runner\_work'
[2025-05-11 15:43:58Z INFO HostContext] Well known directory 'Bin': 'D:\VTI Academy\DTN2404\Spring Framework\blog-app\actions-runner\bin'
[2025-05-11 15:43:58Z INFO HostContext] Well known directory 'Root': 'D:\VTI Academy\DTN2404\Spring Framework\blog-app\actions-runner'
[2025-05-11 15:43:58Z INFO HostContext] Well known directory 'Work': 'D:\VTI Academy\DTN2404\Spring Framework\blog-app\actions-runner\_work'
[2025-05-11 15:43:58Z INFO HostContext] Well known directory 'Tools': 'D:\VTI Academy\DTN2404\Spring Framework\blog-app\actions-runner\_work\_tool'
[2025-05-11 15:43:58Z INFO HostContext] Well known directory 'Bin': 'D:\VTI Academy\DTN2404\Spring Framework\blog-app\actions-runner\bin'
[2025-05-11 15:43:58Z INFO HostContext] Well known directory 'Root': 'D:\VTI Academy\DTN2404\Spring Framework\blog-app\actions-runner'
[2025-05-11 15:43:58Z INFO HostContext] Well known directory 'Work': 'D:\VTI Academy\DTN2404\Spring Framework\blog-app\actions-runner\_work'
[2025-05-11 15:43:58Z INFO HostContext] Well known directory 'Temp': 'D:\VTI Academy\DTN2404\Spring Framework\blog-app\actions-runner\_work\_temp'
[2025-05-11 15:43:58Z INFO JobRunner] Getting job extension.
[2025-05-11 15:43:58Z INFO JobRunner] Initialize job. Getting all job steps.
[2025-05-11 15:43:58Z INFO HostContext] Well known directory 'Bin': 'D:\VTI Academy\DTN2404\Spring Framework\blog-app\actions-runner\bin'
[2025-05-11 15:43:58Z INFO HostContext] Well known directory 'Root': 'D:\VTI Academy\DTN2404\Spring Framework\blog-app\actions-runner'
[2025-05-11 15:43:58Z INFO HostContext] Well known directory 'Diag': 'D:\VTI Academy\DTN2404\Spring Framework\blog-app\actions-runner\_diag'
[2025-05-11 15:43:58Z INFO HostContext] Well known directory 'Bin': 'D:\VTI Academy\DTN2404\Spring Framework\blog-app\actions-runner\bin'
[2025-05-11 15:43:58Z INFO HostContext] Well known directory 'Root': 'D:\VTI Academy\DTN2404\Spring Framework\blog-app\actions-runner'
[2025-05-11 15:43:58Z INFO HostContext] Well known directory 'Diag': 'D:\VTI Academy\DTN2404\Spring Framework\blog-app\actions-runner\_diag'
[2025-05-11 15:43:58Z INFO HostContext] Well known directory 'Bin': 'D:\VTI Academy\DTN2404\Spring Framework\blog-app\actions-runner\bin'
[2025-05-11 15:43:58Z INFO HostContext] Well known directory 'Root': 'D:\VTI Academy\DTN2404\Spring Framework\blog-app\actions-runner'
[2025-05-11 15:43:58Z INFO HostContext] Well known config file 'Credentials': 'D:\VTI Academy\DTN2404\Spring Framework\blog-app\actions-runner\.credentials'
[2025-05-11 15:43:58Z INFO HostContext] Well known directory 'Bin': 'D:\VTI Academy\DTN2404\Spring Framework\blog-app\actions-runner\bin'
[2025-05-11 15:43:58Z INFO HostContext] Well known directory 'Root': 'D:\VTI Academy\DTN2404\Spring Framework\blog-app\actions-runner'
[2025-05-11 15:43:58Z INFO HostContext] Well known config file 'SetupInfo': 'D:\VTI Academy\DTN2404\Spring Framework\blog-app\actions-runner\.setup_info'
[2025-05-11 15:43:58Z INFO HostContext] Well known directory 'Bin': 'D:\VTI Academy\DTN2404\Spring Framework\blog-app\actions-runner\bin'
[2025-05-11 15:43:58Z INFO HostContext] Well known directory 'Root': 'D:\VTI Academy\DTN2404\Spring Framework\blog-app\actions-runner'
[2025-05-11 15:43:58Z INFO HostContext] Well known directory 'Work': 'D:\VTI Academy\DTN2404\Spring Framework\blog-app\actions-runner\_work'
[2025-05-11 15:43:58Z INFO PipelineDirectoryManager] Loading tracking config if exists: D:\VTI Academy\DTN2404\Spring Framework\blog-app\actions-runner\_work\_PipelineMapping\Hungpham2k4/test\PipelineFolder.json
[2025-05-11 15:43:58Z INFO PipelineDirectoryManager] Creating a new tracking config file.
[2025-05-11 15:43:58Z INFO HostContext] Well known directory 'Bin': 'D:\VTI Academy\DTN2404\Spring Framework\blog-app\actions-runner\bin'
[2025-05-11 15:43:58Z INFO HostContext] Well known directory 'Root': 'D:\VTI Academy\DTN2404\Spring Framework\blog-app\actions-runner'
[2025-05-11 15:43:58Z INFO HostContext] Well known directory 'Work': 'D:\VTI Academy\DTN2404\Spring Framework\blog-app\actions-runner\_work'
[2025-05-11 15:43:58Z INFO PipelineDirectoryManager] Creating pipeline directory.
[2025-05-11 15:43:58Z INFO HostContext] Well known directory 'Bin': 'D:\VTI Academy\DTN2404\Spring Framework\blog-app\actions-runner\bin'
[2025-05-11 15:43:58Z INFO HostContext] Well known directory 'Root': 'D:\VTI Academy\DTN2404\Spring Framework\blog-app\actions-runner'
[2025-05-11 15:43:58Z INFO HostContext] Well known directory 'Work': 'D:\VTI Academy\DTN2404\Spring Framework\blog-app\actions-runner\_work'
[2025-05-11 15:43:58Z INFO PipelineDirectoryManager] Creating workspace directory.
[2025-05-11 15:43:58Z INFO HostContext] Well known directory 'Bin': 'D:\VTI Academy\DTN2404\Spring Framework\blog-app\actions-runner\bin'
[2025-05-11 15:43:58Z INFO HostContext] Well known directory 'Root': 'D:\VTI Academy\DTN2404\Spring Framework\blog-app\actions-runner'
[2025-05-11 15:43:58Z INFO HostContext] Well known directory 'Work': 'D:\VTI Academy\DTN2404\Spring Framework\blog-app\actions-runner\_work'
[2025-05-11 15:43:58Z INFO JobExtension] Downloading actions
[2025-05-11 15:43:58Z INFO HostContext] Well known directory 'Bin': 'D:\VTI Academy\DTN2404\Spring Framework\blog-app\actions-runner\bin'
[2025-05-11 15:43:58Z INFO HostContext] Well known directory 'Root': 'D:\VTI Academy\DTN2404\Spring Framework\blog-app\actions-runner'
[2025-05-11 15:43:58Z INFO HostContext] Well known directory 'Work': 'D:\VTI Academy\DTN2404\Spring Framework\blog-app\actions-runner\_work'
[2025-05-11 15:43:58Z INFO HostContext] Well known directory 'Actions': 'D:\VTI Academy\DTN2404\Spring Framework\blog-app\actions-runner\_work\_actions'
[2025-05-11 15:43:58Z INFO JobExtension] Adding .
[2025-05-11 15:43:58Z INFO HostContext] Well known directory 'Bin': 'D:\VTI Academy\DTN2404\Spring Framework\blog-app\actions-runner\bin'
[2025-05-11 15:43:58Z INFO HostContext] Well known directory 'Root': 'D:\VTI Academy\DTN2404\Spring Framework\blog-app\actions-runner'
[2025-05-11 15:43:58Z INFO HostContext] Well known directory 'Diag': 'D:\VTI Academy\DTN2404\Spring Framework\blog-app\actions-runner\_diag'
[2025-05-11 15:43:58Z INFO HostContext] Well known directory 'Bin': 'D:\VTI Academy\DTN2404\Spring Framework\blog-app\actions-runner\bin'
[2025-05-11 15:43:58Z INFO HostContext] Well known directory 'Root': 'D:\VTI Academy\DTN2404\Spring Framework\blog-app\actions-runner'
[2025-05-11 15:43:58Z INFO HostContext] Well known directory 'Diag': 'D:\VTI Academy\DTN2404\Spring Framework\blog-app\actions-runner\_diag'
[2025-05-11 15:43:58Z INFO JobExtension] Total accessible running process: 260.
[2025-05-11 15:43:58Z INFO HostContext] Well known directory 'Bin': 'D:\VTI Academy\DTN2404\Spring Framework\blog-app\actions-runner\bin'
[2025-05-11 15:43:58Z INFO HostContext] Well known directory 'Root': 'D:\VTI Academy\DTN2404\Spring Framework\blog-app\actions-runner'
[2025-05-11 15:43:58Z INFO HostContext] Well known directory 'Work': 'D:\VTI Academy\DTN2404\Spring Framework\blog-app\actions-runner\_work'
[2025-05-11 15:43:58Z INFO JobExtension] Start checking service connectivity in background.
[2025-05-11 15:43:58Z INFO ExecutionContext] Publish step telemetry for current step {
  "action": "setup_job",
  "type": "runner",
  "stage": "Pre",
  "stepId": "d51c8a85-f754-43ba-9a1f-2a8ff8e0e892",
  "result": "succeeded",
  "errorMessages": [],
  "executionTimeInSeconds": 1,
  "startTime": "2025-05-11T15:43:58.831049Z",
  "finishTime": "2025-05-11T15:43:58.8823684Z"
}.
[2025-05-11 15:43:58Z INFO JobRunner] Total job steps: 1.
[2025-05-11 15:43:58Z INFO JobRunner] Run all job steps.
[2025-05-11 15:43:58Z INFO StepsRunner] Processing step: DisplayName='Send Telegram message'
[2025-05-11 15:43:58Z INFO StepsRunner] Evaluating: success()
[2025-05-11 15:43:58Z INFO StepsRunner] Result: true
[2025-05-11 15:43:58Z INFO StepsRunner] Starting the step.
[2025-05-11 15:43:58Z INFO HostContext] Well known directory 'Bin': 'D:\VTI Academy\DTN2404\Spring Framework\blog-app\actions-runner\bin'
[2025-05-11 15:43:58Z INFO HostContext] Well known directory 'Root': 'D:\VTI Academy\DTN2404\Spring Framework\blog-app\actions-runner'
[2025-05-11 15:43:58Z INFO HostContext] Well known directory 'Work': 'D:\VTI Academy\DTN2404\Spring Framework\blog-app\actions-runner\_work'
[2025-05-11 15:43:58Z INFO HostContext] Well known directory 'Temp': 'D:\VTI Academy\DTN2404\Spring Framework\blog-app\actions-runner\_work\_temp'
[2025-05-11 15:43:58Z INFO ExecutionContext] Write event payload to D:\VTI Academy\DTN2404\Spring Framework\blog-app\actions-runner\_work\_temp\_github_workflow\event.json
[2025-05-11 15:43:58Z INFO HostContext] Well known directory 'Bin': 'D:\VTI Academy\DTN2404\Spring Framework\blog-app\actions-runner\bin'
[2025-05-11 15:43:58Z INFO HostContext] Well known directory 'Root': 'D:\VTI Academy\DTN2404\Spring Framework\blog-app\actions-runner'
[2025-05-11 15:43:58Z INFO HostContext] Well known directory 'Work': 'D:\VTI Academy\DTN2404\Spring Framework\blog-app\actions-runner\_work'
[2025-05-11 15:43:58Z INFO HostContext] Well known directory 'Temp': 'D:\VTI Academy\DTN2404\Spring Framework\blog-app\actions-runner\_work\_temp'
[2025-05-11 15:43:58Z INFO ExtensionManager] Getting extensions for interface: 'GitHub.Runner.Worker.IFileCommandExtension'
[2025-05-11 15:43:58Z INFO ExtensionManager] Creating instance: GitHub.Runner.Worker.AddPathFileCommand, Runner.Worker
[2025-05-11 15:43:58Z INFO ExtensionManager] Creating instance: GitHub.Runner.Worker.SetEnvFileCommand, Runner.Worker
[2025-05-11 15:43:58Z INFO ExtensionManager] Creating instance: GitHub.Runner.Worker.CreateStepSummaryCommand, Runner.Worker
[2025-05-11 15:43:58Z INFO ExtensionManager] Creating instance: GitHub.Runner.Worker.SaveStateFileCommand, Runner.Worker
[2025-05-11 15:43:58Z INFO ExtensionManager] Creating instance: GitHub.Runner.Worker.SetOutputFileCommand, Runner.Worker
[2025-05-11 15:43:58Z INFO ExtensionManager] Getting extensions for interface: 'GitHub.Runner.Worker.IActionCommandExtension'
[2025-05-11 15:43:58Z INFO ExtensionManager] Creating instance: GitHub.Runner.Worker.InternalPluginSetRepoPathCommandExtension, Runner.Worker
[2025-05-11 15:43:58Z INFO ExtensionManager] Creating instance: GitHub.Runner.Worker.SetEnvCommandExtension, Runner.Worker
[2025-05-11 15:43:58Z INFO ExtensionManager] Creating instance: GitHub.Runner.Worker.SetOutputCommandExtension, Runner.Worker
[2025-05-11 15:43:58Z INFO ExtensionManager] Creating instance: GitHub.Runner.Worker.SaveStateCommandExtension, Runner.Worker
[2025-05-11 15:43:58Z INFO ExtensionManager] Creating instance: GitHub.Runner.Worker.AddPathCommandExtension, Runner.Worker
[2025-05-11 15:43:58Z INFO ExtensionManager] Creating instance: GitHub.Runner.Worker.AddMaskCommandExtension, Runner.Worker
[2025-05-11 15:43:58Z INFO ExtensionManager] Creating instance: GitHub.Runner.Worker.AddMatcherCommandExtension, Runner.Worker
[2025-05-11 15:43:58Z INFO ExtensionManager] Creating instance: GitHub.Runner.Worker.RemoveMatcherCommandExtension, Runner.Worker
[2025-05-11 15:43:58Z INFO ExtensionManager] Creating instance: GitHub.Runner.Worker.WarningCommandExtension, Runner.Worker
[2025-05-11 15:43:58Z INFO ExtensionManager] Creating instance: GitHub.Runner.Worker.ErrorCommandExtension, Runner.Worker
[2025-05-11 15:43:58Z INFO ExtensionManager] Creating instance: GitHub.Runner.Worker.NoticeCommandExtension, Runner.Worker
[2025-05-11 15:43:58Z INFO ExtensionManager] Creating instance: GitHub.Runner.Worker.DebugCommandExtension, Runner.Worker
[2025-05-11 15:43:58Z INFO ExtensionManager] Creating instance: GitHub.Runner.Worker.GroupCommandExtension, Runner.Worker
[2025-05-11 15:43:58Z INFO ExtensionManager] Creating instance: GitHub.Runner.Worker.EndGroupCommandExtension, Runner.Worker
[2025-05-11 15:43:58Z INFO ExtensionManager] Creating instance: GitHub.Runner.Worker.EchoCommandExtension, Runner.Worker
[2025-05-11 15:43:58Z INFO ActionCommandManager] Register action command extension for command internal-set-repo-path
[2025-05-11 15:43:58Z INFO ActionCommandManager] Register action command extension for command set-env
[2025-05-11 15:43:58Z INFO ActionCommandManager] Register action command extension for command set-output
[2025-05-11 15:43:58Z INFO ActionCommandManager] Register action command extension for command save-state
[2025-05-11 15:43:58Z INFO ActionCommandManager] Register action command extension for command add-path
[2025-05-11 15:43:58Z INFO ActionCommandManager] Register action command extension for command add-mask
[2025-05-11 15:43:58Z INFO ActionCommandManager] Register action command extension for command add-matcher
[2025-05-11 15:43:58Z INFO ActionCommandManager] Register action command extension for command remove-matcher
[2025-05-11 15:43:58Z INFO ActionCommandManager] Register action command extension for command warning
[2025-05-11 15:43:58Z INFO ActionCommandManager] Register action command extension for command error
[2025-05-11 15:43:58Z INFO ActionCommandManager] Register action command extension for command notice
[2025-05-11 15:43:58Z INFO ActionCommandManager] Register action command extension for command debug
[2025-05-11 15:43:58Z INFO ActionCommandManager] Register action command extension for command group
[2025-05-11 15:43:58Z INFO ActionCommandManager] Register action command extension for command endgroup
[2025-05-11 15:43:58Z INFO ActionCommandManager] Register action command extension for command echo
[2025-05-11 15:43:58Z INFO ScriptHandler] Which2: 'pwsh'
[2025-05-11 15:43:58Z INFO ScriptHandler] pwsh: command not found. Make sure 'pwsh' is installed and its location included in the 'Path' environment variable.
[2025-05-11 15:43:58Z INFO ScriptHandler] Defaulting to powershell
[2025-05-11 15:43:58Z INFO ScriptHandler] Which2: 'powershell'
[2025-05-11 15:43:58Z INFO ScriptHandler] Location: 'C:\Windows\System32\WindowsPowerShell\v1.0\powershell.EXE'
[2025-05-11 15:43:58Z INFO HostContext] Well known directory 'Bin': 'D:\VTI Academy\DTN2404\Spring Framework\blog-app\actions-runner\bin'
[2025-05-11 15:43:58Z INFO HostContext] Well known directory 'Root': 'D:\VTI Academy\DTN2404\Spring Framework\blog-app\actions-runner'
[2025-05-11 15:43:58Z INFO HostContext] Well known directory 'Work': 'D:\VTI Academy\DTN2404\Spring Framework\blog-app\actions-runner\_work'
[2025-05-11 15:43:58Z INFO HostContext] Well known directory 'Temp': 'D:\VTI Academy\DTN2404\Spring Framework\blog-app\actions-runner\_work\_temp'
[2025-05-11 15:43:58Z INFO ScriptHandler] Which2: 'pwsh'
[2025-05-11 15:43:58Z INFO ScriptHandler] pwsh: command not found. Make sure 'pwsh' is installed and its location included in the 'Path' environment variable.
[2025-05-11 15:43:58Z INFO ScriptHandler] Defaulting to powershell
[2025-05-11 15:43:58Z INFO ScriptHandler] Which2: 'powershell'
[2025-05-11 15:43:58Z INFO ScriptHandler] Location: 'C:\Windows\System32\WindowsPowerShell\v1.0\powershell.EXE'
[2025-05-11 15:43:58Z INFO ProcessInvokerWrapper] Starting process:
[2025-05-11 15:43:58Z INFO ProcessInvokerWrapper]   File name: 'C:\Windows\System32\WindowsPowerShell\v1.0\powershell.EXE'
[2025-05-11 15:43:58Z INFO ProcessInvokerWrapper]   Arguments: '-command ". 'D:\VTI Academy\DTN2404\Spring Framework\blog-app\actions-runner\_work\_temp\c4ef37e2-7759-4a88-8786-6fc4b351138d.ps1'"'
[2025-05-11 15:43:58Z INFO ProcessInvokerWrapper]   Working directory: 'D:\VTI Academy\DTN2404\Spring Framework\blog-app\actions-runner\_work\test\test'
[2025-05-11 15:43:58Z INFO ProcessInvokerWrapper]   Require exit code zero: 'False'
[2025-05-11 15:43:58Z INFO ProcessInvokerWrapper]   Encoding web name:  ; code page: ''
[2025-05-11 15:43:58Z INFO ProcessInvokerWrapper]   Force kill process on cancellation: 'False'
[2025-05-11 15:43:58Z INFO ProcessInvokerWrapper]   Redirected STDIN: 'False'
[2025-05-11 15:43:58Z INFO ProcessInvokerWrapper]   Persist current code page: 'True'
[2025-05-11 15:43:58Z INFO ProcessInvokerWrapper]   Keep redirected STDIN open: 'False'
[2025-05-11 15:43:58Z INFO ProcessInvokerWrapper]   High priority process: 'False'
[2025-05-11 15:43:58Z INFO ProcessInvokerWrapper] Process started with process id 4888, waiting for process exit.
[2025-05-11 15:43:58Z INFO Worker] Listening for cancel message from the channel.
[2025-05-11 15:43:58Z INFO Worker] Waiting for the job to complete or for a cancel message from the channel.
[2025-05-11 15:43:59Z INFO ResultServer] Successfully started websocket client.
[2025-05-11 15:43:59Z INFO JobServerQueue] Try to append 1 batches web console lines for record 'd51c8a85-f754-43ba-9a1f-2a8ff8e0e892', success rate: 1/1.
[2025-05-11 15:43:59Z INFO JobServerQueue] Try to append 1 batches web console lines for record 'd7aef5f0-e511-4996-8391-e6e38e66caf6', success rate: 1/1.
[2025-05-11 15:43:59Z INFO JobServerQueue] Got a step log file to send to results service.
[2025-05-11 15:43:59Z INFO JobServerQueue] Starting upload of step log file to results service ResultsLog, D:\VTI Academy\DTN2404\Spring Framework\blog-app\actions-runner\_diag\blocks\092933a8-08a0-48e4-8089-20af99c0f0b2_d51c8a85-f754-43ba-9a1f-2a8ff8e0e892.1
[2025-05-11 15:43:59Z INFO JobServerQueue] Try to upload 1 log files or attachments, success rate: 1/1.
[2025-05-11 15:44:00Z INFO JobServerQueue] Job timeline record has been updated for the first time.
[2025-05-11 15:44:00Z INFO ProcessInvokerWrapper] STDOUT/STDERR stream read finished.
[2025-05-11 15:44:00Z INFO ProcessInvokerWrapper] STDOUT/STDERR stream read finished.
[2025-05-11 15:44:00Z INFO ProcessInvokerWrapper] Finished process 4888 with exit code 1, and elapsed time 00:00:01.2346594.
[2025-05-11 15:44:00Z INFO CreateStepSummaryCommand] Step Summary file (D:\VTI Academy\DTN2404\Spring Framework\blog-app\actions-runner\_work\_temp\_runner_file_commands\step_summary_f7dc1b49-fc2c-414d-bade-480c99a5a86c) is empty; skipping attachment upload
[2025-05-11 15:44:00Z INFO StepsRunner] Step result: Failed
[2025-05-11 15:44:00Z INFO ExecutionContext] Publish step telemetry for current step {
  "action": "powershell",
  "type": "run",
  "stage": "Main",
  "stepId": "d7aef5f0-e511-4996-8391-e6e38e66caf6",
  "stepContextName": "__run",
  "result": "failed",
  "errorMessages": [
    "Process completed with exit code 1."
  ],
  "executionTimeInSeconds": 2,
  "startTime": "2025-05-11T15:43:58.8899939Z",
  "finishTime": "2025-05-11T15:44:00.202249Z"
}.
[2025-05-11 15:44:00Z INFO StepsRunner] Update job result with current step result 'Failed'.
[2025-05-11 15:44:00Z INFO StepsRunner] Current state: job state = 'Failed'
[2025-05-11 15:44:00Z INFO JobRunner] Finalize job.
[2025-05-11 15:44:00Z INFO HostContext] Well known directory 'Bin': 'D:\VTI Academy\DTN2404\Spring Framework\blog-app\actions-runner\bin'
[2025-05-11 15:44:00Z INFO HostContext] Well known directory 'Root': 'D:\VTI Academy\DTN2404\Spring Framework\blog-app\actions-runner'
[2025-05-11 15:44:00Z INFO HostContext] Well known directory 'Diag': 'D:\VTI Academy\DTN2404\Spring Framework\blog-app\actions-runner\_diag'
[2025-05-11 15:44:00Z INFO HostContext] Well known directory 'Bin': 'D:\VTI Academy\DTN2404\Spring Framework\blog-app\actions-runner\bin'
[2025-05-11 15:44:00Z INFO HostContext] Well known directory 'Root': 'D:\VTI Academy\DTN2404\Spring Framework\blog-app\actions-runner'
[2025-05-11 15:44:00Z INFO HostContext] Well known directory 'Diag': 'D:\VTI Academy\DTN2404\Spring Framework\blog-app\actions-runner\_diag'
[2025-05-11 15:44:00Z INFO JobExtension] Initialize Env context
[2025-05-11 15:44:00Z INFO JobExtension] Initialize steps context
[2025-05-11 15:44:00Z INFO JobExtension] Total accessible running process: 260.
[2025-05-11 15:44:00Z INFO JobServerQueue] Try to append 1 batches web console lines for record 'd7aef5f0-e511-4996-8391-e6e38e66caf6', success rate: 1/1.
[2025-05-11 15:44:00Z INFO JobServerQueue] Try to append 1 batches web console lines for record '09f9203d-30f5-498d-ab67-a5aa08db7c0f', success rate: 1/1.
[2025-05-11 15:44:00Z INFO ExecutionContext] Publish step telemetry for current step {
  "action": "complete_job",
  "type": "runner",
  "stage": "Post",
  "stepId": "09f9203d-30f5-498d-ab67-a5aa08db7c0f",
  "result": "succeeded",
  "errorMessages": [],
  "executionTimeInSeconds": 1,
  "startTime": "2025-05-11T15:44:00.2072851Z",
  "finishTime": "2025-05-11T15:44:00.2246275Z"
}.
[2025-05-11 15:44:00Z INFO JobRunner] Job result after all job steps finish: Failed
[2025-05-11 15:44:00Z INFO JobRunner] Completing the job execution context.
[2025-05-11 15:44:00Z INFO JobRunner] Shutting down the job server queue.
[2025-05-11 15:44:00Z INFO JobServerQueue] Fire signal to shutdown all queues.
[2025-05-11 15:44:01Z INFO JobServerQueue] Tried to upload 1 file(s) to results, success rate: 1/1.
[2025-05-11 15:44:02Z INFO JobServerQueue] All queue process task stopped.
[2025-05-11 15:44:02Z INFO JobServerQueue] Web console line queue drained.
[2025-05-11 15:44:02Z INFO JobServerQueue] Uploading 3 files in one shot.
[2025-05-11 15:44:02Z INFO JobServerQueue] Try to upload 3 log files or attachments, success rate: 3/3.
[2025-05-11 15:44:02Z INFO JobServerQueue] File upload queue drained.
[2025-05-11 15:44:02Z INFO JobServerQueue] Starting results-based upload queue...
[2025-05-11 15:44:02Z INFO JobServerQueue] Uploading 3 file(s) in one shot through results service.
[2025-05-11 15:44:02Z INFO JobServerQueue] Got a step log file to send to results service.
[2025-05-11 15:44:02Z INFO JobServerQueue] Starting upload of step log file to results service ResultsLog, D:\VTI Academy\DTN2404\Spring Framework\blog-app\actions-runner\_diag\blocks\092933a8-08a0-48e4-8089-20af99c0f0b2_d7aef5f0-e511-4996-8391-e6e38e66caf6.1
[2025-05-11 15:44:03Z INFO JobServerQueue] Got a step log file to send to results service.
[2025-05-11 15:44:03Z INFO JobServerQueue] Starting upload of step log file to results service ResultsLog, D:\VTI Academy\DTN2404\Spring Framework\blog-app\actions-runner\_diag\blocks\092933a8-08a0-48e4-8089-20af99c0f0b2_09f9203d-30f5-498d-ab67-a5aa08db7c0f.1
[2025-05-11 15:44:04Z INFO JobServerQueue] Got a job log file to send to results service.
[2025-05-11 15:44:04Z INFO JobServerQueue] Starting upload of job log file to results service ResultsLog, D:\VTI Academy\DTN2404\Spring Framework\blog-app\actions-runner\_diag\blocks\092933a8-08a0-48e4-8089-20af99c0f0b2_0d7dcd59-9c03-5c80-b852-9140fb08b452.1
[2025-05-11 15:44:04Z INFO JobServerQueue] Tried to upload 3 file(s) to results, success rate: 3/3.
[2025-05-11 15:44:04Z INFO JobServerQueue] Results upload queue drained.
[2025-05-11 15:44:05Z INFO JobServerQueue] Timeline update queue drained.
[2025-05-11 15:44:05Z INFO JobServerQueue] Disposing job server ...
[2025-05-11 15:44:05Z INFO JobServerQueue] Disposing results server ...
[2025-05-11 15:44:05Z INFO JobServerQueue] All queue process tasks have been stopped, and all queues are drained.
[2025-05-11 15:44:05Z INFO TempDirectoryManager] Cleaning runner temp folder: D:\VTI Academy\DTN2404\Spring Framework\blog-app\actions-runner\_work\_temp
[2025-05-11 15:44:05Z INFO HostContext] Well known directory 'Bin': 'D:\VTI Academy\DTN2404\Spring Framework\blog-app\actions-runner\bin'
[2025-05-11 15:44:05Z INFO HostContext] Well known directory 'Root': 'D:\VTI Academy\DTN2404\Spring Framework\blog-app\actions-runner'
[2025-05-11 15:44:05Z INFO HostContext] Well known directory 'Diag': 'D:\VTI Academy\DTN2404\Spring Framework\blog-app\actions-runner\_diag'
[2025-05-11 15:44:05Z INFO HostContext] Well known config file 'Telemetry': 'D:\VTI Academy\DTN2404\Spring Framework\blog-app\actions-runner\_diag\.telemetry'
[2025-05-11 15:44:05Z INFO JobRunner] Raising job completed against run service
[2025-05-11 15:44:06Z INFO Worker] Job completed.
