[2025-05-13 15:57:17Z INFO HostContext] No proxy settings were found based on environmental variables (http_proxy/https_proxy/HTTP_PROXY/HTTPS_PROXY)
[2025-05-13 15:57:17Z INFO HostContext] Well known directory 'Bin': 'D:\VTI Academy\DTN2404\Spring Framework\blog-app\actions-runner\bin'
[2025-05-13 15:57:17Z INFO HostContext] Well known directory 'Root': 'D:\VTI Academy\DTN2404\Spring Framework\blog-app\actions-runner'
[2025-05-13 15:57:17Z INFO HostContext] Well known config file 'Credentials': 'D:\VTI Academy\DTN2404\Spring Framework\blog-app\actions-runner\.credentials'
[2025-05-13 15:57:17Z INFO HostContext] Well known directory 'Bin': 'D:\VTI Academy\DTN2404\Spring Framework\blog-app\actions-runner\bin'
[2025-05-13 15:57:17Z INFO HostContext] Well known directory 'Root': 'D:\VTI Academy\DTN2404\Spring Framework\blog-app\actions-runner'
[2025-05-13 15:57:17Z INFO HostContext] Well known config file 'Runner': 'D:\VTI Academy\DTN2404\Spring Framework\blog-app\actions-runner\.runner'
[2025-05-13 15:57:17Z INFO Worker] Version: 2.323.0
[2025-05-13 15:57:17Z INFO Worker] Commit: d8b82f44a9ec0258904d5869ae683c31d5aac299
[2025-05-13 15:57:17Z INFO Worker] Culture: en-US
[2025-05-13 15:57:17Z INFO Worker] UI Culture: en-US
[2025-05-13 15:57:17Z INFO Worker] Waiting to receive the job message from the channel.
[2025-05-13 15:57:17Z INFO ProcessChannel] Receiving message of length 22132, with hash '43c27f9823debb42d2ab4236eea1e7ede66113df2f82153dcac2d0bc245fff58'
[2025-05-13 15:57:17Z INFO Worker] Message received.
[2025-05-13 15:57:17Z INFO Worker] Job message:
 {
  "fileTable": [
    ".github/workflows/notify-pr-main.yml"
  ],
  "mask": [
    {
      "type": "regex",
      "value": "***"
    },
    {
      "type": "regex",
      "value": "***"
    },
    {
      "type": "regex",
      "value": "***"
    },
    {
      "type": "regex",
      "value": "***"
    },
    {
      "type": "regex",
      "value": "***"
    },
    {
      "type": "regex",
      "value": "***"
    },
    {
      "type": "regex",
      "value": "***"
    },
    {
      "type": "regex",
      "value": "***"
    },
    {
      "type": "regex",
      "value": "***"
    },
    {
      "type": "regex",
      "value": "***"
    },
    {
      "type": "regex",
      "value": "***"
    },
    {
      "type": "regex",
      "value": "***"
    },
    {
      "type": "regex",
      "value": "***"
    },
    {
      "type": "regex",
      "value": "***"
    },
    {
      "type": "regex",
      "value": "***"
    },
    {
      "type": "regex",
      "value": "***"
    },
    {
      "type": "regex",
      "value": "***"
    },
    {
      "type": "regex",
      "value": "***"
    }
  ],
  "steps": [
    {
      "type": "action",
      "reference": {
        "type": "script"
      },
      "displayNameToken": {
        "type": 0,
        "file": 1,
        "line": 20,
        "col": 15,
        "lit": "Send Telegram message"
      },
      "contextName": "__run",
      "environment": {
        "type": 2,
        "file": 1,
        "line": 22,
        "col": 11,
        "map": [
          {
            "key": {
              "type": 0,
              "file": 1,
              "line": 22,
              "col": 11,
              "lit": "TELEGRAM_TOKEN"
            },
            "value": {
              "type": 3,
              "file": 1,
              "line": 22,
              "col": 27,
              "expr": "secrets.TELEGRAM_TOKEN"
            }
          },
          {
            "key": {
              "type": 0,
              "file": 1,
              "line": 23,
              "col": 11,
              "lit": "TELEGRAM_CHAT_ID"
            },
            "value": {
              "type": 3,
              "file": 1,
              "line": 23,
              "col": 29,
              "expr": "secrets.TELEGRAM_CHAT_ID"
            }
          }
        ]
      },
      "inputs": {
        "type": 2,
        "map": [
          {
            "key": "script",
            "value": {
              "type": 0,
              "file": 1,
              "line": 25,
              "col": 14,
              "lit": "# Đọc dữ liệu từ file JSON GitHub cung cấp\n$event = Get-Content $env:GITHUB_EVENT_PATH | ConvertFrom-Json\n\n$actor = $env:GITHUB_ACTOR\n$repo = $env:GITHUB_REPOSITORY\n$pr = $event.pull_request\n$prNumber = $pr.number\n$action = $event.action\n$prTitle = $pr.title\n$sourceBranch = $pr.head.ref\n$targetBranch = $pr.base.ref\n$prUrl = $pr.html_url\n\n$message = @\"\nPull Request Activity\nActor: $actor\nAction: $action\nRepo: $repo\nFrom: $sourceBranch -> $targetBranch\nTitle: $prTitle\nPR: $prUrl\n\"@\n\n          Write-Host \"Sending Telegram message:\"\n  Write-Host $message\n  \n  Invoke-RestMethod -Uri \"https://api.telegram.org/bot$env:TELEGRAM_TOKEN/sendMessage\" `\n  -Method Post `\n  -ContentType \"application/json\" `\n  -Body (@{\n  chat_id = \"$env:TELEGRAM_CHAT_ID\"\n  text = $message\n  } | ConvertTo-Json -Depth 10)\n"
            }
          },
          {
            "key": "shell",
            "value": {
              "type": 0,
              "file": 1,
              "line": 24,
              "col": 16,
              "lit": "powershell"
            }
          }
        ]
      },
      "condition": "success()",
      "id": "c422a145-f482-465d-aef3-2fe2a45f4521",
      "name": "__run"
    }
  ],
  "variables": {
    "Actions.EnableHttpRedirects": {
      "value": "true"
    },
    "DistributedTask.AddWarningToNode12Action": {
      "value": "true"
    },
    "DistributedTask.AddWarningToNode16Action": {
      "value": "true"
    },
    "DistributedTask.AllowRunnerContainerHooks": {
      "value": "true"
    },
    "DistributedTask.DeprecateStepOutputCommands": {
      "value": "true"
    },
    "DistributedTask.DetailUntarFailure": {
      "value": "true"
    },
    "DistributedTask.EnableCompositeActions": {
      "value": "true"
    },
    "DistributedTask.EnableJobServerQueueTelemetry": {
      "value": "true"
    },
    "DistributedTask.EnhancedAnnotations": {
      "value": "true"
    },
    "DistributedTask.ForceGithubJavascriptActionsToNode16": {
      "value": "true"
    },
    "DistributedTask.ForceGithubJavascriptActionsToNode20": {
      "value": "true"
    },
    "DistributedTask.LogTemplateErrorsAsDebugMessages": {
      "value": "true"
    },
    "DistributedTask.MarkJobAsFailedOnWorkerCrash": {
      "value": "true"
    },
    "DistributedTask.NewActionMetadata": {
      "value": "true"
    },
    "DistributedTask.UploadStepSummary": {
      "value": "true"
    },
    "DistributedTask.UseActionArchiveCache": {
      "value": "true"
    },
    "DistributedTask.UseWhich2": {
      "value": "true"
    },
    "RunService.FixEmbeddedIssues": {
      "value": "true"
    },
    "TELEGRAM_CHAT_ID": {
      "value": "***",
      "isSecret": true
    },
    "TELEGRAM_TOKEN": {
      "value": "***",
      "isSecret": true
    },
    "actions_add_check_run_id_to_job_context": {
      "value": "false"
    },
    "actions_skip_retry_complete_job_upon_known_errors": {
      "value": "true"
    },
    "actions_uses_cache_service_v2": {
      "value": "true"
    },
    "github_token": {
      "value": "***",
      "isSecret": true
    },
    "system.from_run_service": {
      "value": "true"
    },
    "system.github.job": {
      "value": "notify"
    },
    "system.github.launch_endpoint": {
      "value": "https://launch.actions.githubusercontent.com"
    },
    "system.github.results_endpoint": {
      "value": "https://results-receiver.actions.githubusercontent.com/"
    },
    "system.github.results_upload_with_sdk": {
      "value": "true"
    },
    "system.github.token": {
      "value": "***",
      "isSecret": true
    },
    "system.github.token.permissions": {
      "value": "{\"Contents\":\"read\",\"Metadata\":\"read\",\"Packages\":\"read\"}"
    },
    "system.orchestrationId": {
      "value": "b1fefd12-5642-44ea-af8d-a36fdd847467.notify.__default"
    },
    "system.phaseDisplayName": {
      "value": "notify"
    },
    "system.runner.lowdiskspacethreshold": {
      "value": "100"
    },
    "system.runnerEnvironment": {
      "value": "self-hosted"
    }
  },
  "messageType": "RunnerJobRequest",
  "plan": {
    "scopeIdentifier": "00000000-0000-0000-0000-000000000000",
    "planType": "actions",
    "version": 0,
    "planId": "b1fefd12-5642-44ea-af8d-a36fdd847467",
    "planGroup": null,
    "artifactUri": null,
    "artifactLocation": null,
    "definition": null,
    "owner": null
  },
  "timeline": {
    "id": "b1fefd12-5642-44ea-af8d-a36fdd847467",
    "changeId": 0,
    "location": null
  },
  "jobId": "e458bd21-b9d8-5276-a221-b4e8459182a4",
  "jobDisplayName": "notify",
  "jobName": "__default",
  "requestId": 0,
  "lockedUntil": "0001-01-01T00:00:00",
  "resources": {
    "endpoints": [
      {
        "data": {
          "ServerId": "",
          "ServerName": "",
          "CacheServerUrl": "https://acghubeus2.actions.githubusercontent.com/msXd7nkQ89USSZrPyml6DqYAQGPEuvHtqU8b9dELyziudQrTf1/",
          "FeedStreamUrl": "wss://results-receiver.actions.githubusercontent.com/_ws/ingest.sock",
          "ResultsServiceUrl": "https://results-receiver.actions.githubusercontent.com/",
          "PipelinesServiceUrl": "https://pipelinesghubeus24.actions.githubusercontent.com/msXd7nkQ89USSZrPyml6DqYAQGPEuvHtqU8b9dELyziudQrTf1/",
          "GenerateIdTokenUrl": ""
        },
        "name": "SystemVssConnection",
        "url": "https://run-actions-2-azure-eastus.actions.githubusercontent.com/61/",
        "authorization": {
          "parameters": {
            "AccessToken": "***"
          },
          "scheme": "OAuth"
        },
        "isShared": false,
        "isReady": true
      }
    ]
  },
  "contextData": {
    "github": {
      "t": 2,
      "d": [
        {
          "k": "ref",
          "v": "refs/heads/main"
        },
        {
          "k": "sha",
          "v": "ef9cbc859aab8692197dbdb0f5325235a713d22e"
        },
        {
          "k": "repository",
          "v": "Hungpham2k4/test"
        },
        {
          "k": "repository_owner",
          "v": "Hungpham2k4"
        },
        {
          "k": "repository_owner_id",
          "v": "115924690"
        },
        {
          "k": "repositoryUrl",
          "v": "git://github.com/Hungpham2k4/test.git"
        },
        {
          "k": "run_id",
          "v": "15001184390"
        },
        {
          "k": "run_number",
          "v": "37"
        },
        {
          "k": "retention_days",
          "v": "90"
        },
        {
          "k": "run_attempt",
          "v": "1"
        },
        {
          "k": "artifact_cache_size_limit",
          "v": "10"
        },
        {
          "k": "repository_visibility",
          "v": "public"
        },
        {
          "k": "actor_id",
          "v": "209438657"
        },
        {
          "k": "actor",
          "v": "Trung-Kien-Bui"
        },
        {
          "k": "workflow",
          "v": "Notify on PR to Main"
        },
        {
          "k": "head_ref",
          "v": ""
        },
        {
          "k": "base_ref",
          "v": ""
        },
        {
          "k": "event_name",
          "v": "push"
        },
        {
          "k": "server_url",
          "v": "https://github.com"
        },
        {
          "k": "api_url",
          "v": "https://api.github.com"
        },
        {
          "k": "graphql_url",
          "v": "https://api.github.com/graphql"
        },
        {
          "k": "ref_name",
          "v": "main"
        },
        {
          "k": "ref_protected",
          "v": false
        },
        {
          "k": "ref_type",
          "v": "branch"
        },
        {
          "k": "secret_source",
          "v": "Actions"
        },
        {
          "k": "event",
          "v": {
            "t": 2,
            "d": [
              {
                "k": "after",
                "v": "ef9cbc859aab8692197dbdb0f5325235a713d22e"
              },
              {
                "k": "base_ref",
                "v": null
              },
              {
                "k": "before",
                "v": "5e5c505d0be7c650f752fb4f8efdcd123457d170"
              },
              {
                "k": "commits",
                "v": {
                  "t": 1,
                  "a": [
                    {
                      "t": 2,
                      "d": [
                        {
                          "k": "author",
                          "v": {
                            "t": 2,
                            "d": [
                              {
                                "k": "email",
                                "v": "kienbui27032004@gmail.com"
                              },
                              {
                                "k": "name",
                                "v": "Bui_Trung_Kien"
                              },
                              {
                                "k": "username",
                                "v": "Trung-Kien-Bui"
                              }
                            ]
                          }
                        },
                        {
                          "k": "committer",
                          "v": {
                            "t": 2,
                            "d": [
                              {
                                "k": "email",
                                "v": "noreply@github.com"
                              },
                              {
                                "k": "name",
                                "v": "GitHub"
                              },
                              {
                                "k": "username",
                                "v": "web-flow"
                              }
                            ]
                          }
                        },
                        {
                          "k": "distinct",
                          "v": false
                        },
                        {
                          "k": "id",
                          "v": "fb662fa679b5c398f5a4a28e658f0a9cefa92e13"
                        },
                        {
                          "k": "message",
                          "v": "Create notify-on-push.yml"
                        },
                        {
                          "k": "timestamp",
                          "v": "2025-05-13T22:36:15+07:00"
                        },
                        {
                          "k": "tree_id",
                          "v": "5051327c932534c5d782bc6e320af11b58b4257c"
                        },
                        {
                          "k": "url",
                          "v": "https://github.com/Hungpham2k4/test/commit/fb662fa679b5c398f5a4a28e658f0a9cefa92e13"
                        }
                      ]
                    },
                    {
                      "t": 2,
                      "d": [
                        {
                          "k": "author",
                          "v": {
                            "t": 2,
                            "d": [
                              {
                                "k": "email",
                                "v": "kienbui27032004@gmail.com"
                              },
                              {
                                "k": "name",
                                "v": "Bui_Trung_Kien"
                              },
                              {
                                "k": "username",
                                "v": "Trung-Kien-Bui"
                              }
                            ]
                          }
                        },
                        {
                          "k": "committer",
                          "v": {
                            "t": 2,
                            "d": [
                              {
                                "k": "email",
                                "v": "noreply@github.com"
                              },
                              {
                                "k": "name",
                                "v": "GitHub"
                              },
                              {
                                "k": "username",
                                "v": "web-flow"
                              }
                            ]
                          }
                        },
                        {
                          "k": "distinct",
                          "v": false
                        },
                        {
                          "k": "id",
                          "v": "7c1ca0e0510c61852a2f1e510db6378bcecdd5d6"
                        },
                        {
                          "k": "message",
                          "v": "Delete .mvn/wrapper/.github/workflows directory"
                        },
                        {
                          "k": "timestamp",
                          "v": "2025-05-13T22:37:21+07:00"
                        },
                        {
                          "k": "tree_id",
                          "v": "412dfd73264e4144d44367a9fdd908a7cf2b80b0"
                        },
                        {
                          "k": "url",
                          "v": "https://github.com/Hungpham2k4/test/commit/7c1ca0e0510c61852a2f1e510db6378bcecdd5d6"
                        }
                      ]
                    },
                    {
                      "t": 2,
                      "d": [
                        {
                          "k": "author",
                          "v": {
                            "t": 2,
                            "d": [
                              {
                                "k": "email",
                                "v": "kienbui27032004@gmail.com"
                              },
                              {
                                "k": "name",
                                "v": "Bui_Trung_Kien"
                              },
                              {
                                "k": "username",
                                "v": "Trung-Kien-Bui"
                              }
                            ]
                          }
                        },
                        {
                          "k": "committer",
                          "v": {
                            "t": 2,
                            "d": [
                              {
                                "k": "email",
                                "v": "noreply@github.com"
                              },
                              {
                                "k": "name",
                                "v": "GitHub"
                              },
                              {
                                "k": "username",
                                "v": "web-flow"
                              }
                            ]
                          }
                        },
                        {
                          "k": "distinct",
                          "v": false
                        },
                        {
                          "k": "id",
                          "v": "48ae559a54adeb09a0132f27c480e36b6946a6c9"
                        },
                        {
                          "k": "message",
                          "v": "Merge pull request #20 from Hungpham2k4/main\n\nMerge pull request #19 from Hungpham2k4/test_push_request"
                        },
                        {
                          "k": "timestamp",
                          "v": "2025-05-13T22:42:51+07:00"
                        },
                        {
                          "k": "tree_id",
                          "v": "412dfd73264e4144d44367a9fdd908a7cf2b80b0"
                        },
                        {
                          "k": "url",
                          "v": "https://github.com/Hungpham2k4/test/commit/48ae559a54adeb09a0132f27c480e36b6946a6c9"
                        }
                      ]
                    },
                    {
                      "t": 2,
                      "d": [
                        {
                          "k": "author",
                          "v": {
                            "t": 2,
                            "d": [
                              {
                                "k": "email",
                                "v": "kienbui27032004@gmail.com"
                              },
                              {
                                "k": "name",
                                "v": "Bui_Trung_Kien"
                              },
                              {
                                "k": "username",
                                "v": "Trung-Kien-Bui"
                              }
                            ]
                          }
                        },
                        {
                          "k": "committer",
                          "v": {
                            "t": 2,
                            "d": [
                              {
                                "k": "email",
                                "v": "noreply@github.com"
                              },
                              {
                                "k": "name",
                                "v": "GitHub"
                              },
                              {
                                "k": "username",
                                "v": "web-flow"
                              }
                            ]
                          }
                        },
                        {
                          "k": "distinct",
                          "v": false
                        },
                        {
                          "k": "id",
                          "v": "369d3c0ce2b164578e5f7942801d72bdeccf50c8"
                        },
                        {
                          "k": "message",
                          "v": "Update notify-pr-main.yml"
                        },
                        {
                          "k": "timestamp",
                          "v": "2025-05-13T22:47:31+07:00"
                        },
                        {
                          "k": "tree_id",
                          "v": "d8905eb9850e6c51ba01ca05a5698a43218570f7"
                        },
                        {
                          "k": "url",
                          "v": "https://github.com/Hungpham2k4/test/commit/369d3c0ce2b164578e5f7942801d72bdeccf50c8"
                        }
                      ]
                    },
                    {
                      "t": 2,
                      "d": [
                        {
                          "k": "author",
                          "v": {
                            "t": 2,
                            "d": [
                              {
                                "k": "email",
                                "v": "kienbui27032004@gmail.com"
                              },
                              {
                                "k": "name",
                                "v": "Bui_Trung_Kien"
                              },
                              {
                                "k": "username",
                                "v": "Trung-Kien-Bui"
                              }
                            ]
                          }
                        },
                        {
                          "k": "committer",
                          "v": {
                            "t": 2,
                            "d": [
                              {
                                "k": "email",
                                "v": "noreply@github.com"
                              },
                              {
                                "k": "name",
                                "v": "GitHub"
                              },
                              {
                                "k": "username",
                                "v": "web-flow"
                              }
                            ]
                          }
                        },
                        {
                          "k": "distinct",
                          "v": true
                        },
                        {
                          "k": "id",
                          "v": "ef9cbc859aab8692197dbdb0f5325235a713d22e"
                        },
                        {
                          "k": "message",
                          "v": "Merge pull request #21 from Hungpham2k4/test_push_request\n\nTest push request"
                        },
                        {
                          "k": "timestamp",
                          "v": "2025-05-13T22:54:44+07:00"
                        },
                        {
                          "k": "tree_id",
                          "v": "d8905eb9850e6c51ba01ca05a5698a43218570f7"
                        },
                        {
                          "k": "url",
                          "v": "https://github.com/Hungpham2k4/test/commit/ef9cbc859aab8692197dbdb0f5325235a713d22e"
                        }
                      ]
                    }
                  ]
                }
              },
              {
                "k": "compare",
                "v": "https://github.com/Hungpham2k4/test/compare/5e5c505d0be7...ef9cbc859aab"
              },
              {
                "k": "created",
                "v": false
              },
              {
                "k": "deleted",
                "v": false
              },
              {
                "k": "forced",
                "v": false
              },
              {
                "k": "head_commit",
                "v": {
                  "t": 2,
                  "d": [
                    {
                      "k": "author",
                      "v": {
                        "t": 2,
                        "d": [
                          {
                            "k": "email",
                            "v": "kienbui27032004@gmail.com"
                          },
                          {
                            "k": "name",
                            "v": "Bui_Trung_Kien"
                          },
                          {
                            "k": "username",
                            "v": "Trung-Kien-Bui"
                          }
                        ]
                      }
                    },
                    {
                      "k": "committer",
                      "v": {
                        "t": 2,
                        "d": [
                          {
                            "k": "email",
                            "v": "noreply@github.com"
                          },
                          {
                            "k": "name",
                            "v": "GitHub"
                          },
                          {
                            "k": "username",
                            "v": "web-flow"
                          }
                        ]
                      }
                    },
                    {
                      "k": "distinct",
                      "v": true
                    },
                    {
                      "k": "id",
                      "v": "ef9cbc859aab8692197dbdb0f5325235a713d22e"
                    },
                    {
                      "k": "message",
                      "v": "Merge pull request #21 from Hungpham2k4/test_push_request\n\nTest push request"
                    },
                    {
                      "k": "timestamp",
                      "v": "2025-05-13T22:54:44+07:00"
                    },
                    {
                      "k": "tree_id",
                      "v": "d8905eb9850e6c51ba01ca05a5698a43218570f7"
                    },
                    {
                      "k": "url",
                      "v": "https://github.com/Hungpham2k4/test/commit/ef9cbc859aab8692197dbdb0f5325235a713d22e"
                    }
                  ]
                }
              },
              {
                "k": "pusher",
                "v": {
                  "t": 2,
                  "d": [
                    {
                      "k": "email",
                      "v": "kienbui27032004@gmail.com"
                    },
                    {
                      "k": "name",
                      "v": "Trung-Kien-Bui"
                    }
                  ]
                }
              },
              {
                "k": "ref",
                "v": "refs/heads/main"
              },
              {
                "k": "repository",
                "v": {
                  "t": 2,
                  "d": [
                    {
                      "k": "allow_forking",
                      "v": true
                    },
                    {
                      "k": "archive_url",
                      "v": "https://api.github.com/repos/Hungpham2k4/test/{archive_format}{/ref}"
                    },
                    {
                      "k": "archived",
                      "v": false
                    },
                    {
                      "k": "assignees_url",
                      "v": "https://api.github.com/repos/Hungpham2k4/test/assignees{/user}"
                    },
                    {
                      "k": "blobs_url",
                      "v": "https://api.github.com/repos/Hungpham2k4/test/git/blobs{/sha}"
                    },
                    {
                      "k": "branches_url",
                      "v": "https://api.github.com/repos/Hungpham2k4/test/branches{/branch}"
                    },
                    {
                      "k": "clone_url",
                      "v": "https://github.com/Hungpham2k4/test.git"
                    },
                    {
                      "k": "collaborators_url",
                      "v": "https://api.github.com/repos/Hungpham2k4/test/collaborators{/collaborator}"
                    },
                    {
                      "k": "comments_url",
                      "v": "https://api.github.com/repos/Hungpham2k4/test/comments{/number}"
                    },
                    {
                      "k": "commits_url",
                      "v": "https://api.github.com/repos/Hungpham2k4/test/commits{/sha}"
                    },
                    {
                      "k": "compare_url",
                      "v": "https://api.github.com/repos/Hungpham2k4/test/compare/{base}...{head}"
                    },
                    {
                      "k": "contents_url",
                      "v": "https://api.github.com/repos/Hungpham2k4/test/contents/{+path}"
                    },
                    {
                      "k": "contributors_url",
                      "v": "https://api.github.com/repos/Hungpham2k4/test/contributors"
                    },
                    {
                      "k": "created_at",
                      "v": 1746946234.0
                    },
                    {
                      "k": "default_branch",
                      "v": "main"
                    },
                    {
                      "k": "deployments_url",
                      "v": "https://api.github.com/repos/Hungpham2k4/test/deployments"
                    },
                    {
                      "k": "description",
                      "v": null
                    },
                    {
                      "k": "disabled",
                      "v": false
                    },
                    {
                      "k": "downloads_url",
                      "v": "https://api.github.com/repos/Hungpham2k4/test/downloads"
                    },
                    {
                      "k": "events_url",
                      "v": "https://api.github.com/repos/Hungpham2k4/test/events"
                    },
                    {
                      "k": "fork",
                      "v": false
                    },
                    {
                      "k": "forks",
                      "v": 0.0
                    },
                    {
                      "k": "forks_count",
                      "v": 0.0
                    },
                    {
                      "k": "forks_url",
                      "v": "https://api.github.com/repos/Hungpham2k4/test/forks"
                    },
                    {
                      "k": "full_name",
                      "v": "Hungpham2k4/test"
                    },
                    {
                      "k": "git_commits_url",
                      "v": "https://api.github.com/repos/Hungpham2k4/test/git/commits{/sha}"
                    },
                    {
                      "k": "git_refs_url",
                      "v": "https://api.github.com/repos/Hungpham2k4/test/git/refs{/sha}"
                    },
                    {
                      "k": "git_tags_url",
                      "v": "https://api.github.com/repos/Hungpham2k4/test/git/tags{/sha}"
                    },
                    {
                      "k": "git_url",
                      "v": "git://github.com/Hungpham2k4/test.git"
                    },
                    {
                      "k": "has_discussions",
                      "v": false
                    },
                    {
                      "k": "has_downloads",
                      "v": true
                    },
                    {
                      "k": "has_issues",
                      "v": true
                    },
                    {
                      "k": "has_pages",
                      "v": false
                    },
                    {
                      "k": "has_projects",
                      "v": true
                    },
                    {
                      "k": "has_wiki",
                      "v": true
                    },
                    {
                      "k": "homepage",
                      "v": null
                    },
                    {
                      "k": "hooks_url",
                      "v": "https://api.github.com/repos/Hungpham2k4/test/hooks"
                    },
                    {
                      "k": "html_url",
                      "v": "https://github.com/Hungpham2k4/test"
                    },
                    {
                      "k": "id",
                      "v": 981462424.0
                    },
                    {
                      "k": "is_template",
                      "v": false
                    },
                    {
                      "k": "issue_comment_url",
                      "v": "https://api.github.com/repos/Hungpham2k4/test/issues/comments{/number}"
                    },
                    {
                      "k": "issue_events_url",
                      "v": "https://api.github.com/repos/Hungpham2k4/test/issues/events{/number}"
                    },
                    {
                      "k": "issues_url",
                      "v": "https://api.github.com/repos/Hungpham2k4/test/issues{/number}"
                    },
                    {
                      "k": "keys_url",
                      "v": "https://api.github.com/repos/Hungpham2k4/test/keys{/key_id}"
                    },
                    {
                      "k": "labels_url",
                      "v": "https://api.github.com/repos/Hungpham2k4/test/labels{/name}"
                    },
                    {
                      "k": "language",
                      "v": "JavaScript"
                    },
                    {
                      "k": "languages_url",
                      "v": "https://api.github.com/repos/Hungpham2k4/test/languages"
                    },
                    {
                      "k": "license",
                      "v": null
                    },
                    {
                      "k": "master_branch",
                      "v": "main"
                    },
                    {
                      "k": "merges_url",
                      "v": "https://api.github.com/repos/Hungpham2k4/test/merges"
                    },
                    {
                      "k": "milestones_url",
                      "v": "https://api.github.com/repos/Hungpham2k4/test/milestones{/number}"
                    },
                    {
                      "k": "mirror_url",
                      "v": null
                    },
                    {
                      "k": "name",
                      "v": "test"
                    },
                    {
                      "k": "node_id",
                      "v": "R_kgDOOn_tmA"
                    },
                    {
                      "k": "notifications_url",
                      "v": "https://api.github.com/repos/Hungpham2k4/test/notifications{?since,all,participating}"
                    },
                    {
                      "k": "open_issues",
                      "v": 0.0
                    },
                    {
                      "k": "open_issues_count",
                      "v": 0.0
                    },
                    {
                      "k": "owner",
                      "v": {
                        "t": 2,
                        "d": [
                          {
                            "k": "avatar_url",
                            "v": "https://avatars.githubusercontent.com/u/115924690?v=4"
                          },
                          {
                            "k": "email",
                            "v": "115924690+Hungpham2k4@users.noreply.github.com"
                          },
                          {
                            "k": "events_url",
                            "v": "https://api.github.com/users/Hungpham2k4/events{/privacy}"
                          },
                          {
                            "k": "followers_url",
                            "v": "https://api.github.com/users/Hungpham2k4/followers"
                          },
                          {
                            "k": "following_url",
                            "v": "https://api.github.com/users/Hungpham2k4/following{/other_user}"
                          },
                          {
                            "k": "gists_url",
                            "v": "https://api.github.com/users/Hungpham2k4/gists{/gist_id}"
                          },
                          {
                            "k": "gravatar_id",
                            "v": ""
                          },
                          {
                            "k": "html_url",
                            "v": "https://github.com/Hungpham2k4"
                          },
                          {
                            "k": "id",
                            "v": 115924690.0
                          },
                          {
                            "k": "login",
                            "v": "Hungpham2k4"
                          },
                          {
                            "k": "name",
                            "v": "Hungpham2k4"
                          },
                          {
                            "k": "node_id",
                            "v": "U_kgDOBuje0g"
                          },
                          {
                            "k": "organizations_url",
                            "v": "https://api.github.com/users/Hungpham2k4/orgs"
                          },
                          {
                            "k": "received_events_url",
                            "v": "https://api.github.com/users/Hungpham2k4/received_events"
                          },
                          {
                            "k": "repos_url",
                            "v": "https://api.github.com/users/Hungpham2k4/repos"
                          },
                          {
                            "k": "site_admin",
                            "v": false
                          },
                          {
                            "k": "starred_url",
                            "v": "https://api.github.com/users/Hungpham2k4/starred{/owner}{/repo}"
                          },
                          {
                            "k": "subscriptions_url",
                            "v": "https://api.github.com/users/Hungpham2k4/subscriptions"
                          },
                          {
                            "k": "type",
                            "v": "User"
                          },
                          {
                            "k": "url",
                            "v": "https://api.github.com/users/Hungpham2k4"
                          },
                          {
                            "k": "user_view_type",
                            "v": "public"
                          }
                        ]
                      }
                    },
                    {
                      "k": "private",
                      "v": false
                    },
                    {
                      "k": "pulls_url",
                      "v": "https://api.github.com/repos/Hungpham2k4/test/pulls{/number}"
                    },
                    {
                      "k": "pushed_at",
                      "v": 1747151684.0
                    },
                    {
                      "k": "releases_url",
                      "v": "https://api.github.com/repos/Hungpham2k4/test/releases{/id}"
                    },
                    {
                      "k": "size",
                      "v": 123714.0
                    },
                    {
                      "k": "ssh_url",
                      "v": "git@github.com:Hungpham2k4/test.git"
                    },
                    {
                      "k": "stargazers",
                      "v": 0.0
                    },
                    {
                      "k": "stargazers_count",
                      "v": 0.0
                    },
                    {
                      "k": "stargazers_url",
                      "v": "https://api.github.com/repos/Hungpham2k4/test/stargazers"
                    },
                    {
                      "k": "statuses_url",
                      "v": "https://api.github.com/repos/Hungpham2k4/test/statuses/{sha}"
                    },
                    {
                      "k": "subscribers_url",
                      "v": "https://api.github.com/repos/Hungpham2k4/test/subscribers"
                    },
                    {
                      "k": "subscription_url",
                      "v": "https://api.github.com/repos/Hungpham2k4/test/subscription"
                    },
                    {
                      "k": "svn_url",
                      "v": "https://github.com/Hungpham2k4/test"
                    },
                    {
                      "k": "tags_url",
                      "v": "https://api.github.com/repos/Hungpham2k4/test/tags"
                    },
                    {
                      "k": "teams_url",
                      "v": "https://api.github.com/repos/Hungpham2k4/test/teams"
                    },
                    {
                      "k": "topics",
                      "v": {
                        "t": 1
                      }
                    },
                    {
                      "k": "trees_url",
                      "v": "https://api.github.com/repos/Hungpham2k4/test/git/trees{/sha}"
                    },
                    {
                      "k": "updated_at",
                      "v": "2025-05-13T15:34:49Z"
                    },
                    {
                      "k": "url",
                      "v": "https://api.github.com/repos/Hungpham2k4/test"
                    },
                    {
                      "k": "visibility",
                      "v": "public"
                    },
                    {
                      "k": "watchers",
                      "v": 0.0
                    },
                    {
                      "k": "watchers_count",
                      "v": 0.0
                    },
                    {
                      "k": "web_commit_signoff_required",
                      "v": false
                    }
                  ]
                }
              },
              {
                "k": "sender",
                "v": {
                  "t": 2,
                  "d": [
                    {
                      "k": "avatar_url",
                      "v": "https://avatars.githubusercontent.com/u/209438657?v=4"
                    },
                    {
                      "k": "events_url",
                      "v": "https://api.github.com/users/Trung-Kien-Bui/events{/privacy}"
                    },
                    {
                      "k": "followers_url",
                      "v": "https://api.github.com/users/Trung-Kien-Bui/followers"
                    },
                    {
                      "k": "following_url",
                      "v": "https://api.github.com/users/Trung-Kien-Bui/following{/other_user}"
                    },
                    {
                      "k": "gists_url",
                      "v": "https://api.github.com/users/Trung-Kien-Bui/gists{/gist_id}"
                    },
                    {
                      "k": "gravatar_id",
                      "v": ""
                    },
                    {
                      "k": "html_url",
                      "v": "https://github.com/Trung-Kien-Bui"
                    },
                    {
                      "k": "id",
                      "v": 209438657.0
                    },
                    {
                      "k": "login",
                      "v": "Trung-Kien-Bui"
                    },
                    {
                      "k": "node_id",
                      "v": "U_kgDODHvHwQ"
                    },
                    {
                      "k": "organizations_url",
                      "v": "https://api.github.com/users/Trung-Kien-Bui/orgs"
                    },
                    {
                      "k": "received_events_url",
                      "v": "https://api.github.com/users/Trung-Kien-Bui/received_events"
                    },
                    {
                      "k": "repos_url",
                      "v": "https://api.github.com/users/Trung-Kien-Bui/repos"
                    },
                    {
                      "k": "site_admin",
                      "v": false
                    },
                    {
                      "k": "starred_url",
                      "v": "https://api.github.com/users/Trung-Kien-Bui/starred{/owner}{/repo}"
                    },
                    {
                      "k": "subscriptions_url",
                      "v": "https://api.github.com/users/Trung-Kien-Bui/subscriptions"
                    },
                    {
                      "k": "type",
                      "v": "User"
                    },
                    {
                      "k": "url",
                      "v": "https://api.github.com/users/Trung-Kien-Bui"
                    },
                    {
                      "k": "user_view_type",
                      "v": "public"
                    }
                  ]
                }
              }
            ]
          }
        },
        {
          "k": "workflow_ref",
          "v": "Hungpham2k4/test/.github/workflows/notify-pr-main.yml@refs/heads/main"
        },
        {
          "k": "workflow_sha",
          "v": "ef9cbc859aab8692197dbdb0f5325235a713d22e"
        },
        {
          "k": "repository_id",
          "v": "981462424"
        },
        {
          "k": "triggering_actor",
          "v": "Trung-Kien-Bui"
        }
      ]
    },
    "inputs": {
      "t": 2
    },
    "matrix": null,
    "needs": {
      "t": 2
    },
    "strategy": {
      "t": 2,
      "d": [
        {
          "k": "fail-fast",
          "v": true
        },
        {
          "k": "job-index",
          "v": 0.0
        },
        {
          "k": "job-total",
          "v": 1.0
        },
        {
          "k": "max-parallel",
          "v": 1.0
        }
      ]
    },
    "vars": {
      "t": 2
    }
  },
  "billingOwnerId": "U_kgDOBuje0g"
}
[2025-05-13 15:57:17Z INFO JobRunner] Job ID e458bd21-b9d8-5276-a221-b4e8459182a4
[2025-05-13 15:57:17Z INFO ConfigurationStore] currentAssemblyLocation: D:\VTI Academy\DTN2404\Spring Framework\blog-app\actions-runner\bin\Runner.Worker.dll
[2025-05-13 15:57:17Z INFO HostContext] Well known directory 'Bin': 'D:\VTI Academy\DTN2404\Spring Framework\blog-app\actions-runner\bin'
[2025-05-13 15:57:17Z INFO ConfigurationStore] binPath: D:\VTI Academy\DTN2404\Spring Framework\blog-app\actions-runner\bin
[2025-05-13 15:57:17Z INFO HostContext] Well known directory 'Bin': 'D:\VTI Academy\DTN2404\Spring Framework\blog-app\actions-runner\bin'
[2025-05-13 15:57:17Z INFO HostContext] Well known directory 'Root': 'D:\VTI Academy\DTN2404\Spring Framework\blog-app\actions-runner'
[2025-05-13 15:57:17Z INFO ConfigurationStore] RootFolder: D:\VTI Academy\DTN2404\Spring Framework\blog-app\actions-runner
[2025-05-13 15:57:17Z INFO HostContext] Well known directory 'Bin': 'D:\VTI Academy\DTN2404\Spring Framework\blog-app\actions-runner\bin'
[2025-05-13 15:57:17Z INFO HostContext] Well known directory 'Root': 'D:\VTI Academy\DTN2404\Spring Framework\blog-app\actions-runner'
[2025-05-13 15:57:17Z INFO HostContext] Well known config file 'Runner': 'D:\VTI Academy\DTN2404\Spring Framework\blog-app\actions-runner\.runner'
[2025-05-13 15:57:17Z INFO ConfigurationStore] ConfigFilePath: D:\VTI Academy\DTN2404\Spring Framework\blog-app\actions-runner\.runner
[2025-05-13 15:57:17Z INFO HostContext] Well known directory 'Bin': 'D:\VTI Academy\DTN2404\Spring Framework\blog-app\actions-runner\bin'
[2025-05-13 15:57:17Z INFO HostContext] Well known directory 'Root': 'D:\VTI Academy\DTN2404\Spring Framework\blog-app\actions-runner'
[2025-05-13 15:57:17Z INFO HostContext] Well known config file 'MigratedRunner': 'D:\VTI Academy\DTN2404\Spring Framework\blog-app\actions-runner\.runner_migrated'
[2025-05-13 15:57:17Z INFO ConfigurationStore] MigratedConfigFilePath: D:\VTI Academy\DTN2404\Spring Framework\blog-app\actions-runner\.runner_migrated
[2025-05-13 15:57:17Z INFO HostContext] Well known directory 'Bin': 'D:\VTI Academy\DTN2404\Spring Framework\blog-app\actions-runner\bin'
[2025-05-13 15:57:17Z INFO HostContext] Well known directory 'Root': 'D:\VTI Academy\DTN2404\Spring Framework\blog-app\actions-runner'
[2025-05-13 15:57:17Z INFO HostContext] Well known config file 'Credentials': 'D:\VTI Academy\DTN2404\Spring Framework\blog-app\actions-runner\.credentials'
[2025-05-13 15:57:17Z INFO ConfigurationStore] CredFilePath: D:\VTI Academy\DTN2404\Spring Framework\blog-app\actions-runner\.credentials
[2025-05-13 15:57:17Z INFO HostContext] Well known directory 'Bin': 'D:\VTI Academy\DTN2404\Spring Framework\blog-app\actions-runner\bin'
[2025-05-13 15:57:17Z INFO HostContext] Well known directory 'Root': 'D:\VTI Academy\DTN2404\Spring Framework\blog-app\actions-runner'
[2025-05-13 15:57:17Z INFO HostContext] Well known config file 'MigratedCredentials': 'D:\VTI Academy\DTN2404\Spring Framework\blog-app\actions-runner\.credentials_migrated'
[2025-05-13 15:57:17Z INFO ConfigurationStore] MigratedCredFilePath: D:\VTI Academy\DTN2404\Spring Framework\blog-app\actions-runner\.credentials_migrated
[2025-05-13 15:57:17Z INFO HostContext] Well known directory 'Bin': 'D:\VTI Academy\DTN2404\Spring Framework\blog-app\actions-runner\bin'
[2025-05-13 15:57:17Z INFO HostContext] Well known directory 'Root': 'D:\VTI Academy\DTN2404\Spring Framework\blog-app\actions-runner'
[2025-05-13 15:57:17Z INFO HostContext] Well known config file 'Service': 'D:\VTI Academy\DTN2404\Spring Framework\blog-app\actions-runner\.service'
[2025-05-13 15:57:17Z INFO ConfigurationStore] ServiceConfigFilePath: D:\VTI Academy\DTN2404\Spring Framework\blog-app\actions-runner\.service
[2025-05-13 15:57:17Z INFO ConfigurationStore] Read setting file: 306 chars
[2025-05-13 15:57:17Z INFO JobRunner] Initializing launch client
[2025-05-13 15:57:17Z INFO JobServerQueue] Initializing results client
[2025-05-13 15:57:17Z INFO ResultServer] Creating websocket client ...wss://results-receiver.actions.githubusercontent.com/_ws/ingest.sock
[2025-05-13 15:57:17Z INFO ResultServer] Attempting to start websocket client with delay 00:00:00.
[2025-05-13 15:57:17Z INFO JobServerQueue] Start process web console line queue.
[2025-05-13 15:57:17Z INFO JobServerQueue] Start process file upload queue.
[2025-05-13 15:57:17Z INFO JobServerQueue] Start results file upload queue.
[2025-05-13 15:57:17Z INFO JobServerQueue] Starting results-based upload queue...
[2025-05-13 15:57:17Z INFO JobServerQueue] Start process timeline update queue.
[2025-05-13 15:57:17Z INFO ExecutionContext] Initialize GitHub context
[2025-05-13 15:57:17Z INFO ExecutionContext] Initialize Env context
[2025-05-13 15:57:17Z INFO HostContext] Well known directory 'Bin': 'D:\VTI Academy\DTN2404\Spring Framework\blog-app\actions-runner\bin'
[2025-05-13 15:57:17Z INFO HostContext] Well known directory 'Root': 'D:\VTI Academy\DTN2404\Spring Framework\blog-app\actions-runner'
[2025-05-13 15:57:17Z INFO HostContext] Well known directory 'Diag': 'D:\VTI Academy\DTN2404\Spring Framework\blog-app\actions-runner\_diag'
[2025-05-13 15:57:17Z INFO HostContext] Well known directory 'Bin': 'D:\VTI Academy\DTN2404\Spring Framework\blog-app\actions-runner\bin'
[2025-05-13 15:57:17Z INFO HostContext] Well known directory 'Root': 'D:\VTI Academy\DTN2404\Spring Framework\blog-app\actions-runner'
[2025-05-13 15:57:17Z INFO HostContext] Well known directory 'Diag': 'D:\VTI Academy\DTN2404\Spring Framework\blog-app\actions-runner\_diag'
[2025-05-13 15:57:17Z INFO JobRunner] Starting the job execution context.
[2025-05-13 15:57:17Z INFO HostContext] Well known directory 'Bin': 'D:\VTI Academy\DTN2404\Spring Framework\blog-app\actions-runner\bin'
[2025-05-13 15:57:17Z INFO HostContext] Well known directory 'Root': 'D:\VTI Academy\DTN2404\Spring Framework\blog-app\actions-runner'
[2025-05-13 15:57:17Z INFO HostContext] Well known directory 'Work': 'D:\VTI Academy\DTN2404\Spring Framework\blog-app\actions-runner\_work'
[2025-05-13 15:57:17Z INFO JobRunner] Validating directory permissions for: 'D:\VTI Academy\DTN2404\Spring Framework\blog-app\actions-runner\_work'
[2025-05-13 15:57:17Z INFO HostContext] Well known directory 'Bin': 'D:\VTI Academy\DTN2404\Spring Framework\blog-app\actions-runner\bin'
[2025-05-13 15:57:17Z INFO HostContext] Well known directory 'Root': 'D:\VTI Academy\DTN2404\Spring Framework\blog-app\actions-runner'
[2025-05-13 15:57:17Z INFO HostContext] Well known directory 'Work': 'D:\VTI Academy\DTN2404\Spring Framework\blog-app\actions-runner\_work'
[2025-05-13 15:57:17Z INFO HostContext] Well known directory 'Tools': 'D:\VTI Academy\DTN2404\Spring Framework\blog-app\actions-runner\_work\_tool'
[2025-05-13 15:57:17Z INFO HostContext] Well known directory 'Bin': 'D:\VTI Academy\DTN2404\Spring Framework\blog-app\actions-runner\bin'
[2025-05-13 15:57:17Z INFO HostContext] Well known directory 'Root': 'D:\VTI Academy\DTN2404\Spring Framework\blog-app\actions-runner'
[2025-05-13 15:57:17Z INFO HostContext] Well known directory 'Work': 'D:\VTI Academy\DTN2404\Spring Framework\blog-app\actions-runner\_work'
[2025-05-13 15:57:17Z INFO HostContext] Well known directory 'Temp': 'D:\VTI Academy\DTN2404\Spring Framework\blog-app\actions-runner\_work\_temp'
[2025-05-13 15:57:17Z INFO JobRunner] Getting job extension.
[2025-05-13 15:57:17Z INFO JobRunner] Initialize job. Getting all job steps.
[2025-05-13 15:57:17Z INFO HostContext] Well known directory 'Bin': 'D:\VTI Academy\DTN2404\Spring Framework\blog-app\actions-runner\bin'
[2025-05-13 15:57:17Z INFO HostContext] Well known directory 'Root': 'D:\VTI Academy\DTN2404\Spring Framework\blog-app\actions-runner'
[2025-05-13 15:57:17Z INFO HostContext] Well known directory 'Diag': 'D:\VTI Academy\DTN2404\Spring Framework\blog-app\actions-runner\_diag'
[2025-05-13 15:57:17Z INFO HostContext] Well known directory 'Bin': 'D:\VTI Academy\DTN2404\Spring Framework\blog-app\actions-runner\bin'
[2025-05-13 15:57:17Z INFO HostContext] Well known directory 'Root': 'D:\VTI Academy\DTN2404\Spring Framework\blog-app\actions-runner'
[2025-05-13 15:57:17Z INFO HostContext] Well known directory 'Diag': 'D:\VTI Academy\DTN2404\Spring Framework\blog-app\actions-runner\_diag'
[2025-05-13 15:57:17Z INFO HostContext] Well known directory 'Bin': 'D:\VTI Academy\DTN2404\Spring Framework\blog-app\actions-runner\bin'
[2025-05-13 15:57:17Z INFO HostContext] Well known directory 'Root': 'D:\VTI Academy\DTN2404\Spring Framework\blog-app\actions-runner'
[2025-05-13 15:57:17Z INFO HostContext] Well known config file 'Credentials': 'D:\VTI Academy\DTN2404\Spring Framework\blog-app\actions-runner\.credentials'
[2025-05-13 15:57:17Z INFO HostContext] Well known directory 'Bin': 'D:\VTI Academy\DTN2404\Spring Framework\blog-app\actions-runner\bin'
[2025-05-13 15:57:17Z INFO HostContext] Well known directory 'Root': 'D:\VTI Academy\DTN2404\Spring Framework\blog-app\actions-runner'
[2025-05-13 15:57:17Z INFO HostContext] Well known config file 'SetupInfo': 'D:\VTI Academy\DTN2404\Spring Framework\blog-app\actions-runner\.setup_info'
[2025-05-13 15:57:17Z INFO HostContext] Well known directory 'Bin': 'D:\VTI Academy\DTN2404\Spring Framework\blog-app\actions-runner\bin'
[2025-05-13 15:57:17Z INFO HostContext] Well known directory 'Root': 'D:\VTI Academy\DTN2404\Spring Framework\blog-app\actions-runner'
[2025-05-13 15:57:17Z INFO HostContext] Well known directory 'Work': 'D:\VTI Academy\DTN2404\Spring Framework\blog-app\actions-runner\_work'
[2025-05-13 15:57:17Z INFO PipelineDirectoryManager] Loading tracking config if exists: D:\VTI Academy\DTN2404\Spring Framework\blog-app\actions-runner\_work\_PipelineMapping\Hungpham2k4/test\PipelineFolder.json
[2025-05-13 15:57:17Z INFO PipelineDirectoryManager] Updating job run properties.
[2025-05-13 15:57:17Z INFO HostContext] Well known directory 'Bin': 'D:\VTI Academy\DTN2404\Spring Framework\blog-app\actions-runner\bin'
[2025-05-13 15:57:17Z INFO HostContext] Well known directory 'Root': 'D:\VTI Academy\DTN2404\Spring Framework\blog-app\actions-runner'
[2025-05-13 15:57:17Z INFO HostContext] Well known directory 'Work': 'D:\VTI Academy\DTN2404\Spring Framework\blog-app\actions-runner\_work'
[2025-05-13 15:57:17Z INFO HostContext] Well known directory 'Bin': 'D:\VTI Academy\DTN2404\Spring Framework\blog-app\actions-runner\bin'
[2025-05-13 15:57:17Z INFO HostContext] Well known directory 'Root': 'D:\VTI Academy\DTN2404\Spring Framework\blog-app\actions-runner'
[2025-05-13 15:57:17Z INFO HostContext] Well known directory 'Work': 'D:\VTI Academy\DTN2404\Spring Framework\blog-app\actions-runner\_work'
[2025-05-13 15:57:17Z INFO HostContext] Well known directory 'Bin': 'D:\VTI Academy\DTN2404\Spring Framework\blog-app\actions-runner\bin'
[2025-05-13 15:57:17Z INFO HostContext] Well known directory 'Root': 'D:\VTI Academy\DTN2404\Spring Framework\blog-app\actions-runner'
[2025-05-13 15:57:17Z INFO HostContext] Well known directory 'Work': 'D:\VTI Academy\DTN2404\Spring Framework\blog-app\actions-runner\_work'
[2025-05-13 15:57:17Z INFO JobExtension] Downloading actions
[2025-05-13 15:57:17Z INFO HostContext] Well known directory 'Bin': 'D:\VTI Academy\DTN2404\Spring Framework\blog-app\actions-runner\bin'
[2025-05-13 15:57:17Z INFO HostContext] Well known directory 'Root': 'D:\VTI Academy\DTN2404\Spring Framework\blog-app\actions-runner'
[2025-05-13 15:57:17Z INFO HostContext] Well known directory 'Work': 'D:\VTI Academy\DTN2404\Spring Framework\blog-app\actions-runner\_work'
[2025-05-13 15:57:17Z INFO HostContext] Well known directory 'Actions': 'D:\VTI Academy\DTN2404\Spring Framework\blog-app\actions-runner\_work\_actions'
[2025-05-13 15:57:17Z INFO JobExtension] Adding .
[2025-05-13 15:57:17Z INFO HostContext] Well known directory 'Bin': 'D:\VTI Academy\DTN2404\Spring Framework\blog-app\actions-runner\bin'
[2025-05-13 15:57:17Z INFO HostContext] Well known directory 'Root': 'D:\VTI Academy\DTN2404\Spring Framework\blog-app\actions-runner'
[2025-05-13 15:57:17Z INFO HostContext] Well known directory 'Diag': 'D:\VTI Academy\DTN2404\Spring Framework\blog-app\actions-runner\_diag'
[2025-05-13 15:57:17Z INFO HostContext] Well known directory 'Bin': 'D:\VTI Academy\DTN2404\Spring Framework\blog-app\actions-runner\bin'
[2025-05-13 15:57:17Z INFO HostContext] Well known directory 'Root': 'D:\VTI Academy\DTN2404\Spring Framework\blog-app\actions-runner'
[2025-05-13 15:57:17Z INFO HostContext] Well known directory 'Diag': 'D:\VTI Academy\DTN2404\Spring Framework\blog-app\actions-runner\_diag'
[2025-05-13 15:57:17Z INFO JobExtension] Total accessible running process: 279.
[2025-05-13 15:57:17Z INFO HostContext] Well known directory 'Bin': 'D:\VTI Academy\DTN2404\Spring Framework\blog-app\actions-runner\bin'
[2025-05-13 15:57:17Z INFO HostContext] Well known directory 'Root': 'D:\VTI Academy\DTN2404\Spring Framework\blog-app\actions-runner'
[2025-05-13 15:57:17Z INFO HostContext] Well known directory 'Work': 'D:\VTI Academy\DTN2404\Spring Framework\blog-app\actions-runner\_work'
[2025-05-13 15:57:17Z INFO JobExtension] Start checking service connectivity in background.
[2025-05-13 15:57:17Z INFO ExecutionContext] Publish step telemetry for current step {
  "action": "setup_job",
  "type": "runner",
  "stage": "Pre",
  "stepId": "a6ce9efa-f767-4ca8-9b22-d0e8b47764a2",
  "result": "succeeded",
  "errorMessages": [],
  "executionTimeInSeconds": 1,
  "startTime": "2025-05-13T15:57:17.8400302Z",
  "finishTime": "2025-05-13T15:57:17.890649Z"
}.
[2025-05-13 15:57:17Z INFO JobRunner] Total job steps: 1.
[2025-05-13 15:57:17Z INFO JobRunner] Run all job steps.
[2025-05-13 15:57:17Z INFO StepsRunner] Processing step: DisplayName='Send Telegram message'
[2025-05-13 15:57:17Z INFO StepsRunner] Evaluating: success()
[2025-05-13 15:57:17Z INFO StepsRunner] Result: true
[2025-05-13 15:57:17Z INFO StepsRunner] Starting the step.
[2025-05-13 15:57:17Z INFO HostContext] Well known directory 'Bin': 'D:\VTI Academy\DTN2404\Spring Framework\blog-app\actions-runner\bin'
[2025-05-13 15:57:17Z INFO HostContext] Well known directory 'Root': 'D:\VTI Academy\DTN2404\Spring Framework\blog-app\actions-runner'
[2025-05-13 15:57:17Z INFO HostContext] Well known directory 'Work': 'D:\VTI Academy\DTN2404\Spring Framework\blog-app\actions-runner\_work'
[2025-05-13 15:57:17Z INFO HostContext] Well known directory 'Temp': 'D:\VTI Academy\DTN2404\Spring Framework\blog-app\actions-runner\_work\_temp'
[2025-05-13 15:57:17Z INFO ExecutionContext] Write event payload to D:\VTI Academy\DTN2404\Spring Framework\blog-app\actions-runner\_work\_temp\_github_workflow\event.json
[2025-05-13 15:57:17Z INFO HostContext] Well known directory 'Bin': 'D:\VTI Academy\DTN2404\Spring Framework\blog-app\actions-runner\bin'
[2025-05-13 15:57:17Z INFO HostContext] Well known directory 'Root': 'D:\VTI Academy\DTN2404\Spring Framework\blog-app\actions-runner'
[2025-05-13 15:57:17Z INFO HostContext] Well known directory 'Work': 'D:\VTI Academy\DTN2404\Spring Framework\blog-app\actions-runner\_work'
[2025-05-13 15:57:17Z INFO HostContext] Well known directory 'Temp': 'D:\VTI Academy\DTN2404\Spring Framework\blog-app\actions-runner\_work\_temp'
[2025-05-13 15:57:17Z INFO ExtensionManager] Getting extensions for interface: 'GitHub.Runner.Worker.IFileCommandExtension'
[2025-05-13 15:57:17Z INFO ExtensionManager] Creating instance: GitHub.Runner.Worker.AddPathFileCommand, Runner.Worker
[2025-05-13 15:57:17Z INFO ExtensionManager] Creating instance: GitHub.Runner.Worker.SetEnvFileCommand, Runner.Worker
[2025-05-13 15:57:17Z INFO ExtensionManager] Creating instance: GitHub.Runner.Worker.CreateStepSummaryCommand, Runner.Worker
[2025-05-13 15:57:17Z INFO ExtensionManager] Creating instance: GitHub.Runner.Worker.SaveStateFileCommand, Runner.Worker
[2025-05-13 15:57:17Z INFO ExtensionManager] Creating instance: GitHub.Runner.Worker.SetOutputFileCommand, Runner.Worker
[2025-05-13 15:57:17Z INFO ExtensionManager] Getting extensions for interface: 'GitHub.Runner.Worker.IActionCommandExtension'
[2025-05-13 15:57:17Z INFO ExtensionManager] Creating instance: GitHub.Runner.Worker.InternalPluginSetRepoPathCommandExtension, Runner.Worker
[2025-05-13 15:57:17Z INFO ExtensionManager] Creating instance: GitHub.Runner.Worker.SetEnvCommandExtension, Runner.Worker
[2025-05-13 15:57:17Z INFO ExtensionManager] Creating instance: GitHub.Runner.Worker.SetOutputCommandExtension, Runner.Worker
[2025-05-13 15:57:17Z INFO ExtensionManager] Creating instance: GitHub.Runner.Worker.SaveStateCommandExtension, Runner.Worker
[2025-05-13 15:57:17Z INFO ExtensionManager] Creating instance: GitHub.Runner.Worker.AddPathCommandExtension, Runner.Worker
[2025-05-13 15:57:17Z INFO ExtensionManager] Creating instance: GitHub.Runner.Worker.AddMaskCommandExtension, Runner.Worker
[2025-05-13 15:57:17Z INFO ExtensionManager] Creating instance: GitHub.Runner.Worker.AddMatcherCommandExtension, Runner.Worker
[2025-05-13 15:57:17Z INFO ExtensionManager] Creating instance: GitHub.Runner.Worker.RemoveMatcherCommandExtension, Runner.Worker
[2025-05-13 15:57:17Z INFO ExtensionManager] Creating instance: GitHub.Runner.Worker.WarningCommandExtension, Runner.Worker
[2025-05-13 15:57:17Z INFO ExtensionManager] Creating instance: GitHub.Runner.Worker.ErrorCommandExtension, Runner.Worker
[2025-05-13 15:57:17Z INFO ExtensionManager] Creating instance: GitHub.Runner.Worker.NoticeCommandExtension, Runner.Worker
[2025-05-13 15:57:17Z INFO ExtensionManager] Creating instance: GitHub.Runner.Worker.DebugCommandExtension, Runner.Worker
[2025-05-13 15:57:17Z INFO ExtensionManager] Creating instance: GitHub.Runner.Worker.GroupCommandExtension, Runner.Worker
[2025-05-13 15:57:17Z INFO ExtensionManager] Creating instance: GitHub.Runner.Worker.EndGroupCommandExtension, Runner.Worker
[2025-05-13 15:57:17Z INFO ExtensionManager] Creating instance: GitHub.Runner.Worker.EchoCommandExtension, Runner.Worker
[2025-05-13 15:57:17Z INFO ActionCommandManager] Register action command extension for command internal-set-repo-path
[2025-05-13 15:57:17Z INFO ActionCommandManager] Register action command extension for command set-env
[2025-05-13 15:57:17Z INFO ActionCommandManager] Register action command extension for command set-output
[2025-05-13 15:57:17Z INFO ActionCommandManager] Register action command extension for command save-state
[2025-05-13 15:57:17Z INFO ActionCommandManager] Register action command extension for command add-path
[2025-05-13 15:57:17Z INFO ActionCommandManager] Register action command extension for command add-mask
[2025-05-13 15:57:17Z INFO ActionCommandManager] Register action command extension for command add-matcher
[2025-05-13 15:57:17Z INFO ActionCommandManager] Register action command extension for command remove-matcher
[2025-05-13 15:57:17Z INFO ActionCommandManager] Register action command extension for command warning
[2025-05-13 15:57:17Z INFO ActionCommandManager] Register action command extension for command error
[2025-05-13 15:57:17Z INFO ActionCommandManager] Register action command extension for command notice
[2025-05-13 15:57:17Z INFO ActionCommandManager] Register action command extension for command debug
[2025-05-13 15:57:17Z INFO ActionCommandManager] Register action command extension for command group
[2025-05-13 15:57:17Z INFO ActionCommandManager] Register action command extension for command endgroup
[2025-05-13 15:57:17Z INFO ActionCommandManager] Register action command extension for command echo
[2025-05-13 15:57:17Z INFO ScriptHandler] Which2: 'powershell'
[2025-05-13 15:57:17Z INFO ScriptHandler] Location: 'C:\Windows\System32\WindowsPowerShell\v1.0\powershell.EXE'
[2025-05-13 15:57:17Z INFO HostContext] Well known directory 'Bin': 'D:\VTI Academy\DTN2404\Spring Framework\blog-app\actions-runner\bin'
[2025-05-13 15:57:17Z INFO HostContext] Well known directory 'Root': 'D:\VTI Academy\DTN2404\Spring Framework\blog-app\actions-runner'
[2025-05-13 15:57:17Z INFO HostContext] Well known directory 'Work': 'D:\VTI Academy\DTN2404\Spring Framework\blog-app\actions-runner\_work'
[2025-05-13 15:57:17Z INFO HostContext] Well known directory 'Temp': 'D:\VTI Academy\DTN2404\Spring Framework\blog-app\actions-runner\_work\_temp'
[2025-05-13 15:57:17Z INFO ScriptHandler] Which2: 'powershell'
[2025-05-13 15:57:17Z INFO ScriptHandler] Location: 'C:\Windows\System32\WindowsPowerShell\v1.0\powershell.EXE'
[2025-05-13 15:57:17Z INFO ProcessInvokerWrapper] Starting process:
[2025-05-13 15:57:17Z INFO ProcessInvokerWrapper]   File name: 'C:\Windows\System32\WindowsPowerShell\v1.0\powershell.EXE'
[2025-05-13 15:57:17Z INFO ProcessInvokerWrapper]   Arguments: '-command ". 'D:\VTI Academy\DTN2404\Spring Framework\blog-app\actions-runner\_work\_temp\7b95f913-901c-46d5-8d07-c0ad9e00d54a.ps1'"'
[2025-05-13 15:57:17Z INFO ProcessInvokerWrapper]   Working directory: 'D:\VTI Academy\DTN2404\Spring Framework\blog-app\actions-runner\_work\test\test'
[2025-05-13 15:57:17Z INFO ProcessInvokerWrapper]   Require exit code zero: 'False'
[2025-05-13 15:57:17Z INFO ProcessInvokerWrapper]   Encoding web name:  ; code page: ''
[2025-05-13 15:57:17Z INFO ProcessInvokerWrapper]   Force kill process on cancellation: 'False'
[2025-05-13 15:57:17Z INFO ProcessInvokerWrapper]   Redirected STDIN: 'False'
[2025-05-13 15:57:17Z INFO ProcessInvokerWrapper]   Persist current code page: 'True'
[2025-05-13 15:57:17Z INFO ProcessInvokerWrapper]   Keep redirected STDIN open: 'False'
[2025-05-13 15:57:17Z INFO ProcessInvokerWrapper]   High priority process: 'False'
[2025-05-13 15:57:17Z INFO ProcessInvokerWrapper] Process started with process id 9308, waiting for process exit.
[2025-05-13 15:57:17Z INFO Worker] Listening for cancel message from the channel.
[2025-05-13 15:57:17Z INFO Worker] Waiting for the job to complete or for a cancel message from the channel.
[2025-05-13 15:57:18Z INFO ResultServer] Successfully started websocket client.
[2025-05-13 15:57:18Z INFO JobServerQueue] Try to append 1 batches web console lines for record 'a6ce9efa-f767-4ca8-9b22-d0e8b47764a2', success rate: 1/1.
[2025-05-13 15:57:18Z INFO JobServerQueue] Try to append 1 batches web console lines for record 'c422a145-f482-465d-aef3-2fe2a45f4521', success rate: 1/1.
[2025-05-13 15:57:18Z INFO JobServerQueue] Got a step log file to send to results service.
[2025-05-13 15:57:18Z INFO JobServerQueue] Starting upload of step log file to results service ResultsLog, D:\VTI Academy\DTN2404\Spring Framework\blog-app\actions-runner\_diag\blocks\b1fefd12-5642-44ea-af8d-a36fdd847467_a6ce9efa-f767-4ca8-9b22-d0e8b47764a2.1
[2025-05-13 15:57:18Z INFO JobServerQueue] Try to upload 1 log files or attachments, success rate: 1/1.
[2025-05-13 15:57:18Z INFO JobServerQueue] Try to append 1 batches web console lines for record 'c422a145-f482-465d-aef3-2fe2a45f4521', success rate: 1/1.
[2025-05-13 15:57:19Z INFO JobServerQueue] Job timeline record has been updated for the first time.
[2025-05-13 15:57:20Z INFO ProcessInvokerWrapper] STDOUT/STDERR stream read finished.
[2025-05-13 15:57:20Z INFO ProcessInvokerWrapper] STDOUT/STDERR stream read finished.
[2025-05-13 15:57:20Z INFO ProcessInvokerWrapper] Finished process 9308 with exit code 0, and elapsed time 00:00:02.1689141.
[2025-05-13 15:57:20Z INFO CreateStepSummaryCommand] Step Summary file (D:\VTI Academy\DTN2404\Spring Framework\blog-app\actions-runner\_work\_temp\_runner_file_commands\step_summary_c3318e6f-8983-4b01-b462-8e9f5ea472c7) is empty; skipping attachment upload
[2025-05-13 15:57:20Z INFO StepsRunner] Step result: 
[2025-05-13 15:57:20Z INFO ExecutionContext] Publish step telemetry for current step {
  "action": "powershell",
  "type": "run",
  "stage": "Main",
  "stepId": "c422a145-f482-465d-aef3-2fe2a45f4521",
  "stepContextName": "__run",
  "result": "succeeded",
  "errorMessages": [],
  "executionTimeInSeconds": 3,
  "startTime": "2025-05-13T15:57:17.8991605Z",
  "finishTime": "2025-05-13T15:57:20.1230165Z"
}.
[2025-05-13 15:57:20Z INFO StepsRunner] No need for updating job result with current step result 'Succeeded'.
[2025-05-13 15:57:20Z INFO StepsRunner] Current state: job state = ''
[2025-05-13 15:57:20Z INFO JobRunner] Finalize job.
[2025-05-13 15:57:20Z INFO HostContext] Well known directory 'Bin': 'D:\VTI Academy\DTN2404\Spring Framework\blog-app\actions-runner\bin'
[2025-05-13 15:57:20Z INFO HostContext] Well known directory 'Root': 'D:\VTI Academy\DTN2404\Spring Framework\blog-app\actions-runner'
[2025-05-13 15:57:20Z INFO HostContext] Well known directory 'Diag': 'D:\VTI Academy\DTN2404\Spring Framework\blog-app\actions-runner\_diag'
[2025-05-13 15:57:20Z INFO HostContext] Well known directory 'Bin': 'D:\VTI Academy\DTN2404\Spring Framework\blog-app\actions-runner\bin'
[2025-05-13 15:57:20Z INFO HostContext] Well known directory 'Root': 'D:\VTI Academy\DTN2404\Spring Framework\blog-app\actions-runner'
[2025-05-13 15:57:20Z INFO HostContext] Well known directory 'Diag': 'D:\VTI Academy\DTN2404\Spring Framework\blog-app\actions-runner\_diag'
[2025-05-13 15:57:20Z INFO JobExtension] Initialize Env context
[2025-05-13 15:57:20Z INFO JobExtension] Initialize steps context
[2025-05-13 15:57:20Z INFO JobExtension] Total accessible running process: 279.
[2025-05-13 15:57:20Z INFO ExecutionContext] Publish step telemetry for current step {
  "action": "complete_job",
  "type": "runner",
  "stage": "Post",
  "stepId": "85645c50-a7a5-4c10-b028-2248821e00cb",
  "result": "succeeded",
  "errorMessages": [],
  "executionTimeInSeconds": 1,
  "startTime": "2025-05-13T15:57:20.1284718Z",
  "finishTime": "2025-05-13T15:57:20.1417779Z"
}.
[2025-05-13 15:57:20Z INFO JobRunner] Job result after all job steps finish: Succeeded
[2025-05-13 15:57:20Z INFO JobRunner] Completing the job execution context.
[2025-05-13 15:57:20Z INFO JobRunner] Shutting down the job server queue.
[2025-05-13 15:57:20Z INFO JobServerQueue] Fire signal to shutdown all queues.
[2025-05-13 15:57:20Z INFO JobServerQueue] Tried to upload 1 file(s) to results, success rate: 1/1.
[2025-05-13 15:57:21Z INFO JobServerQueue] All queue process task stopped.
[2025-05-13 15:57:21Z INFO JobServerQueue] Try to append 1 batches web console lines for record 'c422a145-f482-465d-aef3-2fe2a45f4521', success rate: 1/1.
[2025-05-13 15:57:21Z INFO JobServerQueue] Try to append 1 batches web console lines for record '85645c50-a7a5-4c10-b028-2248821e00cb', success rate: 1/1.
[2025-05-13 15:57:21Z INFO JobServerQueue] Web console line queue drained.
[2025-05-13 15:57:21Z INFO JobServerQueue] Uploading 3 files in one shot.
[2025-05-13 15:57:21Z INFO JobServerQueue] Try to upload 3 log files or attachments, success rate: 3/3.
[2025-05-13 15:57:21Z INFO JobServerQueue] File upload queue drained.
[2025-05-13 15:57:21Z INFO JobServerQueue] Starting results-based upload queue...
[2025-05-13 15:57:21Z INFO JobServerQueue] Uploading 3 file(s) in one shot through results service.
[2025-05-13 15:57:21Z INFO JobServerQueue] Got a step log file to send to results service.
[2025-05-13 15:57:21Z INFO JobServerQueue] Starting upload of step log file to results service ResultsLog, D:\VTI Academy\DTN2404\Spring Framework\blog-app\actions-runner\_diag\blocks\b1fefd12-5642-44ea-af8d-a36fdd847467_c422a145-f482-465d-aef3-2fe2a45f4521.1
[2025-05-13 15:57:22Z INFO JobServerQueue] Got a step log file to send to results service.
[2025-05-13 15:57:22Z INFO JobServerQueue] Starting upload of step log file to results service ResultsLog, D:\VTI Academy\DTN2404\Spring Framework\blog-app\actions-runner\_diag\blocks\b1fefd12-5642-44ea-af8d-a36fdd847467_85645c50-a7a5-4c10-b028-2248821e00cb.1
[2025-05-13 15:57:23Z INFO JobServerQueue] Got a job log file to send to results service.
[2025-05-13 15:57:23Z INFO JobServerQueue] Starting upload of job log file to results service ResultsLog, D:\VTI Academy\DTN2404\Spring Framework\blog-app\actions-runner\_diag\blocks\b1fefd12-5642-44ea-af8d-a36fdd847467_e458bd21-b9d8-5276-a221-b4e8459182a4.1
[2025-05-13 15:57:24Z INFO JobServerQueue] Tried to upload 3 file(s) to results, success rate: 3/3.
[2025-05-13 15:57:24Z INFO JobServerQueue] Results upload queue drained.
[2025-05-13 15:57:24Z INFO JobServerQueue] Timeline update queue drained.
[2025-05-13 15:57:24Z INFO JobServerQueue] Disposing job server ...
[2025-05-13 15:57:24Z INFO JobServerQueue] Disposing results server ...
[2025-05-13 15:57:24Z INFO JobServerQueue] All queue process tasks have been stopped, and all queues are drained.
[2025-05-13 15:57:24Z INFO TempDirectoryManager] Cleaning runner temp folder: D:\VTI Academy\DTN2404\Spring Framework\blog-app\actions-runner\_work\_temp
[2025-05-13 15:57:24Z INFO HostContext] Well known directory 'Bin': 'D:\VTI Academy\DTN2404\Spring Framework\blog-app\actions-runner\bin'
[2025-05-13 15:57:24Z INFO HostContext] Well known directory 'Root': 'D:\VTI Academy\DTN2404\Spring Framework\blog-app\actions-runner'
[2025-05-13 15:57:24Z INFO HostContext] Well known directory 'Diag': 'D:\VTI Academy\DTN2404\Spring Framework\blog-app\actions-runner\_diag'
[2025-05-13 15:57:24Z INFO HostContext] Well known config file 'Telemetry': 'D:\VTI Academy\DTN2404\Spring Framework\blog-app\actions-runner\_diag\.telemetry'
[2025-05-13 15:57:24Z INFO JobRunner] Raising job completed against run service
[2025-05-13 15:57:25Z INFO Worker] Job completed.
