[2025-05-13 14:19:39Z INFO HostContext] No proxy settings were found based on environmental variables (http_proxy/https_proxy/HTTP_PROXY/HTTPS_PROXY)
[2025-05-13 14:19:39Z INFO HostContext] Well known directory 'Bin': 'D:\VTI Academy\DTN2404\Spring Framework\blog-app\actions-runner\bin'
[2025-05-13 14:19:39Z INFO HostContext] Well known directory 'Root': 'D:\VTI Academy\DTN2404\Spring Framework\blog-app\actions-runner'
[2025-05-13 14:19:39Z INFO HostContext] Well known config file 'Credentials': 'D:\VTI Academy\DTN2404\Spring Framework\blog-app\actions-runner\.credentials'
[2025-05-13 14:19:39Z INFO HostContext] Well known directory 'Bin': 'D:\VTI Academy\DTN2404\Spring Framework\blog-app\actions-runner\bin'
[2025-05-13 14:19:39Z INFO HostContext] Well known directory 'Root': 'D:\VTI Academy\DTN2404\Spring Framework\blog-app\actions-runner'
[2025-05-13 14:19:39Z INFO HostContext] Well known config file 'Runner': 'D:\VTI Academy\DTN2404\Spring Framework\blog-app\actions-runner\.runner'
[2025-05-13 14:19:39Z INFO Worker] Version: 2.323.0
[2025-05-13 14:19:39Z INFO Worker] Commit: d8b82f44a9ec0258904d5869ae683c31d5aac299
[2025-05-13 14:19:39Z INFO Worker] Culture: en-US
[2025-05-13 14:19:39Z INFO Worker] UI Culture: en-US
[2025-05-13 14:19:39Z INFO Worker] Waiting to receive the job message from the channel.
[2025-05-13 14:19:39Z INFO ProcessChannel] Receiving message of length 19756, with hash '1dbf2617dbf69dd2da69407de9ced01e170fb4a1741e13e4f7aa10a14a769aa3'
[2025-05-13 14:19:39Z INFO Worker] Message received.
[2025-05-13 14:19:39Z INFO Worker] Job message:
 {
  "fileTable": [
    ".github/workflows/notify-staging.yml"
  ],
  "mask": [
    {
      "type": "regex",
      "value": "***"
    },
    {
      "type": "regex",
      "value": "***"
    },
    {
      "type": "regex",
      "value": "***"
    },
    {
      "type": "regex",
      "value": "***"
    },
    {
      "type": "regex",
      "value": "***"
    },
    {
      "type": "regex",
      "value": "***"
    },
    {
      "type": "regex",
      "value": "***"
    },
    {
      "type": "regex",
      "value": "***"
    },
    {
      "type": "regex",
      "value": "***"
    },
    {
      "type": "regex",
      "value": "***"
    },
    {
      "type": "regex",
      "value": "***"
    },
    {
      "type": "regex",
      "value": "***"
    },
    {
      "type": "regex",
      "value": "***"
    },
    {
      "type": "regex",
      "value": "***"
    },
    {
      "type": "regex",
      "value": "***"
    },
    {
      "type": "regex",
      "value": "***"
    },
    {
      "type": "regex",
      "value": "***"
    },
    {
      "type": "regex",
      "value": "***"
    }
  ],
  "steps": [
    {
      "type": "action",
      "reference": {
        "type": "script"
      },
      "displayNameToken": {
        "type": 0,
        "file": 1,
        "line": 12,
        "col": 15,
        "lit": "Send Telegram message"
      },
      "contextName": "__run",
      "environment": {
        "type": 2,
        "file": 1,
        "line": 15,
        "col": 11,
        "map": [
          {
            "key": {
              "type": 0,
              "file": 1,
              "line": 15,
              "col": 11,
              "lit": "TELEGRAM_TOKEN"
            },
            "value": {
              "type": 3,
              "file": 1,
              "line": 15,
              "col": 27,
              "expr": "secrets.TELEGRAM_TOKEN"
            }
          },
          {
            "key": {
              "type": 0,
              "file": 1,
              "line": 16,
              "col": 11,
              "lit": "TELEGRAM_CHAT_ID"
            },
            "value": {
              "type": 3,
              "file": 1,
              "line": 16,
              "col": 29,
              "expr": "secrets.TELEGRAM_CHAT_ID"
            }
          }
        ]
      },
      "inputs": {
        "type": 2,
        "map": [
          {
            "key": "script",
            "value": {
              "type": 0,
              "file": 1,
              "line": 17,
              "col": 14,
              "lit": "function Escape-MarkdownV2 {\n  param ([string]$text)\n  # Escape special characters required by MarkdownV2\n  $escapeChars = '_*[]()~`>#+-=|{}.!'\n  foreach ($char in $escapeChars.ToCharArray()) {\n      $pattern = [Regex]::Escape($char)\n      $replacement = '\\\\' + $char\n      $text = $text -replace $pattern, $replacement\n  }\n  # Escape backslashes last\n  $text = $text -replace '\\\\', '\\\\\\\\'\n  return $text\n}\n\ngit config --global --add safe.directory \"$PWD\"\n\n$commitMessage = git log -1 --pretty=format:\"%s\"\n$commitHash = git log -1 --pretty=format:\"%h\"\n\n$escapedMessage = Escape-MarkdownV2 $commitMessage\n$actor = Escape-MarkdownV2 $env:GITHUB_ACTOR\n$repo = Escape-MarkdownV2 $env:GITHUB_REPOSITORY\n\n$message = @\"\n🚀 *New Push to Main*\n👤 By: $actor\n📦 Repo: $repo\n🔖 Commit: $commitHash\n📝 Message: $escapedMessage\n\"@\n\nWrite-Host \"Sending Telegram message:\"\n  Write-Host $message\n  \n  Invoke-RestMethod -Uri \"https://api.telegram.org/bot$env:TELEGRAM_TOKEN/sendMessage\" `\n  -Method Post `\n  -ContentType \"application/json\" `\n  -Body (@{\n  chat_id = \"$env:TELEGRAM_CHAT_ID\"\n  text = $message\n  parse_mode = \"MarkdownV2\"\n  } | ConvertTo-Json -Depth 10)\n"
            }
          },
          {
            "key": "shell",
            "value": {
              "type": 0,
              "file": 1,
              "line": 13,
              "col": 16,
              "lit": "powershell"
            }
          }
        ]
      },
      "condition": "success()",
      "id": "649c67b1-3518-446c-9aa4-aba1711a6289",
      "name": "__run"
    }
  ],
  "variables": {
    "Actions.EnableHttpRedirects": {
      "value": "true"
    },
    "DistributedTask.AddWarningToNode12Action": {
      "value": "true"
    },
    "DistributedTask.AddWarningToNode16Action": {
      "value": "true"
    },
    "DistributedTask.AllowRunnerContainerHooks": {
      "value": "true"
    },
    "DistributedTask.DeprecateStepOutputCommands": {
      "value": "true"
    },
    "DistributedTask.DetailUntarFailure": {
      "value": "true"
    },
    "DistributedTask.EnableCompositeActions": {
      "value": "true"
    },
    "DistributedTask.EnableJobServerQueueTelemetry": {
      "value": "true"
    },
    "DistributedTask.EnhancedAnnotations": {
      "value": "true"
    },
    "DistributedTask.ForceGithubJavascriptActionsToNode16": {
      "value": "true"
    },
    "DistributedTask.ForceGithubJavascriptActionsToNode20": {
      "value": "true"
    },
    "DistributedTask.LogTemplateErrorsAsDebugMessages": {
      "value": "true"
    },
    "DistributedTask.MarkJobAsFailedOnWorkerCrash": {
      "value": "true"
    },
    "DistributedTask.NewActionMetadata": {
      "value": "true"
    },
    "DistributedTask.UploadStepSummary": {
      "value": "true"
    },
    "DistributedTask.UseActionArchiveCache": {
      "value": "true"
    },
    "DistributedTask.UseWhich2": {
      "value": "true"
    },
    "RunService.FixEmbeddedIssues": {
      "value": "true"
    },
    "TELEGRAM_CHAT_ID": {
      "value": "***",
      "isSecret": true
    },
    "TELEGRAM_TOKEN": {
      "value": "***",
      "isSecret": true
    },
    "actions_add_check_run_id_to_job_context": {
      "value": "false"
    },
    "actions_skip_retry_complete_job_upon_known_errors": {
      "value": "true"
    },
    "actions_uses_cache_service_v2": {
      "value": "true"
    },
    "github_token": {
      "value": "***",
      "isSecret": true
    },
    "system.from_run_service": {
      "value": "true"
    },
    "system.github.job": {
      "value": "notify"
    },
    "system.github.launch_endpoint": {
      "value": "https://launch.actions.githubusercontent.com"
    },
    "system.github.results_endpoint": {
      "value": "https://results-receiver.actions.githubusercontent.com/"
    },
    "system.github.results_upload_with_sdk": {
      "value": "true"
    },
    "system.github.token": {
      "value": "***",
      "isSecret": true
    },
    "system.github.token.permissions": {
      "value": "{\"Contents\":\"read\",\"Metadata\":\"read\",\"Packages\":\"read\"}"
    },
    "system.orchestrationId": {
      "value": "ce9fe8c0-22e1-4822-906d-d6f34a070d66.notify.__default"
    },
    "system.phaseDisplayName": {
      "value": "notify"
    },
    "system.runner.lowdiskspacethreshold": {
      "value": "100"
    },
    "system.runnerEnvironment": {
      "value": "self-hosted"
    }
  },
  "messageType": "RunnerJobRequest",
  "plan": {
    "scopeIdentifier": "00000000-0000-0000-0000-000000000000",
    "planType": "actions",
    "version": 0,
    "planId": "ce9fe8c0-22e1-4822-906d-d6f34a070d66",
    "planGroup": null,
    "artifactUri": null,
    "artifactLocation": null,
    "definition": null,
    "owner": null
  },
  "timeline": {
    "id": "ce9fe8c0-22e1-4822-906d-d6f34a070d66",
    "changeId": 0,
    "location": null
  },
  "jobId": "4b5a3d24-b58e-5a4c-ae14-7995ce807252",
  "jobDisplayName": "notify",
  "jobName": "__default",
  "requestId": 0,
  "lockedUntil": "0001-01-01T00:00:00",
  "resources": {
    "endpoints": [
      {
        "data": {
          "ServerId": "",
          "ServerName": "",
          "CacheServerUrl": "https://acghubeus2.actions.githubusercontent.com/msXd7nkQ89USSZrPyml6DqYAQGPEuvHtqU8b9dELyziudQrTf1/",
          "FeedStreamUrl": "wss://results-receiver.actions.githubusercontent.com/_ws/ingest.sock",
          "ResultsServiceUrl": "https://results-receiver.actions.githubusercontent.com/",
          "PipelinesServiceUrl": "https://pipelinesghubeus24.actions.githubusercontent.com/msXd7nkQ89USSZrPyml6DqYAQGPEuvHtqU8b9dELyziudQrTf1/",
          "GenerateIdTokenUrl": ""
        },
        "name": "SystemVssConnection",
        "url": "https://run-actions-1-azure-eastus.actions.githubusercontent.com/32/",
        "authorization": {
          "parameters": {
            "AccessToken": "***"
          },
          "scheme": "OAuth"
        },
        "isShared": false,
        "isReady": true
      }
    ]
  },
  "contextData": {
    "github": {
      "t": 2,
      "d": [
        {
          "k": "ref",
          "v": "refs/heads/main"
        },
        {
          "k": "sha",
          "v": "b41669dd89f296ac05ba6015afa75672f8b0f332"
        },
        {
          "k": "repository",
          "v": "Hungpham2k4/test"
        },
        {
          "k": "repository_owner",
          "v": "Hungpham2k4"
        },
        {
          "k": "repository_owner_id",
          "v": "115924690"
        },
        {
          "k": "repositoryUrl",
          "v": "git://github.com/Hungpham2k4/test.git"
        },
        {
          "k": "run_id",
          "v": "14999037200"
        },
        {
          "k": "run_number",
          "v": "35"
        },
        {
          "k": "retention_days",
          "v": "90"
        },
        {
          "k": "run_attempt",
          "v": "1"
        },
        {
          "k": "artifact_cache_size_limit",
          "v": "10"
        },
        {
          "k": "repository_visibility",
          "v": "public"
        },
        {
          "k": "actor_id",
          "v": "209438657"
        },
        {
          "k": "actor",
          "v": "Trung-Kien-Bui"
        },
        {
          "k": "workflow",
          "v": "Notify on Push to Main"
        },
        {
          "k": "head_ref",
          "v": ""
        },
        {
          "k": "base_ref",
          "v": ""
        },
        {
          "k": "event_name",
          "v": "push"
        },
        {
          "k": "server_url",
          "v": "https://github.com"
        },
        {
          "k": "api_url",
          "v": "https://api.github.com"
        },
        {
          "k": "graphql_url",
          "v": "https://api.github.com/graphql"
        },
        {
          "k": "ref_name",
          "v": "main"
        },
        {
          "k": "ref_protected",
          "v": false
        },
        {
          "k": "ref_type",
          "v": "branch"
        },
        {
          "k": "secret_source",
          "v": "Actions"
        },
        {
          "k": "event",
          "v": {
            "t": 2,
            "d": [
              {
                "k": "after",
                "v": "b41669dd89f296ac05ba6015afa75672f8b0f332"
              },
              {
                "k": "base_ref",
                "v": null
              },
              {
                "k": "before",
                "v": "7107bce32aec784e6c53324ef804366cf9b15b74"
              },
              {
                "k": "commits",
                "v": {
                  "t": 1,
                  "a": [
                    {
                      "t": 2,
                      "d": [
                        {
                          "k": "author",
                          "v": {
                            "t": 2,
                            "d": [
                              {
                                "k": "email",
                                "v": "kienbui27032004@gmail.com"
                              },
                              {
                                "k": "name",
                                "v": "Bui_Trung_Kien"
                              },
                              {
                                "k": "username",
                                "v": "Trung-Kien-Bui"
                              }
                            ]
                          }
                        },
                        {
                          "k": "committer",
                          "v": {
                            "t": 2,
                            "d": [
                              {
                                "k": "email",
                                "v": "noreply@github.com"
                              },
                              {
                                "k": "name",
                                "v": "GitHub"
                              },
                              {
                                "k": "username",
                                "v": "web-flow"
                              }
                            ]
                          }
                        },
                        {
                          "k": "distinct",
                          "v": true
                        },
                        {
                          "k": "id",
                          "v": "b41669dd89f296ac05ba6015afa75672f8b0f332"
                        },
                        {
                          "k": "message",
                          "v": "Delete .github/workflows/notify-telegram.yml"
                        },
                        {
                          "k": "timestamp",
                          "v": "2025-05-13T21:18:20+07:00"
                        },
                        {
                          "k": "tree_id",
                          "v": "d49cf1a9bfc195681f21458459468da0e103713b"
                        },
                        {
                          "k": "url",
                          "v": "https://github.com/Hungpham2k4/test/commit/b41669dd89f296ac05ba6015afa75672f8b0f332"
                        }
                      ]
                    }
                  ]
                }
              },
              {
                "k": "compare",
                "v": "https://github.com/Hungpham2k4/test/compare/7107bce32aec...b41669dd89f2"
              },
              {
                "k": "created",
                "v": false
              },
              {
                "k": "deleted",
                "v": false
              },
              {
                "k": "forced",
                "v": false
              },
              {
                "k": "head_commit",
                "v": {
                  "t": 2,
                  "d": [
                    {
                      "k": "author",
                      "v": {
                        "t": 2,
                        "d": [
                          {
                            "k": "email",
                            "v": "kienbui27032004@gmail.com"
                          },
                          {
                            "k": "name",
                            "v": "Bui_Trung_Kien"
                          },
                          {
                            "k": "username",
                            "v": "Trung-Kien-Bui"
                          }
                        ]
                      }
                    },
                    {
                      "k": "committer",
                      "v": {
                        "t": 2,
                        "d": [
                          {
                            "k": "email",
                            "v": "noreply@github.com"
                          },
                          {
                            "k": "name",
                            "v": "GitHub"
                          },
                          {
                            "k": "username",
                            "v": "web-flow"
                          }
                        ]
                      }
                    },
                    {
                      "k": "distinct",
                      "v": true
                    },
                    {
                      "k": "id",
                      "v": "b41669dd89f296ac05ba6015afa75672f8b0f332"
                    },
                    {
                      "k": "message",
                      "v": "Delete .github/workflows/notify-telegram.yml"
                    },
                    {
                      "k": "timestamp",
                      "v": "2025-05-13T21:18:20+07:00"
                    },
                    {
                      "k": "tree_id",
                      "v": "d49cf1a9bfc195681f21458459468da0e103713b"
                    },
                    {
                      "k": "url",
                      "v": "https://github.com/Hungpham2k4/test/commit/b41669dd89f296ac05ba6015afa75672f8b0f332"
                    }
                  ]
                }
              },
              {
                "k": "pusher",
                "v": {
                  "t": 2,
                  "d": [
                    {
                      "k": "email",
                      "v": "kienbui27032004@gmail.com"
                    },
                    {
                      "k": "name",
                      "v": "Trung-Kien-Bui"
                    }
                  ]
                }
              },
              {
                "k": "ref",
                "v": "refs/heads/main"
              },
              {
                "k": "repository",
                "v": {
                  "t": 2,
                  "d": [
                    {
                      "k": "allow_forking",
                      "v": true
                    },
                    {
                      "k": "archive_url",
                      "v": "https://api.github.com/repos/Hungpham2k4/test/{archive_format}{/ref}"
                    },
                    {
                      "k": "archived",
                      "v": false
                    },
                    {
                      "k": "assignees_url",
                      "v": "https://api.github.com/repos/Hungpham2k4/test/assignees{/user}"
                    },
                    {
                      "k": "blobs_url",
                      "v": "https://api.github.com/repos/Hungpham2k4/test/git/blobs{/sha}"
                    },
                    {
                      "k": "branches_url",
                      "v": "https://api.github.com/repos/Hungpham2k4/test/branches{/branch}"
                    },
                    {
                      "k": "clone_url",
                      "v": "https://github.com/Hungpham2k4/test.git"
                    },
                    {
                      "k": "collaborators_url",
                      "v": "https://api.github.com/repos/Hungpham2k4/test/collaborators{/collaborator}"
                    },
                    {
                      "k": "comments_url",
                      "v": "https://api.github.com/repos/Hungpham2k4/test/comments{/number}"
                    },
                    {
                      "k": "commits_url",
                      "v": "https://api.github.com/repos/Hungpham2k4/test/commits{/sha}"
                    },
                    {
                      "k": "compare_url",
                      "v": "https://api.github.com/repos/Hungpham2k4/test/compare/{base}...{head}"
                    },
                    {
                      "k": "contents_url",
                      "v": "https://api.github.com/repos/Hungpham2k4/test/contents/{+path}"
                    },
                    {
                      "k": "contributors_url",
                      "v": "https://api.github.com/repos/Hungpham2k4/test/contributors"
                    },
                    {
                      "k": "created_at",
                      "v": 1746946234.0
                    },
                    {
                      "k": "default_branch",
                      "v": "main"
                    },
                    {
                      "k": "deployments_url",
                      "v": "https://api.github.com/repos/Hungpham2k4/test/deployments"
                    },
                    {
                      "k": "description",
                      "v": null
                    },
                    {
                      "k": "disabled",
                      "v": false
                    },
                    {
                      "k": "downloads_url",
                      "v": "https://api.github.com/repos/Hungpham2k4/test/downloads"
                    },
                    {
                      "k": "events_url",
                      "v": "https://api.github.com/repos/Hungpham2k4/test/events"
                    },
                    {
                      "k": "fork",
                      "v": false
                    },
                    {
                      "k": "forks",
                      "v": 0.0
                    },
                    {
                      "k": "forks_count",
                      "v": 0.0
                    },
                    {
                      "k": "forks_url",
                      "v": "https://api.github.com/repos/Hungpham2k4/test/forks"
                    },
                    {
                      "k": "full_name",
                      "v": "Hungpham2k4/test"
                    },
                    {
                      "k": "git_commits_url",
                      "v": "https://api.github.com/repos/Hungpham2k4/test/git/commits{/sha}"
                    },
                    {
                      "k": "git_refs_url",
                      "v": "https://api.github.com/repos/Hungpham2k4/test/git/refs{/sha}"
                    },
                    {
                      "k": "git_tags_url",
                      "v": "https://api.github.com/repos/Hungpham2k4/test/git/tags{/sha}"
                    },
                    {
                      "k": "git_url",
                      "v": "git://github.com/Hungpham2k4/test.git"
                    },
                    {
                      "k": "has_discussions",
                      "v": false
                    },
                    {
                      "k": "has_downloads",
                      "v": true
                    },
                    {
                      "k": "has_issues",
                      "v": true
                    },
                    {
                      "k": "has_pages",
                      "v": false
                    },
                    {
                      "k": "has_projects",
                      "v": true
                    },
                    {
                      "k": "has_wiki",
                      "v": true
                    },
                    {
                      "k": "homepage",
                      "v": null
                    },
                    {
                      "k": "hooks_url",
                      "v": "https://api.github.com/repos/Hungpham2k4/test/hooks"
                    },
                    {
                      "k": "html_url",
                      "v": "https://github.com/Hungpham2k4/test"
                    },
                    {
                      "k": "id",
                      "v": 981462424.0
                    },
                    {
                      "k": "is_template",
                      "v": false
                    },
                    {
                      "k": "issue_comment_url",
                      "v": "https://api.github.com/repos/Hungpham2k4/test/issues/comments{/number}"
                    },
                    {
                      "k": "issue_events_url",
                      "v": "https://api.github.com/repos/Hungpham2k4/test/issues/events{/number}"
                    },
                    {
                      "k": "issues_url",
                      "v": "https://api.github.com/repos/Hungpham2k4/test/issues{/number}"
                    },
                    {
                      "k": "keys_url",
                      "v": "https://api.github.com/repos/Hungpham2k4/test/keys{/key_id}"
                    },
                    {
                      "k": "labels_url",
                      "v": "https://api.github.com/repos/Hungpham2k4/test/labels{/name}"
                    },
                    {
                      "k": "language",
                      "v": "JavaScript"
                    },
                    {
                      "k": "languages_url",
                      "v": "https://api.github.com/repos/Hungpham2k4/test/languages"
                    },
                    {
                      "k": "license",
                      "v": null
                    },
                    {
                      "k": "master_branch",
                      "v": "main"
                    },
                    {
                      "k": "merges_url",
                      "v": "https://api.github.com/repos/Hungpham2k4/test/merges"
                    },
                    {
                      "k": "milestones_url",
                      "v": "https://api.github.com/repos/Hungpham2k4/test/milestones{/number}"
                    },
                    {
                      "k": "mirror_url",
                      "v": null
                    },
                    {
                      "k": "name",
                      "v": "test"
                    },
                    {
                      "k": "node_id",
                      "v": "R_kgDOOn_tmA"
                    },
                    {
                      "k": "notifications_url",
                      "v": "https://api.github.com/repos/Hungpham2k4/test/notifications{?since,all,participating}"
                    },
                    {
                      "k": "open_issues",
                      "v": 0.0
                    },
                    {
                      "k": "open_issues_count",
                      "v": 0.0
                    },
                    {
                      "k": "owner",
                      "v": {
                        "t": 2,
                        "d": [
                          {
                            "k": "avatar_url",
                            "v": "https://avatars.githubusercontent.com/u/115924690?v=4"
                          },
                          {
                            "k": "email",
                            "v": "115924690+Hungpham2k4@users.noreply.github.com"
                          },
                          {
                            "k": "events_url",
                            "v": "https://api.github.com/users/Hungpham2k4/events{/privacy}"
                          },
                          {
                            "k": "followers_url",
                            "v": "https://api.github.com/users/Hungpham2k4/followers"
                          },
                          {
                            "k": "following_url",
                            "v": "https://api.github.com/users/Hungpham2k4/following{/other_user}"
                          },
                          {
                            "k": "gists_url",
                            "v": "https://api.github.com/users/Hungpham2k4/gists{/gist_id}"
                          },
                          {
                            "k": "gravatar_id",
                            "v": ""
                          },
                          {
                            "k": "html_url",
                            "v": "https://github.com/Hungpham2k4"
                          },
                          {
                            "k": "id",
                            "v": 115924690.0
                          },
                          {
                            "k": "login",
                            "v": "Hungpham2k4"
                          },
                          {
                            "k": "name",
                            "v": "Hungpham2k4"
                          },
                          {
                            "k": "node_id",
                            "v": "U_kgDOBuje0g"
                          },
                          {
                            "k": "organizations_url",
                            "v": "https://api.github.com/users/Hungpham2k4/orgs"
                          },
                          {
                            "k": "received_events_url",
                            "v": "https://api.github.com/users/Hungpham2k4/received_events"
                          },
                          {
                            "k": "repos_url",
                            "v": "https://api.github.com/users/Hungpham2k4/repos"
                          },
                          {
                            "k": "site_admin",
                            "v": false
                          },
                          {
                            "k": "starred_url",
                            "v": "https://api.github.com/users/Hungpham2k4/starred{/owner}{/repo}"
                          },
                          {
                            "k": "subscriptions_url",
                            "v": "https://api.github.com/users/Hungpham2k4/subscriptions"
                          },
                          {
                            "k": "type",
                            "v": "User"
                          },
                          {
                            "k": "url",
                            "v": "https://api.github.com/users/Hungpham2k4"
                          },
                          {
                            "k": "user_view_type",
                            "v": "public"
                          }
                        ]
                      }
                    },
                    {
                      "k": "private",
                      "v": false
                    },
                    {
                      "k": "pulls_url",
                      "v": "https://api.github.com/repos/Hungpham2k4/test/pulls{/number}"
                    },
                    {
                      "k": "pushed_at",
                      "v": 1747145901.0
                    },
                    {
                      "k": "releases_url",
                      "v": "https://api.github.com/repos/Hungpham2k4/test/releases{/id}"
                    },
                    {
                      "k": "size",
                      "v": 123585.0
                    },
                    {
                      "k": "ssh_url",
                      "v": "git@github.com:Hungpham2k4/test.git"
                    },
                    {
                      "k": "stargazers",
                      "v": 0.0
                    },
                    {
                      "k": "stargazers_count",
                      "v": 0.0
                    },
                    {
                      "k": "stargazers_url",
                      "v": "https://api.github.com/repos/Hungpham2k4/test/stargazers"
                    },
                    {
                      "k": "statuses_url",
                      "v": "https://api.github.com/repos/Hungpham2k4/test/statuses/{sha}"
                    },
                    {
                      "k": "subscribers_url",
                      "v": "https://api.github.com/repos/Hungpham2k4/test/subscribers"
                    },
                    {
                      "k": "subscription_url",
                      "v": "https://api.github.com/repos/Hungpham2k4/test/subscription"
                    },
                    {
                      "k": "svn_url",
                      "v": "https://github.com/Hungpham2k4/test"
                    },
                    {
                      "k": "tags_url",
                      "v": "https://api.github.com/repos/Hungpham2k4/test/tags"
                    },
                    {
                      "k": "teams_url",
                      "v": "https://api.github.com/repos/Hungpham2k4/test/teams"
                    },
                    {
                      "k": "topics",
                      "v": {
                        "t": 1
                      }
                    },
                    {
                      "k": "trees_url",
                      "v": "https://api.github.com/repos/Hungpham2k4/test/git/trees{/sha}"
                    },
                    {
                      "k": "updated_at",
                      "v": "2025-05-13T14:18:17Z"
                    },
                    {
                      "k": "url",
                      "v": "https://api.github.com/repos/Hungpham2k4/test"
                    },
                    {
                      "k": "visibility",
                      "v": "public"
                    },
                    {
                      "k": "watchers",
                      "v": 0.0
                    },
                    {
                      "k": "watchers_count",
                      "v": 0.0
                    },
                    {
                      "k": "web_commit_signoff_required",
                      "v": false
                    }
                  ]
                }
              },
              {
                "k": "sender",
                "v": {
                  "t": 2,
                  "d": [
                    {
                      "k": "avatar_url",
                      "v": "https://avatars.githubusercontent.com/u/209438657?v=4"
                    },
                    {
                      "k": "events_url",
                      "v": "https://api.github.com/users/Trung-Kien-Bui/events{/privacy}"
                    },
                    {
                      "k": "followers_url",
                      "v": "https://api.github.com/users/Trung-Kien-Bui/followers"
                    },
                    {
                      "k": "following_url",
                      "v": "https://api.github.com/users/Trung-Kien-Bui/following{/other_user}"
                    },
                    {
                      "k": "gists_url",
                      "v": "https://api.github.com/users/Trung-Kien-Bui/gists{/gist_id}"
                    },
                    {
                      "k": "gravatar_id",
                      "v": ""
                    },
                    {
                      "k": "html_url",
                      "v": "https://github.com/Trung-Kien-Bui"
                    },
                    {
                      "k": "id",
                      "v": 209438657.0
                    },
                    {
                      "k": "login",
                      "v": "Trung-Kien-Bui"
                    },
                    {
                      "k": "node_id",
                      "v": "U_kgDODHvHwQ"
                    },
                    {
                      "k": "organizations_url",
                      "v": "https://api.github.com/users/Trung-Kien-Bui/orgs"
                    },
                    {
                      "k": "received_events_url",
                      "v": "https://api.github.com/users/Trung-Kien-Bui/received_events"
                    },
                    {
                      "k": "repos_url",
                      "v": "https://api.github.com/users/Trung-Kien-Bui/repos"
                    },
                    {
                      "k": "site_admin",
                      "v": false
                    },
                    {
                      "k": "starred_url",
                      "v": "https://api.github.com/users/Trung-Kien-Bui/starred{/owner}{/repo}"
                    },
                    {
                      "k": "subscriptions_url",
                      "v": "https://api.github.com/users/Trung-Kien-Bui/subscriptions"
                    },
                    {
                      "k": "type",
                      "v": "User"
                    },
                    {
                      "k": "url",
                      "v": "https://api.github.com/users/Trung-Kien-Bui"
                    },
                    {
                      "k": "user_view_type",
                      "v": "public"
                    }
                  ]
                }
              }
            ]
          }
        },
        {
          "k": "workflow_ref",
          "v": "Hungpham2k4/test/.github/workflows/notify-staging.yml@refs/heads/main"
        },
        {
          "k": "workflow_sha",
          "v": "b41669dd89f296ac05ba6015afa75672f8b0f332"
        },
        {
          "k": "repository_id",
          "v": "981462424"
        },
        {
          "k": "triggering_actor",
          "v": "Trung-Kien-Bui"
        }
      ]
    },
    "inputs": {
      "t": 2
    },
    "matrix": null,
    "needs": {
      "t": 2
    },
    "strategy": {
      "t": 2,
      "d": [
        {
          "k": "fail-fast",
          "v": true
        },
        {
          "k": "job-index",
          "v": 0.0
        },
        {
          "k": "job-total",
          "v": 1.0
        },
        {
          "k": "max-parallel",
          "v": 1.0
        }
      ]
    },
    "vars": {
      "t": 2
    }
  },
  "billingOwnerId": "U_kgDOBuje0g"
}
[2025-05-13 14:19:39Z INFO JobRunner] Job ID 4b5a3d24-b58e-5a4c-ae14-7995ce807252
[2025-05-13 14:19:39Z INFO ConfigurationStore] currentAssemblyLocation: D:\VTI Academy\DTN2404\Spring Framework\blog-app\actions-runner\bin\Runner.Worker.dll
[2025-05-13 14:19:39Z INFO HostContext] Well known directory 'Bin': 'D:\VTI Academy\DTN2404\Spring Framework\blog-app\actions-runner\bin'
[2025-05-13 14:19:39Z INFO ConfigurationStore] binPath: D:\VTI Academy\DTN2404\Spring Framework\blog-app\actions-runner\bin
[2025-05-13 14:19:39Z INFO HostContext] Well known directory 'Bin': 'D:\VTI Academy\DTN2404\Spring Framework\blog-app\actions-runner\bin'
[2025-05-13 14:19:39Z INFO HostContext] Well known directory 'Root': 'D:\VTI Academy\DTN2404\Spring Framework\blog-app\actions-runner'
[2025-05-13 14:19:39Z INFO ConfigurationStore] RootFolder: D:\VTI Academy\DTN2404\Spring Framework\blog-app\actions-runner
[2025-05-13 14:19:39Z INFO HostContext] Well known directory 'Bin': 'D:\VTI Academy\DTN2404\Spring Framework\blog-app\actions-runner\bin'
[2025-05-13 14:19:39Z INFO HostContext] Well known directory 'Root': 'D:\VTI Academy\DTN2404\Spring Framework\blog-app\actions-runner'
[2025-05-13 14:19:39Z INFO HostContext] Well known config file 'Runner': 'D:\VTI Academy\DTN2404\Spring Framework\blog-app\actions-runner\.runner'
[2025-05-13 14:19:39Z INFO ConfigurationStore] ConfigFilePath: D:\VTI Academy\DTN2404\Spring Framework\blog-app\actions-runner\.runner
[2025-05-13 14:19:39Z INFO HostContext] Well known directory 'Bin': 'D:\VTI Academy\DTN2404\Spring Framework\blog-app\actions-runner\bin'
[2025-05-13 14:19:39Z INFO HostContext] Well known directory 'Root': 'D:\VTI Academy\DTN2404\Spring Framework\blog-app\actions-runner'
[2025-05-13 14:19:39Z INFO HostContext] Well known config file 'MigratedRunner': 'D:\VTI Academy\DTN2404\Spring Framework\blog-app\actions-runner\.runner_migrated'
[2025-05-13 14:19:39Z INFO ConfigurationStore] MigratedConfigFilePath: D:\VTI Academy\DTN2404\Spring Framework\blog-app\actions-runner\.runner_migrated
[2025-05-13 14:19:39Z INFO HostContext] Well known directory 'Bin': 'D:\VTI Academy\DTN2404\Spring Framework\blog-app\actions-runner\bin'
[2025-05-13 14:19:39Z INFO HostContext] Well known directory 'Root': 'D:\VTI Academy\DTN2404\Spring Framework\blog-app\actions-runner'
[2025-05-13 14:19:39Z INFO HostContext] Well known config file 'Credentials': 'D:\VTI Academy\DTN2404\Spring Framework\blog-app\actions-runner\.credentials'
[2025-05-13 14:19:39Z INFO ConfigurationStore] CredFilePath: D:\VTI Academy\DTN2404\Spring Framework\blog-app\actions-runner\.credentials
[2025-05-13 14:19:39Z INFO HostContext] Well known directory 'Bin': 'D:\VTI Academy\DTN2404\Spring Framework\blog-app\actions-runner\bin'
[2025-05-13 14:19:39Z INFO HostContext] Well known directory 'Root': 'D:\VTI Academy\DTN2404\Spring Framework\blog-app\actions-runner'
[2025-05-13 14:19:39Z INFO HostContext] Well known config file 'MigratedCredentials': 'D:\VTI Academy\DTN2404\Spring Framework\blog-app\actions-runner\.credentials_migrated'
[2025-05-13 14:19:39Z INFO ConfigurationStore] MigratedCredFilePath: D:\VTI Academy\DTN2404\Spring Framework\blog-app\actions-runner\.credentials_migrated
[2025-05-13 14:19:39Z INFO HostContext] Well known directory 'Bin': 'D:\VTI Academy\DTN2404\Spring Framework\blog-app\actions-runner\bin'
[2025-05-13 14:19:39Z INFO HostContext] Well known directory 'Root': 'D:\VTI Academy\DTN2404\Spring Framework\blog-app\actions-runner'
[2025-05-13 14:19:39Z INFO HostContext] Well known config file 'Service': 'D:\VTI Academy\DTN2404\Spring Framework\blog-app\actions-runner\.service'
[2025-05-13 14:19:39Z INFO ConfigurationStore] ServiceConfigFilePath: D:\VTI Academy\DTN2404\Spring Framework\blog-app\actions-runner\.service
[2025-05-13 14:19:39Z INFO ConfigurationStore] Read setting file: 306 chars
[2025-05-13 14:19:39Z INFO JobRunner] Initializing launch client
[2025-05-13 14:19:39Z INFO JobServerQueue] Initializing results client
[2025-05-13 14:19:39Z INFO ResultServer] Creating websocket client ...wss://results-receiver.actions.githubusercontent.com/_ws/ingest.sock
[2025-05-13 14:19:39Z INFO ResultServer] Attempting to start websocket client with delay 00:00:00.
[2025-05-13 14:19:39Z INFO JobServerQueue] Start process web console line queue.
[2025-05-13 14:19:39Z INFO JobServerQueue] Start process file upload queue.
[2025-05-13 14:19:39Z INFO JobServerQueue] Start results file upload queue.
[2025-05-13 14:19:39Z INFO JobServerQueue] Starting results-based upload queue...
[2025-05-13 14:19:39Z INFO JobServerQueue] Start process timeline update queue.
[2025-05-13 14:19:39Z INFO ExecutionContext] Initialize GitHub context
[2025-05-13 14:19:39Z INFO ExecutionContext] Initialize Env context
[2025-05-13 14:19:39Z INFO HostContext] Well known directory 'Bin': 'D:\VTI Academy\DTN2404\Spring Framework\blog-app\actions-runner\bin'
[2025-05-13 14:19:39Z INFO HostContext] Well known directory 'Root': 'D:\VTI Academy\DTN2404\Spring Framework\blog-app\actions-runner'
[2025-05-13 14:19:39Z INFO HostContext] Well known directory 'Diag': 'D:\VTI Academy\DTN2404\Spring Framework\blog-app\actions-runner\_diag'
[2025-05-13 14:19:39Z INFO HostContext] Well known directory 'Bin': 'D:\VTI Academy\DTN2404\Spring Framework\blog-app\actions-runner\bin'
[2025-05-13 14:19:39Z INFO HostContext] Well known directory 'Root': 'D:\VTI Academy\DTN2404\Spring Framework\blog-app\actions-runner'
[2025-05-13 14:19:39Z INFO HostContext] Well known directory 'Diag': 'D:\VTI Academy\DTN2404\Spring Framework\blog-app\actions-runner\_diag'
[2025-05-13 14:19:39Z INFO JobRunner] Starting the job execution context.
[2025-05-13 14:19:39Z INFO HostContext] Well known directory 'Bin': 'D:\VTI Academy\DTN2404\Spring Framework\blog-app\actions-runner\bin'
[2025-05-13 14:19:39Z INFO HostContext] Well known directory 'Root': 'D:\VTI Academy\DTN2404\Spring Framework\blog-app\actions-runner'
[2025-05-13 14:19:39Z INFO HostContext] Well known directory 'Work': 'D:\VTI Academy\DTN2404\Spring Framework\blog-app\actions-runner\_work'
[2025-05-13 14:19:39Z INFO JobRunner] Validating directory permissions for: 'D:\VTI Academy\DTN2404\Spring Framework\blog-app\actions-runner\_work'
[2025-05-13 14:19:39Z INFO HostContext] Well known directory 'Bin': 'D:\VTI Academy\DTN2404\Spring Framework\blog-app\actions-runner\bin'
[2025-05-13 14:19:39Z INFO HostContext] Well known directory 'Root': 'D:\VTI Academy\DTN2404\Spring Framework\blog-app\actions-runner'
[2025-05-13 14:19:39Z INFO HostContext] Well known directory 'Work': 'D:\VTI Academy\DTN2404\Spring Framework\blog-app\actions-runner\_work'
[2025-05-13 14:19:39Z INFO HostContext] Well known directory 'Tools': 'D:\VTI Academy\DTN2404\Spring Framework\blog-app\actions-runner\_work\_tool'
[2025-05-13 14:19:39Z INFO HostContext] Well known directory 'Bin': 'D:\VTI Academy\DTN2404\Spring Framework\blog-app\actions-runner\bin'
[2025-05-13 14:19:39Z INFO HostContext] Well known directory 'Root': 'D:\VTI Academy\DTN2404\Spring Framework\blog-app\actions-runner'
[2025-05-13 14:19:39Z INFO HostContext] Well known directory 'Work': 'D:\VTI Academy\DTN2404\Spring Framework\blog-app\actions-runner\_work'
[2025-05-13 14:19:39Z INFO HostContext] Well known directory 'Temp': 'D:\VTI Academy\DTN2404\Spring Framework\blog-app\actions-runner\_work\_temp'
[2025-05-13 14:19:39Z INFO JobRunner] Getting job extension.
[2025-05-13 14:19:39Z INFO JobRunner] Initialize job. Getting all job steps.
[2025-05-13 14:19:39Z INFO HostContext] Well known directory 'Bin': 'D:\VTI Academy\DTN2404\Spring Framework\blog-app\actions-runner\bin'
[2025-05-13 14:19:39Z INFO HostContext] Well known directory 'Root': 'D:\VTI Academy\DTN2404\Spring Framework\blog-app\actions-runner'
[2025-05-13 14:19:39Z INFO HostContext] Well known directory 'Diag': 'D:\VTI Academy\DTN2404\Spring Framework\blog-app\actions-runner\_diag'
[2025-05-13 14:19:39Z INFO HostContext] Well known directory 'Bin': 'D:\VTI Academy\DTN2404\Spring Framework\blog-app\actions-runner\bin'
[2025-05-13 14:19:39Z INFO HostContext] Well known directory 'Root': 'D:\VTI Academy\DTN2404\Spring Framework\blog-app\actions-runner'
[2025-05-13 14:19:39Z INFO HostContext] Well known directory 'Diag': 'D:\VTI Academy\DTN2404\Spring Framework\blog-app\actions-runner\_diag'
[2025-05-13 14:19:39Z INFO HostContext] Well known directory 'Bin': 'D:\VTI Academy\DTN2404\Spring Framework\blog-app\actions-runner\bin'
[2025-05-13 14:19:39Z INFO HostContext] Well known directory 'Root': 'D:\VTI Academy\DTN2404\Spring Framework\blog-app\actions-runner'
[2025-05-13 14:19:39Z INFO HostContext] Well known config file 'Credentials': 'D:\VTI Academy\DTN2404\Spring Framework\blog-app\actions-runner\.credentials'
[2025-05-13 14:19:39Z INFO HostContext] Well known directory 'Bin': 'D:\VTI Academy\DTN2404\Spring Framework\blog-app\actions-runner\bin'
[2025-05-13 14:19:39Z INFO HostContext] Well known directory 'Root': 'D:\VTI Academy\DTN2404\Spring Framework\blog-app\actions-runner'
[2025-05-13 14:19:39Z INFO HostContext] Well known config file 'SetupInfo': 'D:\VTI Academy\DTN2404\Spring Framework\blog-app\actions-runner\.setup_info'
[2025-05-13 14:19:39Z INFO HostContext] Well known directory 'Bin': 'D:\VTI Academy\DTN2404\Spring Framework\blog-app\actions-runner\bin'
[2025-05-13 14:19:39Z INFO HostContext] Well known directory 'Root': 'D:\VTI Academy\DTN2404\Spring Framework\blog-app\actions-runner'
[2025-05-13 14:19:39Z INFO HostContext] Well known directory 'Work': 'D:\VTI Academy\DTN2404\Spring Framework\blog-app\actions-runner\_work'
[2025-05-13 14:19:39Z INFO PipelineDirectoryManager] Loading tracking config if exists: D:\VTI Academy\DTN2404\Spring Framework\blog-app\actions-runner\_work\_PipelineMapping\Hungpham2k4/test\PipelineFolder.json
[2025-05-13 14:19:39Z INFO PipelineDirectoryManager] Updating job run properties.
[2025-05-13 14:19:39Z INFO HostContext] Well known directory 'Bin': 'D:\VTI Academy\DTN2404\Spring Framework\blog-app\actions-runner\bin'
[2025-05-13 14:19:39Z INFO HostContext] Well known directory 'Root': 'D:\VTI Academy\DTN2404\Spring Framework\blog-app\actions-runner'
[2025-05-13 14:19:39Z INFO HostContext] Well known directory 'Work': 'D:\VTI Academy\DTN2404\Spring Framework\blog-app\actions-runner\_work'
[2025-05-13 14:19:39Z INFO HostContext] Well known directory 'Bin': 'D:\VTI Academy\DTN2404\Spring Framework\blog-app\actions-runner\bin'
[2025-05-13 14:19:39Z INFO HostContext] Well known directory 'Root': 'D:\VTI Academy\DTN2404\Spring Framework\blog-app\actions-runner'
[2025-05-13 14:19:39Z INFO HostContext] Well known directory 'Work': 'D:\VTI Academy\DTN2404\Spring Framework\blog-app\actions-runner\_work'
[2025-05-13 14:19:39Z INFO HostContext] Well known directory 'Bin': 'D:\VTI Academy\DTN2404\Spring Framework\blog-app\actions-runner\bin'
[2025-05-13 14:19:39Z INFO HostContext] Well known directory 'Root': 'D:\VTI Academy\DTN2404\Spring Framework\blog-app\actions-runner'
[2025-05-13 14:19:39Z INFO HostContext] Well known directory 'Work': 'D:\VTI Academy\DTN2404\Spring Framework\blog-app\actions-runner\_work'
[2025-05-13 14:19:39Z INFO JobExtension] Downloading actions
[2025-05-13 14:19:39Z INFO HostContext] Well known directory 'Bin': 'D:\VTI Academy\DTN2404\Spring Framework\blog-app\actions-runner\bin'
[2025-05-13 14:19:39Z INFO HostContext] Well known directory 'Root': 'D:\VTI Academy\DTN2404\Spring Framework\blog-app\actions-runner'
[2025-05-13 14:19:39Z INFO HostContext] Well known directory 'Work': 'D:\VTI Academy\DTN2404\Spring Framework\blog-app\actions-runner\_work'
[2025-05-13 14:19:39Z INFO HostContext] Well known directory 'Actions': 'D:\VTI Academy\DTN2404\Spring Framework\blog-app\actions-runner\_work\_actions'
[2025-05-13 14:19:39Z INFO JobExtension] Adding .
[2025-05-13 14:19:39Z INFO HostContext] Well known directory 'Bin': 'D:\VTI Academy\DTN2404\Spring Framework\blog-app\actions-runner\bin'
[2025-05-13 14:19:39Z INFO HostContext] Well known directory 'Root': 'D:\VTI Academy\DTN2404\Spring Framework\blog-app\actions-runner'
[2025-05-13 14:19:39Z INFO HostContext] Well known directory 'Diag': 'D:\VTI Academy\DTN2404\Spring Framework\blog-app\actions-runner\_diag'
[2025-05-13 14:19:39Z INFO HostContext] Well known directory 'Bin': 'D:\VTI Academy\DTN2404\Spring Framework\blog-app\actions-runner\bin'
[2025-05-13 14:19:39Z INFO HostContext] Well known directory 'Root': 'D:\VTI Academy\DTN2404\Spring Framework\blog-app\actions-runner'
[2025-05-13 14:19:39Z INFO HostContext] Well known directory 'Diag': 'D:\VTI Academy\DTN2404\Spring Framework\blog-app\actions-runner\_diag'
[2025-05-13 14:19:39Z INFO JobExtension] Total accessible running process: 267.
[2025-05-13 14:19:39Z INFO HostContext] Well known directory 'Bin': 'D:\VTI Academy\DTN2404\Spring Framework\blog-app\actions-runner\bin'
[2025-05-13 14:19:39Z INFO HostContext] Well known directory 'Root': 'D:\VTI Academy\DTN2404\Spring Framework\blog-app\actions-runner'
[2025-05-13 14:19:39Z INFO HostContext] Well known directory 'Work': 'D:\VTI Academy\DTN2404\Spring Framework\blog-app\actions-runner\_work'
[2025-05-13 14:19:39Z INFO JobExtension] Start checking service connectivity in background.
[2025-05-13 14:19:39Z INFO ExecutionContext] Publish step telemetry for current step {
  "action": "setup_job",
  "type": "runner",
  "stage": "Pre",
  "stepId": "8af97eed-9a21-4017-80f2-84108560ff8e",
  "result": "succeeded",
  "errorMessages": [],
  "executionTimeInSeconds": 1,
  "startTime": "2025-05-13T14:19:39.5919869Z",
  "finishTime": "2025-05-13T14:19:39.6427835Z"
}.
[2025-05-13 14:19:39Z INFO JobRunner] Total job steps: 1.
[2025-05-13 14:19:39Z INFO JobRunner] Run all job steps.
[2025-05-13 14:19:39Z INFO StepsRunner] Processing step: DisplayName='Send Telegram message'
[2025-05-13 14:19:39Z INFO StepsRunner] Evaluating: success()
[2025-05-13 14:19:39Z INFO StepsRunner] Result: true
[2025-05-13 14:19:39Z INFO StepsRunner] Starting the step.
[2025-05-13 14:19:39Z INFO HostContext] Well known directory 'Bin': 'D:\VTI Academy\DTN2404\Spring Framework\blog-app\actions-runner\bin'
[2025-05-13 14:19:39Z INFO HostContext] Well known directory 'Root': 'D:\VTI Academy\DTN2404\Spring Framework\blog-app\actions-runner'
[2025-05-13 14:19:39Z INFO HostContext] Well known directory 'Work': 'D:\VTI Academy\DTN2404\Spring Framework\blog-app\actions-runner\_work'
[2025-05-13 14:19:39Z INFO HostContext] Well known directory 'Temp': 'D:\VTI Academy\DTN2404\Spring Framework\blog-app\actions-runner\_work\_temp'
[2025-05-13 14:19:39Z INFO ExecutionContext] Write event payload to D:\VTI Academy\DTN2404\Spring Framework\blog-app\actions-runner\_work\_temp\_github_workflow\event.json
[2025-05-13 14:19:39Z INFO HostContext] Well known directory 'Bin': 'D:\VTI Academy\DTN2404\Spring Framework\blog-app\actions-runner\bin'
[2025-05-13 14:19:39Z INFO HostContext] Well known directory 'Root': 'D:\VTI Academy\DTN2404\Spring Framework\blog-app\actions-runner'
[2025-05-13 14:19:39Z INFO HostContext] Well known directory 'Work': 'D:\VTI Academy\DTN2404\Spring Framework\blog-app\actions-runner\_work'
[2025-05-13 14:19:39Z INFO HostContext] Well known directory 'Temp': 'D:\VTI Academy\DTN2404\Spring Framework\blog-app\actions-runner\_work\_temp'
[2025-05-13 14:19:39Z INFO ExtensionManager] Getting extensions for interface: 'GitHub.Runner.Worker.IFileCommandExtension'
[2025-05-13 14:19:39Z INFO ExtensionManager] Creating instance: GitHub.Runner.Worker.AddPathFileCommand, Runner.Worker
[2025-05-13 14:19:39Z INFO ExtensionManager] Creating instance: GitHub.Runner.Worker.SetEnvFileCommand, Runner.Worker
[2025-05-13 14:19:39Z INFO ExtensionManager] Creating instance: GitHub.Runner.Worker.CreateStepSummaryCommand, Runner.Worker
[2025-05-13 14:19:39Z INFO ExtensionManager] Creating instance: GitHub.Runner.Worker.SaveStateFileCommand, Runner.Worker
[2025-05-13 14:19:39Z INFO ExtensionManager] Creating instance: GitHub.Runner.Worker.SetOutputFileCommand, Runner.Worker
[2025-05-13 14:19:39Z INFO ExtensionManager] Getting extensions for interface: 'GitHub.Runner.Worker.IActionCommandExtension'
[2025-05-13 14:19:39Z INFO ExtensionManager] Creating instance: GitHub.Runner.Worker.InternalPluginSetRepoPathCommandExtension, Runner.Worker
[2025-05-13 14:19:39Z INFO ExtensionManager] Creating instance: GitHub.Runner.Worker.SetEnvCommandExtension, Runner.Worker
[2025-05-13 14:19:39Z INFO ExtensionManager] Creating instance: GitHub.Runner.Worker.SetOutputCommandExtension, Runner.Worker
[2025-05-13 14:19:39Z INFO ExtensionManager] Creating instance: GitHub.Runner.Worker.SaveStateCommandExtension, Runner.Worker
[2025-05-13 14:19:39Z INFO ExtensionManager] Creating instance: GitHub.Runner.Worker.AddPathCommandExtension, Runner.Worker
[2025-05-13 14:19:39Z INFO ExtensionManager] Creating instance: GitHub.Runner.Worker.AddMaskCommandExtension, Runner.Worker
[2025-05-13 14:19:39Z INFO ExtensionManager] Creating instance: GitHub.Runner.Worker.AddMatcherCommandExtension, Runner.Worker
[2025-05-13 14:19:39Z INFO ExtensionManager] Creating instance: GitHub.Runner.Worker.RemoveMatcherCommandExtension, Runner.Worker
[2025-05-13 14:19:39Z INFO ExtensionManager] Creating instance: GitHub.Runner.Worker.WarningCommandExtension, Runner.Worker
[2025-05-13 14:19:39Z INFO ExtensionManager] Creating instance: GitHub.Runner.Worker.ErrorCommandExtension, Runner.Worker
[2025-05-13 14:19:39Z INFO ExtensionManager] Creating instance: GitHub.Runner.Worker.NoticeCommandExtension, Runner.Worker
[2025-05-13 14:19:39Z INFO ExtensionManager] Creating instance: GitHub.Runner.Worker.DebugCommandExtension, Runner.Worker
[2025-05-13 14:19:39Z INFO ExtensionManager] Creating instance: GitHub.Runner.Worker.GroupCommandExtension, Runner.Worker
[2025-05-13 14:19:39Z INFO ExtensionManager] Creating instance: GitHub.Runner.Worker.EndGroupCommandExtension, Runner.Worker
[2025-05-13 14:19:39Z INFO ExtensionManager] Creating instance: GitHub.Runner.Worker.EchoCommandExtension, Runner.Worker
[2025-05-13 14:19:39Z INFO ActionCommandManager] Register action command extension for command internal-set-repo-path
[2025-05-13 14:19:39Z INFO ActionCommandManager] Register action command extension for command set-env
[2025-05-13 14:19:39Z INFO ActionCommandManager] Register action command extension for command set-output
[2025-05-13 14:19:39Z INFO ActionCommandManager] Register action command extension for command save-state
[2025-05-13 14:19:39Z INFO ActionCommandManager] Register action command extension for command add-path
[2025-05-13 14:19:39Z INFO ActionCommandManager] Register action command extension for command add-mask
[2025-05-13 14:19:39Z INFO ActionCommandManager] Register action command extension for command add-matcher
[2025-05-13 14:19:39Z INFO ActionCommandManager] Register action command extension for command remove-matcher
[2025-05-13 14:19:39Z INFO ActionCommandManager] Register action command extension for command warning
[2025-05-13 14:19:39Z INFO ActionCommandManager] Register action command extension for command error
[2025-05-13 14:19:39Z INFO ActionCommandManager] Register action command extension for command notice
[2025-05-13 14:19:39Z INFO ActionCommandManager] Register action command extension for command debug
[2025-05-13 14:19:39Z INFO ActionCommandManager] Register action command extension for command group
[2025-05-13 14:19:39Z INFO ActionCommandManager] Register action command extension for command endgroup
[2025-05-13 14:19:39Z INFO ActionCommandManager] Register action command extension for command echo
[2025-05-13 14:19:39Z INFO ScriptHandler] Which2: 'powershell'
[2025-05-13 14:19:39Z INFO ScriptHandler] Location: 'C:\Windows\System32\WindowsPowerShell\v1.0\powershell.EXE'
[2025-05-13 14:19:39Z INFO HostContext] Well known directory 'Bin': 'D:\VTI Academy\DTN2404\Spring Framework\blog-app\actions-runner\bin'
[2025-05-13 14:19:39Z INFO HostContext] Well known directory 'Root': 'D:\VTI Academy\DTN2404\Spring Framework\blog-app\actions-runner'
[2025-05-13 14:19:39Z INFO HostContext] Well known directory 'Work': 'D:\VTI Academy\DTN2404\Spring Framework\blog-app\actions-runner\_work'
[2025-05-13 14:19:39Z INFO HostContext] Well known directory 'Temp': 'D:\VTI Academy\DTN2404\Spring Framework\blog-app\actions-runner\_work\_temp'
[2025-05-13 14:19:39Z INFO ScriptHandler] Which2: 'powershell'
[2025-05-13 14:19:39Z INFO ScriptHandler] Location: 'C:\Windows\System32\WindowsPowerShell\v1.0\powershell.EXE'
[2025-05-13 14:19:39Z INFO ProcessInvokerWrapper] Starting process:
[2025-05-13 14:19:39Z INFO ProcessInvokerWrapper]   File name: 'C:\Windows\System32\WindowsPowerShell\v1.0\powershell.EXE'
[2025-05-13 14:19:39Z INFO ProcessInvokerWrapper]   Arguments: '-command ". 'D:\VTI Academy\DTN2404\Spring Framework\blog-app\actions-runner\_work\_temp\b26665bd-6059-433c-a8a8-b29e3d4efc8d.ps1'"'
[2025-05-13 14:19:39Z INFO ProcessInvokerWrapper]   Working directory: 'D:\VTI Academy\DTN2404\Spring Framework\blog-app\actions-runner\_work\test\test'
[2025-05-13 14:19:39Z INFO ProcessInvokerWrapper]   Require exit code zero: 'False'
[2025-05-13 14:19:39Z INFO ProcessInvokerWrapper]   Encoding web name:  ; code page: ''
[2025-05-13 14:19:39Z INFO ProcessInvokerWrapper]   Force kill process on cancellation: 'False'
[2025-05-13 14:19:39Z INFO ProcessInvokerWrapper]   Redirected STDIN: 'False'
[2025-05-13 14:19:39Z INFO ProcessInvokerWrapper]   Persist current code page: 'True'
[2025-05-13 14:19:39Z INFO ProcessInvokerWrapper]   Keep redirected STDIN open: 'False'
[2025-05-13 14:19:39Z INFO ProcessInvokerWrapper]   High priority process: 'False'
[2025-05-13 14:19:39Z INFO ProcessInvokerWrapper] Process started with process id 1060, waiting for process exit.
[2025-05-13 14:19:39Z INFO Worker] Listening for cancel message from the channel.
[2025-05-13 14:19:39Z INFO Worker] Waiting for the job to complete or for a cancel message from the channel.
[2025-05-13 14:19:40Z INFO ResultServer] Successfully started websocket client.
[2025-05-13 14:19:40Z INFO JobServerQueue] Try to append 1 batches web console lines for record '8af97eed-9a21-4017-80f2-84108560ff8e', success rate: 1/1.
[2025-05-13 14:19:40Z INFO JobServerQueue] Try to append 1 batches web console lines for record '649c67b1-3518-446c-9aa4-aba1711a6289', success rate: 1/1.
[2025-05-13 14:19:40Z INFO JobServerQueue] Got a step log file to send to results service.
[2025-05-13 14:19:40Z INFO JobServerQueue] Starting upload of step log file to results service ResultsLog, D:\VTI Academy\DTN2404\Spring Framework\blog-app\actions-runner\_diag\blocks\ce9fe8c0-22e1-4822-906d-d6f34a070d66_8af97eed-9a21-4017-80f2-84108560ff8e.1
[2025-05-13 14:19:40Z INFO JobServerQueue] Try to upload 1 log files or attachments, success rate: 1/1.
[2025-05-13 14:19:40Z INFO JobServerQueue] Try to append 1 batches web console lines for record '649c67b1-3518-446c-9aa4-aba1711a6289', success rate: 1/1.
[2025-05-13 14:19:40Z INFO JobServerQueue] Job timeline record has been updated for the first time.
[2025-05-13 14:19:41Z INFO ProcessInvokerWrapper] STDOUT/STDERR stream read finished.
[2025-05-13 14:19:41Z INFO ProcessInvokerWrapper] STDOUT/STDERR stream read finished.
[2025-05-13 14:19:41Z INFO ProcessInvokerWrapper] Finished process 1060 with exit code 1, and elapsed time 00:00:02.2650400.
[2025-05-13 14:19:41Z INFO CreateStepSummaryCommand] Step Summary file (D:\VTI Academy\DTN2404\Spring Framework\blog-app\actions-runner\_work\_temp\_runner_file_commands\step_summary_4f7a800c-f54b-474b-8f6d-34d2631f4046) is empty; skipping attachment upload
[2025-05-13 14:19:41Z INFO StepsRunner] Step result: Failed
[2025-05-13 14:19:41Z INFO ExecutionContext] Publish step telemetry for current step {
  "action": "powershell",
  "type": "run",
  "stage": "Main",
  "stepId": "649c67b1-3518-446c-9aa4-aba1711a6289",
  "stepContextName": "__run",
  "result": "failed",
  "errorMessages": [
    "Process completed with exit code 1."
  ],
  "executionTimeInSeconds": 3,
  "startTime": "2025-05-13T14:19:39.6504153Z",
  "finishTime": "2025-05-13T14:19:41.9674636Z"
}.
[2025-05-13 14:19:41Z INFO StepsRunner] Update job result with current step result 'Failed'.
[2025-05-13 14:19:41Z INFO StepsRunner] Current state: job state = 'Failed'
[2025-05-13 14:19:41Z INFO JobRunner] Finalize job.
[2025-05-13 14:19:41Z INFO HostContext] Well known directory 'Bin': 'D:\VTI Academy\DTN2404\Spring Framework\blog-app\actions-runner\bin'
[2025-05-13 14:19:41Z INFO HostContext] Well known directory 'Root': 'D:\VTI Academy\DTN2404\Spring Framework\blog-app\actions-runner'
[2025-05-13 14:19:41Z INFO HostContext] Well known directory 'Diag': 'D:\VTI Academy\DTN2404\Spring Framework\blog-app\actions-runner\_diag'
[2025-05-13 14:19:41Z INFO HostContext] Well known directory 'Bin': 'D:\VTI Academy\DTN2404\Spring Framework\blog-app\actions-runner\bin'
[2025-05-13 14:19:41Z INFO HostContext] Well known directory 'Root': 'D:\VTI Academy\DTN2404\Spring Framework\blog-app\actions-runner'
[2025-05-13 14:19:41Z INFO HostContext] Well known directory 'Diag': 'D:\VTI Academy\DTN2404\Spring Framework\blog-app\actions-runner\_diag'
[2025-05-13 14:19:41Z INFO JobExtension] Initialize Env context
[2025-05-13 14:19:41Z INFO JobExtension] Initialize steps context
[2025-05-13 14:19:41Z INFO JobExtension] Total accessible running process: 267.
[2025-05-13 14:19:41Z INFO ExecutionContext] Publish step telemetry for current step {
  "action": "complete_job",
  "type": "runner",
  "stage": "Post",
  "stepId": "1b70e50d-3270-468a-94ec-c4c7c0eb3464",
  "result": "succeeded",
  "errorMessages": [],
  "executionTimeInSeconds": 1,
  "startTime": "2025-05-13T14:19:41.9723895Z",
  "finishTime": "2025-05-13T14:19:41.9846412Z"
}.
[2025-05-13 14:19:41Z INFO JobRunner] Job result after all job steps finish: Failed
[2025-05-13 14:19:41Z INFO JobRunner] Completing the job execution context.
[2025-05-13 14:19:41Z INFO JobRunner] Shutting down the job server queue.
[2025-05-13 14:19:41Z INFO JobServerQueue] Fire signal to shutdown all queues.
[2025-05-13 14:19:42Z INFO JobServerQueue] Tried to upload 1 file(s) to results, success rate: 1/1.
[2025-05-13 14:19:43Z INFO JobServerQueue] All queue process task stopped.
[2025-05-13 14:19:43Z INFO JobServerQueue] Try to append 1 batches web console lines for record '649c67b1-3518-446c-9aa4-aba1711a6289', success rate: 1/1.
[2025-05-13 14:19:43Z INFO JobServerQueue] Try to append 1 batches web console lines for record '1b70e50d-3270-468a-94ec-c4c7c0eb3464', success rate: 1/1.
[2025-05-13 14:19:43Z INFO JobServerQueue] Web console line queue drained.
[2025-05-13 14:19:43Z INFO JobServerQueue] Uploading 3 files in one shot.
[2025-05-13 14:19:43Z INFO JobServerQueue] Try to upload 3 log files or attachments, success rate: 3/3.
[2025-05-13 14:19:43Z INFO JobServerQueue] File upload queue drained.
[2025-05-13 14:19:43Z INFO JobServerQueue] Starting results-based upload queue...
[2025-05-13 14:19:43Z INFO JobServerQueue] Uploading 3 file(s) in one shot through results service.
[2025-05-13 14:19:43Z INFO JobServerQueue] Got a step log file to send to results service.
[2025-05-13 14:19:43Z INFO JobServerQueue] Starting upload of step log file to results service ResultsLog, D:\VTI Academy\DTN2404\Spring Framework\blog-app\actions-runner\_diag\blocks\ce9fe8c0-22e1-4822-906d-d6f34a070d66_649c67b1-3518-446c-9aa4-aba1711a6289.1
[2025-05-13 14:19:44Z INFO JobServerQueue] Got a step log file to send to results service.
[2025-05-13 14:19:44Z INFO JobServerQueue] Starting upload of step log file to results service ResultsLog, D:\VTI Academy\DTN2404\Spring Framework\blog-app\actions-runner\_diag\blocks\ce9fe8c0-22e1-4822-906d-d6f34a070d66_1b70e50d-3270-468a-94ec-c4c7c0eb3464.1
[2025-05-13 14:19:45Z INFO JobServerQueue] Got a job log file to send to results service.
[2025-05-13 14:19:45Z INFO JobServerQueue] Starting upload of job log file to results service ResultsLog, D:\VTI Academy\DTN2404\Spring Framework\blog-app\actions-runner\_diag\blocks\ce9fe8c0-22e1-4822-906d-d6f34a070d66_4b5a3d24-b58e-5a4c-ae14-7995ce807252.1
[2025-05-13 14:19:46Z INFO JobServerQueue] Tried to upload 3 file(s) to results, success rate: 3/3.
[2025-05-13 14:19:46Z INFO JobServerQueue] Results upload queue drained.
[2025-05-13 14:19:46Z INFO JobServerQueue] Timeline update queue drained.
[2025-05-13 14:19:46Z INFO JobServerQueue] Disposing job server ...
[2025-05-13 14:19:46Z INFO JobServerQueue] Disposing results server ...
[2025-05-13 14:19:46Z INFO JobServerQueue] All queue process tasks have been stopped, and all queues are drained.
[2025-05-13 14:19:46Z INFO TempDirectoryManager] Cleaning runner temp folder: D:\VTI Academy\DTN2404\Spring Framework\blog-app\actions-runner\_work\_temp
[2025-05-13 14:19:46Z INFO HostContext] Well known directory 'Bin': 'D:\VTI Academy\DTN2404\Spring Framework\blog-app\actions-runner\bin'
[2025-05-13 14:19:46Z INFO HostContext] Well known directory 'Root': 'D:\VTI Academy\DTN2404\Spring Framework\blog-app\actions-runner'
[2025-05-13 14:19:46Z INFO HostContext] Well known directory 'Diag': 'D:\VTI Academy\DTN2404\Spring Framework\blog-app\actions-runner\_diag'
[2025-05-13 14:19:46Z INFO HostContext] Well known config file 'Telemetry': 'D:\VTI Academy\DTN2404\Spring Framework\blog-app\actions-runner\_diag\.telemetry'
[2025-05-13 14:19:46Z INFO JobRunner] Raising job completed against run service
[2025-05-13 14:19:47Z INFO Worker] Job completed.
